{"/Users/chimereucheya/Documents/more-recipes/server/tests/test.js":{"path":"/Users/chimereucheya/Documents/more-recipes/server/tests/test.js","statementMap":{"0":{"start":{"line":3,"column":12},"end":{"line":3,"column":27}},"1":{"start":{"line":5,"column":13},"end":{"line":5,"column":42}},"2":{"start":{"line":7,"column":14},"end":{"line":7,"column":31}},"3":{"start":{"line":9,"column":15},"end":{"line":9,"column":46}},"4":{"start":{"line":11,"column":16},"end":{"line":11,"column":36}},"5":{"start":{"line":13,"column":17},"end":{"line":13,"column":50}},"6":{"start":{"line":15,"column":11},"end":{"line":15,"column":28}},"7":{"start":{"line":17,"column":12},"end":{"line":17,"column":40}},"8":{"start":{"line":19,"column":39},"end":{"line":19,"column":93}},"9":{"start":{"line":21,"column":0},"end":{"line":21,"column":39}},"10":{"start":{"line":23,"column":0},"end":{"line":138,"column":3}},"11":{"start":{"line":24,"column":2},"end":{"line":30,"column":5}},"12":{"start":{"line":25,"column":4},"end":{"line":28,"column":7}},"13":{"start":{"line":26,"column":6},"end":{"line":26,"column":53}},"14":{"start":{"line":27,"column":6},"end":{"line":27,"column":88}},"15":{"start":{"line":29,"column":4},"end":{"line":29,"column":11}},"16":{"start":{"line":32,"column":2},"end":{"line":40,"column":5}},"17":{"start":{"line":33,"column":4},"end":{"line":38,"column":7}},"18":{"start":{"line":36,"column":6},"end":{"line":36,"column":53}},"19":{"start":{"line":37,"column":6},"end":{"line":37,"column":85}},"20":{"start":{"line":39,"column":4},"end":{"line":39,"column":11}},"21":{"start":{"line":42,"column":2},"end":{"line":51,"column":5}},"22":{"start":{"line":43,"column":4},"end":{"line":49,"column":7}},"23":{"start":{"line":47,"column":6},"end":{"line":47,"column":53}},"24":{"start":{"line":48,"column":6},"end":{"line":48,"column":88}},"25":{"start":{"line":50,"column":4},"end":{"line":50,"column":11}},"26":{"start":{"line":53,"column":2},"end":{"line":63,"column":5}},"27":{"start":{"line":54,"column":4},"end":{"line":61,"column":7}},"28":{"start":{"line":59,"column":6},"end":{"line":59,"column":53}},"29":{"start":{"line":60,"column":6},"end":{"line":60,"column":94}},"30":{"start":{"line":62,"column":4},"end":{"line":62,"column":11}},"31":{"start":{"line":65,"column":2},"end":{"line":75,"column":5}},"32":{"start":{"line":66,"column":4},"end":{"line":73,"column":7}},"33":{"start":{"line":71,"column":6},"end":{"line":71,"column":53}},"34":{"start":{"line":72,"column":6},"end":{"line":72,"column":83}},"35":{"start":{"line":74,"column":4},"end":{"line":74,"column":11}},"36":{"start":{"line":77,"column":2},"end":{"line":83,"column":5}},"37":{"start":{"line":78,"column":4},"end":{"line":81,"column":7}},"38":{"start":{"line":79,"column":6},"end":{"line":79,"column":53}},"39":{"start":{"line":80,"column":6},"end":{"line":80,"column":85}},"40":{"start":{"line":82,"column":4},"end":{"line":82,"column":11}},"41":{"start":{"line":85,"column":2},"end":{"line":93,"column":5}},"42":{"start":{"line":86,"column":4},"end":{"line":91,"column":7}},"43":{"start":{"line":89,"column":6},"end":{"line":89,"column":53}},"44":{"start":{"line":90,"column":6},"end":{"line":90,"column":88}},"45":{"start":{"line":92,"column":4},"end":{"line":92,"column":11}},"46":{"start":{"line":95,"column":2},"end":{"line":104,"column":5}},"47":{"start":{"line":96,"column":4},"end":{"line":102,"column":7}},"48":{"start":{"line":100,"column":6},"end":{"line":100,"column":53}},"49":{"start":{"line":101,"column":6},"end":{"line":101,"column":75}},"50":{"start":{"line":103,"column":4},"end":{"line":103,"column":11}},"51":{"start":{"line":106,"column":2},"end":{"line":115,"column":5}},"52":{"start":{"line":107,"column":4},"end":{"line":113,"column":7}},"53":{"start":{"line":111,"column":6},"end":{"line":111,"column":53}},"54":{"start":{"line":112,"column":6},"end":{"line":112,"column":82}},"55":{"start":{"line":114,"column":4},"end":{"line":114,"column":11}},"56":{"start":{"line":117,"column":2},"end":{"line":126,"column":5}},"57":{"start":{"line":118,"column":4},"end":{"line":124,"column":7}},"58":{"start":{"line":122,"column":6},"end":{"line":122,"column":53}},"59":{"start":{"line":123,"column":6},"end":{"line":123,"column":82}},"60":{"start":{"line":125,"column":4},"end":{"line":125,"column":11}},"61":{"start":{"line":128,"column":2},"end":{"line":137,"column":5}},"62":{"start":{"line":129,"column":4},"end":{"line":135,"column":7}},"63":{"start":{"line":133,"column":6},"end":{"line":133,"column":53}},"64":{"start":{"line":134,"column":6},"end":{"line":134,"column":66}},"65":{"start":{"line":136,"column":4},"end":{"line":136,"column":11}}},"fnMap":{"0":{"name":"_interopRequireDefault","decl":{"start":{"line":19,"column":9},"end":{"line":19,"column":31}},"loc":{"start":{"line":19,"column":37},"end":{"line":19,"column":95}},"line":19},"1":{"name":"(anonymous_1)","decl":{"start":{"line":23,"column":25},"end":{"line":23,"column":26}},"loc":{"start":{"line":23,"column":37},"end":{"line":138,"column":1}},"line":23},"2":{"name":"(anonymous_2)","decl":{"start":{"line":24,"column":51},"end":{"line":24,"column":52}},"loc":{"start":{"line":24,"column":67},"end":{"line":30,"column":3}},"line":24},"3":{"name":"(anonymous_3)","decl":{"start":{"line":25,"column":84},"end":{"line":25,"column":85}},"loc":{"start":{"line":25,"column":104},"end":{"line":28,"column":5}},"line":25},"4":{"name":"(anonymous_4)","decl":{"start":{"line":32,"column":48},"end":{"line":32,"column":49}},"loc":{"start":{"line":32,"column":64},"end":{"line":40,"column":3}},"line":32},"5":{"name":"(anonymous_5)","decl":{"start":{"line":35,"column":11},"end":{"line":35,"column":12}},"loc":{"start":{"line":35,"column":31},"end":{"line":38,"column":5}},"line":35},"6":{"name":"(anonymous_6)","decl":{"start":{"line":42,"column":51},"end":{"line":42,"column":52}},"loc":{"start":{"line":42,"column":67},"end":{"line":51,"column":3}},"line":42},"7":{"name":"(anonymous_7)","decl":{"start":{"line":46,"column":11},"end":{"line":46,"column":12}},"loc":{"start":{"line":46,"column":31},"end":{"line":49,"column":5}},"line":46},"8":{"name":"(anonymous_8)","decl":{"start":{"line":53,"column":68},"end":{"line":53,"column":69}},"loc":{"start":{"line":53,"column":84},"end":{"line":63,"column":3}},"line":53},"9":{"name":"(anonymous_9)","decl":{"start":{"line":58,"column":11},"end":{"line":58,"column":12}},"loc":{"start":{"line":58,"column":31},"end":{"line":61,"column":5}},"line":58},"10":{"name":"(anonymous_10)","decl":{"start":{"line":65,"column":42},"end":{"line":65,"column":43}},"loc":{"start":{"line":65,"column":58},"end":{"line":75,"column":3}},"line":65},"11":{"name":"(anonymous_11)","decl":{"start":{"line":70,"column":11},"end":{"line":70,"column":12}},"loc":{"start":{"line":70,"column":31},"end":{"line":73,"column":5}},"line":70},"12":{"name":"(anonymous_12)","decl":{"start":{"line":77,"column":48},"end":{"line":77,"column":49}},"loc":{"start":{"line":77,"column":64},"end":{"line":83,"column":3}},"line":77},"13":{"name":"(anonymous_13)","decl":{"start":{"line":78,"column":84},"end":{"line":78,"column":85}},"loc":{"start":{"line":78,"column":104},"end":{"line":81,"column":5}},"line":78},"14":{"name":"(anonymous_14)","decl":{"start":{"line":85,"column":51},"end":{"line":85,"column":52}},"loc":{"start":{"line":85,"column":67},"end":{"line":93,"column":3}},"line":85},"15":{"name":"(anonymous_15)","decl":{"start":{"line":88,"column":11},"end":{"line":88,"column":12}},"loc":{"start":{"line":88,"column":31},"end":{"line":91,"column":5}},"line":88},"16":{"name":"(anonymous_16)","decl":{"start":{"line":95,"column":53},"end":{"line":95,"column":54}},"loc":{"start":{"line":95,"column":69},"end":{"line":104,"column":3}},"line":95},"17":{"name":"(anonymous_17)","decl":{"start":{"line":99,"column":11},"end":{"line":99,"column":12}},"loc":{"start":{"line":99,"column":31},"end":{"line":102,"column":5}},"line":99},"18":{"name":"(anonymous_18)","decl":{"start":{"line":106,"column":61},"end":{"line":106,"column":62}},"loc":{"start":{"line":106,"column":77},"end":{"line":115,"column":3}},"line":106},"19":{"name":"(anonymous_19)","decl":{"start":{"line":110,"column":11},"end":{"line":110,"column":12}},"loc":{"start":{"line":110,"column":31},"end":{"line":113,"column":5}},"line":110},"20":{"name":"(anonymous_20)","decl":{"start":{"line":117,"column":61},"end":{"line":117,"column":62}},"loc":{"start":{"line":117,"column":77},"end":{"line":126,"column":3}},"line":117},"21":{"name":"(anonymous_21)","decl":{"start":{"line":121,"column":11},"end":{"line":121,"column":12}},"loc":{"start":{"line":121,"column":31},"end":{"line":124,"column":5}},"line":121},"22":{"name":"(anonymous_22)","decl":{"start":{"line":128,"column":40},"end":{"line":128,"column":41}},"loc":{"start":{"line":128,"column":56},"end":{"line":137,"column":3}},"line":128},"23":{"name":"(anonymous_23)","decl":{"start":{"line":132,"column":11},"end":{"line":132,"column":12}},"loc":{"start":{"line":132,"column":31},"end":{"line":135,"column":5}},"line":132}},"branchMap":{"0":{"loc":{"start":{"line":19,"column":46},"end":{"line":19,"column":92}},"type":"cond-expr","locations":[{"start":{"line":19,"column":70},"end":{"line":19,"column":73}},{"start":{"line":19,"column":76},"end":{"line":19,"column":92}}],"line":19},"1":{"loc":{"start":{"line":19,"column":46},"end":{"line":19,"column":67}},"type":"binary-expr","locations":[{"start":{"line":19,"column":46},"end":{"line":19,"column":49}},{"start":{"line":19,"column":53},"end":{"line":19,"column":67}}],"line":19}},"s":{"0":1,"1":1,"2":1,"3":1,"4":1,"5":1,"6":1,"7":1,"8":4,"9":1,"10":1,"11":1,"12":1,"13":1,"14":1,"15":1,"16":1,"17":1,"18":1,"19":1,"20":1,"21":1,"22":1,"23":1,"24":1,"25":1,"26":1,"27":1,"28":1,"29":1,"30":1,"31":1,"32":1,"33":1,"34":1,"35":1,"36":1,"37":1,"38":1,"39":1,"40":1,"41":1,"42":1,"43":1,"44":1,"45":1,"46":1,"47":1,"48":1,"49":1,"50":1,"51":1,"52":1,"53":1,"54":0,"55":1,"56":1,"57":1,"58":0,"59":0,"60":1,"61":1,"62":1,"63":0,"64":0,"65":1},"f":{"0":4,"1":1,"2":1,"3":1,"4":1,"5":1,"6":1,"7":1,"8":1,"9":1,"10":1,"11":1,"12":1,"13":1,"14":1,"15":1,"16":1,"17":1,"18":1,"19":1,"20":1,"21":0,"22":1,"23":0},"b":{"0":[1,3],"1":[4,4]},"_coverageSchema":"332fd63041d2c1bcb487cc26dd0d5f7d97098a6c","hash":"9314853303069d646abc810c19cd73109744bba5","contentHash":"a7f7450e5185c03477d6dbac2df995b2_11.3.0"},"/Users/chimereucheya/Documents/more-recipes/server/app.js":{"path":"/Users/chimereucheya/Documents/more-recipes/server/app.js","statementMap":{"0":{"start":{"line":3,"column":0},"end":{"line":5,"column":3}},"1":{"start":{"line":7,"column":15},"end":{"line":7,"column":33}},"2":{"start":{"line":9,"column":16},"end":{"line":9,"column":48}},"3":{"start":{"line":11,"column":14},"end":{"line":11,"column":31}},"4":{"start":{"line":13,"column":15},"end":{"line":13,"column":46}},"5":{"start":{"line":15,"column":18},"end":{"line":15,"column":40}},"6":{"start":{"line":17,"column":19},"end":{"line":17,"column":54}},"7":{"start":{"line":19,"column":12},"end":{"line":19,"column":27}},"8":{"start":{"line":21,"column":13},"end":{"line":21,"column":42}},"9":{"start":{"line":23,"column":14},"end":{"line":23,"column":33}},"10":{"start":{"line":25,"column":15},"end":{"line":25,"column":46}},"11":{"start":{"line":27,"column":14},"end":{"line":27,"column":34}},"12":{"start":{"line":29,"column":15},"end":{"line":29,"column":46}},"13":{"start":{"line":31,"column":21},"end":{"line":31,"column":53}},"14":{"start":{"line":33,"column":22},"end":{"line":33,"column":60}},"15":{"start":{"line":35,"column":14},"end":{"line":35,"column":31}},"16":{"start":{"line":37,"column":15},"end":{"line":37,"column":46}},"17":{"start":{"line":39,"column":15},"end":{"line":39,"column":33}},"18":{"start":{"line":41,"column":16},"end":{"line":41,"column":48}},"19":{"start":{"line":43,"column":28},"end":{"line":43,"column":61}},"20":{"start":{"line":45,"column":29},"end":{"line":45,"column":74}},"21":{"start":{"line":47,"column":28},"end":{"line":47,"column":61}},"22":{"start":{"line":49,"column":29},"end":{"line":49,"column":74}},"23":{"start":{"line":51,"column":39},"end":{"line":51,"column":93}},"24":{"start":{"line":53,"column":0},"end":{"line":53,"column":26}},"25":{"start":{"line":55,"column":10},"end":{"line":55,"column":34}},"26":{"start":{"line":56,"column":13},"end":{"line":56,"column":39}},"27":{"start":{"line":57,"column":11},"end":{"line":57,"column":35}},"28":{"start":{"line":58,"column":15},"end":{"line":58,"column":62}},"29":{"start":{"line":60,"column":0},"end":{"line":60,"column":38}},"30":{"start":{"line":61,"column":0},"end":{"line":65,"column":4}},"31":{"start":{"line":66,"column":0},"end":{"line":66,"column":55}},"32":{"start":{"line":67,"column":0},"end":{"line":67,"column":61}},"33":{"start":{"line":68,"column":0},"end":{"line":68,"column":37}},"34":{"start":{"line":70,"column":0},"end":{"line":70,"column":30}},"35":{"start":{"line":71,"column":0},"end":{"line":71,"column":27}},"36":{"start":{"line":73,"column":0},"end":{"line":75,"column":3}},"37":{"start":{"line":74,"column":2},"end":{"line":74,"column":83}},"38":{"start":{"line":77,"column":0},"end":{"line":86,"column":3}},"39":{"start":{"line":78,"column":2},"end":{"line":82,"column":5}},"40":{"start":{"line":79,"column":4},"end":{"line":81,"column":5}},"41":{"start":{"line":80,"column":6},"end":{"line":80,"column":59}},"42":{"start":{"line":83,"column":2},"end":{"line":83,"column":48}},"43":{"start":{"line":85,"column":2},"end":{"line":85,"column":64}},"44":{"start":{"line":88,"column":0},"end":{"line":88,"column":22}}},"fnMap":{"0":{"name":"_interopRequireDefault","decl":{"start":{"line":51,"column":9},"end":{"line":51,"column":31}},"loc":{"start":{"line":51,"column":37},"end":{"line":51,"column":95}},"line":51},"1":{"name":"(anonymous_1)","decl":{"start":{"line":73,"column":13},"end":{"line":73,"column":14}},"loc":{"start":{"line":73,"column":33},"end":{"line":75,"column":1}},"line":73},"2":{"name":"(anonymous_2)","decl":{"start":{"line":77,"column":47},"end":{"line":77,"column":48}},"loc":{"start":{"line":77,"column":59},"end":{"line":84,"column":1}},"line":77},"3":{"name":"(anonymous_3)","decl":{"start":{"line":78,"column":19},"end":{"line":78,"column":20}},"loc":{"start":{"line":78,"column":34},"end":{"line":82,"column":3}},"line":78},"4":{"name":"(anonymous_4)","decl":{"start":{"line":84,"column":9},"end":{"line":84,"column":10}},"loc":{"start":{"line":84,"column":24},"end":{"line":86,"column":1}},"line":84}},"branchMap":{"0":{"loc":{"start":{"line":51,"column":46},"end":{"line":51,"column":92}},"type":"cond-expr","locations":[{"start":{"line":51,"column":70},"end":{"line":51,"column":73}},{"start":{"line":51,"column":76},"end":{"line":51,"column":92}}],"line":51},"1":{"loc":{"start":{"line":51,"column":46},"end":{"line":51,"column":67}},"type":"binary-expr","locations":[{"start":{"line":51,"column":46},"end":{"line":51,"column":49}},{"start":{"line":51,"column":53},"end":{"line":51,"column":67}}],"line":51},"2":{"loc":{"start":{"line":57,"column":11},"end":{"line":57,"column":35}},"type":"binary-expr","locations":[{"start":{"line":57,"column":11},"end":{"line":57,"column":27}},{"start":{"line":57,"column":31},"end":{"line":57,"column":35}}],"line":57},"3":{"loc":{"start":{"line":79,"column":4},"end":{"line":81,"column":5}},"type":"if","locations":[{"start":{"line":79,"column":4},"end":{"line":81,"column":5}},{"start":{"line":79,"column":4},"end":{"line":81,"column":5}}],"line":79}},"s":{"0":1,"1":1,"2":1,"3":1,"4":1,"5":1,"6":1,"7":1,"8":1,"9":1,"10":1,"11":1,"12":1,"13":1,"14":1,"15":1,"16":1,"17":1,"18":1,"19":1,"20":1,"21":1,"22":1,"23":11,"24":1,"25":1,"26":1,"27":1,"28":1,"29":1,"30":1,"31":1,"32":1,"33":1,"34":1,"35":1,"36":1,"37":0,"38":1,"39":1,"40":1,"41":1,"42":1,"43":0,"44":1},"f":{"0":11,"1":0,"2":1,"3":1,"4":0},"b":{"0":[2,9],"1":[11,11],"2":[1,0],"3":[1,0]},"_coverageSchema":"332fd63041d2c1bcb487cc26dd0d5f7d97098a6c","hash":"e5564a9f45c439d0d76b76b4f1d81d8bac80390c","contentHash":"37a7038dc804c7ad641bda34f359dfac_11.3.0"},"/Users/chimereucheya/Documents/more-recipes/server/models/index.js":{"path":"/Users/chimereucheya/Documents/more-recipes/server/models/index.js","statementMap":{"0":{"start":{"line":3,"column":0},"end":{"line":5,"column":3}},"1":{"start":{"line":7,"column":17},"end":{"line":7,"column":37}},"2":{"start":{"line":9,"column":18},"end":{"line":9,"column":52}},"3":{"start":{"line":11,"column":10},"end":{"line":11,"column":23}},"4":{"start":{"line":13,"column":11},"end":{"line":13,"column":38}},"5":{"start":{"line":15,"column":14},"end":{"line":15,"column":31}},"6":{"start":{"line":17,"column":13},"end":{"line":17,"column":45}},"7":{"start":{"line":19,"column":14},"end":{"line":19,"column":41}},"8":{"start":{"line":21,"column":15},"end":{"line":21,"column":46}},"9":{"start":{"line":23,"column":40},"end":{"line":23,"column":267}},"10":{"start":{"line":23,"column":69},"end":{"line":23,"column":80}},"11":{"start":{"line":23,"column":103},"end":{"line":23,"column":105}},"12":{"start":{"line":23,"column":107},"end":{"line":23,"column":228}},"13":{"start":{"line":23,"column":126},"end":{"line":23,"column":226}},"14":{"start":{"line":23,"column":149},"end":{"line":23,"column":224}},"15":{"start":{"line":23,"column":201},"end":{"line":23,"column":224}},"16":{"start":{"line":23,"column":229},"end":{"line":23,"column":250}},"17":{"start":{"line":23,"column":251},"end":{"line":23,"column":265}},"18":{"start":{"line":25,"column":39},"end":{"line":25,"column":93}},"19":{"start":{"line":27,"column":0},"end":{"line":27,"column":16}},"20":{"start":{"line":29,"column":9},"end":{"line":29,"column":11}},"21":{"start":{"line":30,"column":16},"end":{"line":30,"column":79}},"22":{"start":{"line":32,"column":0},"end":{"line":37,"column":3}},"23":{"start":{"line":33,"column":2},"end":{"line":33,"column":56}},"24":{"start":{"line":35,"column":14},"end":{"line":35,"column":43}},"25":{"start":{"line":36,"column":2},"end":{"line":36,"column":25}},"26":{"start":{"line":39,"column":0},"end":{"line":42,"column":3}},"27":{"start":{"line":40,"column":14},"end":{"line":40,"column":21}},"28":{"start":{"line":41,"column":2},"end":{"line":41,"column":48}},"29":{"start":{"line":41,"column":28},"end":{"line":41,"column":48}},"30":{"start":{"line":44,"column":0},"end":{"line":44,"column":25}},"31":{"start":{"line":45,"column":0},"end":{"line":45,"column":35}},"32":{"start":{"line":47,"column":0},"end":{"line":47,"column":21}}},"fnMap":{"0":{"name":"_interopRequireWildcard","decl":{"start":{"line":23,"column":9},"end":{"line":23,"column":32}},"loc":{"start":{"line":23,"column":38},"end":{"line":23,"column":269}},"line":23},"1":{"name":"_interopRequireDefault","decl":{"start":{"line":25,"column":9},"end":{"line":25,"column":31}},"loc":{"start":{"line":25,"column":37},"end":{"line":25,"column":95}},"line":25},"2":{"name":"(anonymous_2)","decl":{"start":{"line":32,"column":43},"end":{"line":32,"column":44}},"loc":{"start":{"line":32,"column":59},"end":{"line":34,"column":1}},"line":32},"3":{"name":"(anonymous_3)","decl":{"start":{"line":34,"column":11},"end":{"line":34,"column":12}},"loc":{"start":{"line":34,"column":27},"end":{"line":37,"column":1}},"line":34},"4":{"name":"(anonymous_4)","decl":{"start":{"line":39,"column":24},"end":{"line":39,"column":25}},"loc":{"start":{"line":39,"column":39},"end":{"line":42,"column":1}},"line":39}},"branchMap":{"0":{"loc":{"start":{"line":23,"column":40},"end":{"line":23,"column":267}},"type":"if","locations":[{"start":{"line":23,"column":40},"end":{"line":23,"column":267}},{"start":{"line":23,"column":40},"end":{"line":23,"column":267}}],"line":23},"1":{"loc":{"start":{"line":23,"column":44},"end":{"line":23,"column":65}},"type":"binary-expr","locations":[{"start":{"line":23,"column":44},"end":{"line":23,"column":47}},{"start":{"line":23,"column":51},"end":{"line":23,"column":65}}],"line":23},"2":{"loc":{"start":{"line":23,"column":107},"end":{"line":23,"column":228}},"type":"if","locations":[{"start":{"line":23,"column":107},"end":{"line":23,"column":228}},{"start":{"line":23,"column":107},"end":{"line":23,"column":228}}],"line":23},"3":{"loc":{"start":{"line":23,"column":149},"end":{"line":23,"column":224}},"type":"if","locations":[{"start":{"line":23,"column":149},"end":{"line":23,"column":224}},{"start":{"line":23,"column":149},"end":{"line":23,"column":224}}],"line":23},"4":{"loc":{"start":{"line":25,"column":46},"end":{"line":25,"column":92}},"type":"cond-expr","locations":[{"start":{"line":25,"column":70},"end":{"line":25,"column":73}},{"start":{"line":25,"column":76},"end":{"line":25,"column":92}}],"line":25},"5":{"loc":{"start":{"line":25,"column":46},"end":{"line":25,"column":67}},"type":"binary-expr","locations":[{"start":{"line":25,"column":46},"end":{"line":25,"column":49}},{"start":{"line":25,"column":53},"end":{"line":25,"column":67}}],"line":25},"6":{"loc":{"start":{"line":33,"column":9},"end":{"line":33,"column":55}},"type":"binary-expr","locations":[{"start":{"line":33,"column":9},"end":{"line":33,"column":32}},{"start":{"line":33,"column":36},"end":{"line":33,"column":55}}],"line":33},"7":{"loc":{"start":{"line":41,"column":2},"end":{"line":41,"column":48}},"type":"if","locations":[{"start":{"line":41,"column":2},"end":{"line":41,"column":48}},{"start":{"line":41,"column":2},"end":{"line":41,"column":48}}],"line":41}},"s":{"0":1,"1":1,"2":1,"3":1,"4":1,"5":1,"6":1,"7":1,"8":1,"9":1,"10":0,"11":1,"12":1,"13":1,"14":3,"15":3,"16":1,"17":1,"18":3,"19":1,"20":1,"21":1,"22":1,"23":6,"24":5,"25":5,"26":1,"27":5,"28":5,"29":5,"30":1,"31":1,"32":1},"f":{"0":1,"1":3,"2":6,"3":5,"4":5},"b":{"0":[0,1],"1":[1,1],"2":[1,0],"3":[3,0],"4":[0,3],"5":[3,3],"6":[6,6],"7":[5,0]},"_coverageSchema":"332fd63041d2c1bcb487cc26dd0d5f7d97098a6c","hash":"383079dcb8f38fe0899f8500666cda49f9c0bb60","contentHash":"02a0c5bf01c2b58ee558e770b1ea312f_11.3.0"},"/Users/chimereucheya/Documents/more-recipes/server/config/config.js":{"path":"/Users/chimereucheya/Documents/more-recipes/server/config/config.js","statementMap":{"0":{"start":{"line":3,"column":0},"end":{"line":3,"column":27}},"1":{"start":{"line":5,"column":10},"end":{"line":5,"column":47}},"2":{"start":{"line":6,"column":14},"end":{"line":6,"column":24}},"3":{"start":{"line":7,"column":10},"end":{"line":7,"column":62}},"4":{"start":{"line":8,"column":14},"end":{"line":8,"column":47}},"5":{"start":{"line":9,"column":13},"end":{"line":18,"column":1}},"6":{"start":{"line":13,"column":4},"end":{"line":13,"column":15}},"7":{"start":{"line":20,"column":0},"end":{"line":20,"column":24}}},"fnMap":{"0":{"name":"(anonymous_0)","decl":{"start":{"line":12,"column":21},"end":{"line":12,"column":22}},"loc":{"start":{"line":12,"column":36},"end":{"line":14,"column":3}},"line":12}},"branchMap":{"0":{"loc":{"start":{"line":5,"column":10},"end":{"line":5,"column":47}},"type":"binary-expr","locations":[{"start":{"line":5,"column":10},"end":{"line":5,"column":30}},{"start":{"line":5,"column":34},"end":{"line":5,"column":47}}],"line":5},"1":{"loc":{"start":{"line":8,"column":23},"end":{"line":8,"column":46}},"type":"binary-expr","locations":[{"start":{"line":8,"column":23},"end":{"line":8,"column":36}},{"start":{"line":8,"column":40},"end":{"line":8,"column":46}}],"line":8},"2":{"loc":{"start":{"line":12,"column":11},"end":{"line":14,"column":11}},"type":"cond-expr","locations":[{"start":{"line":12,"column":21},"end":{"line":14,"column":3}},{"start":{"line":14,"column":6},"end":{"line":14,"column":11}}],"line":12}},"s":{"0":1,"1":1,"2":1,"3":1,"4":1,"5":1,"6":0,"7":1},"f":{"0":0},"b":{"0":[1,0],"1":[1,0],"2":[0,1]},"_coverageSchema":"332fd63041d2c1bcb487cc26dd0d5f7d97098a6c","hash":"d542160a55342c167618955e06256bfc85bc62ce","contentHash":"a21c536ab4f66bb48d6f0f0fd87a4c97_11.3.0"},"/Users/chimereucheya/Documents/more-recipes/server/models/favorites.js":{"path":"/Users/chimereucheya/Documents/more-recipes/server/models/favorites.js","statementMap":{"0":{"start":{"line":3,"column":0},"end":{"line":25,"column":2}},"1":{"start":{"line":4,"column":18},"end":{"line":13,"column":4}},"2":{"start":{"line":15,"column":2},"end":{"line":23,"column":4}},"3":{"start":{"line":16,"column":4},"end":{"line":18,"column":7}},"4":{"start":{"line":20,"column":4},"end":{"line":22,"column":7}},"5":{"start":{"line":24,"column":2},"end":{"line":24,"column":19}}},"fnMap":{"0":{"name":"(anonymous_0)","decl":{"start":{"line":3,"column":17},"end":{"line":3,"column":18}},"loc":{"start":{"line":3,"column":49},"end":{"line":25,"column":1}},"line":3},"1":{"name":"(anonymous_1)","decl":{"start":{"line":15,"column":24},"end":{"line":15,"column":25}},"loc":{"start":{"line":15,"column":42},"end":{"line":23,"column":3}},"line":15}},"branchMap":{},"s":{"0":1,"1":1,"2":1,"3":1,"4":1,"5":1},"f":{"0":1,"1":1},"b":{},"_coverageSchema":"332fd63041d2c1bcb487cc26dd0d5f7d97098a6c","hash":"4e0c67aab746a7c3a5acd2abaa612e78939f7854","contentHash":"d0a27639dc54ffe0790dcbf6fcbfa6a3_11.3.0"},"/Users/chimereucheya/Documents/more-recipes/server/models/recipes.js":{"path":"/Users/chimereucheya/Documents/more-recipes/server/models/recipes.js","statementMap":{"0":{"start":{"line":3,"column":0},"end":{"line":45,"column":2}},"1":{"start":{"line":4,"column":16},"end":{"line":31,"column":4}},"2":{"start":{"line":33,"column":2},"end":{"line":43,"column":4}},"3":{"start":{"line":34,"column":4},"end":{"line":36,"column":7}},"4":{"start":{"line":37,"column":4},"end":{"line":39,"column":7}},"5":{"start":{"line":40,"column":4},"end":{"line":42,"column":7}},"6":{"start":{"line":44,"column":2},"end":{"line":44,"column":17}}},"fnMap":{"0":{"name":"(anonymous_0)","decl":{"start":{"line":3,"column":17},"end":{"line":3,"column":18}},"loc":{"start":{"line":3,"column":49},"end":{"line":45,"column":1}},"line":3},"1":{"name":"(anonymous_1)","decl":{"start":{"line":33,"column":22},"end":{"line":33,"column":23}},"loc":{"start":{"line":33,"column":40},"end":{"line":43,"column":3}},"line":33}},"branchMap":{},"s":{"0":1,"1":1,"2":1,"3":1,"4":1,"5":1,"6":1},"f":{"0":1,"1":1},"b":{},"_coverageSchema":"332fd63041d2c1bcb487cc26dd0d5f7d97098a6c","hash":"62d14b378764ccc5c8afbdd1bfb5d95fc1084737","contentHash":"de71619456469aac2f904f972fa05e74_11.3.0"},"/Users/chimereucheya/Documents/more-recipes/server/models/reviews.js":{"path":"/Users/chimereucheya/Documents/more-recipes/server/models/reviews.js","statementMap":{"0":{"start":{"line":3,"column":0},"end":{"line":30,"column":2}},"1":{"start":{"line":4,"column":16},"end":{"line":17,"column":4}},"2":{"start":{"line":19,"column":2},"end":{"line":27,"column":4}},"3":{"start":{"line":20,"column":4},"end":{"line":22,"column":7}},"4":{"start":{"line":24,"column":4},"end":{"line":26,"column":7}},"5":{"start":{"line":29,"column":2},"end":{"line":29,"column":17}}},"fnMap":{"0":{"name":"(anonymous_0)","decl":{"start":{"line":3,"column":17},"end":{"line":3,"column":18}},"loc":{"start":{"line":3,"column":49},"end":{"line":30,"column":1}},"line":3},"1":{"name":"(anonymous_1)","decl":{"start":{"line":19,"column":22},"end":{"line":19,"column":23}},"loc":{"start":{"line":19,"column":40},"end":{"line":27,"column":3}},"line":19}},"branchMap":{},"s":{"0":1,"1":1,"2":1,"3":1,"4":1,"5":1},"f":{"0":1,"1":1},"b":{},"_coverageSchema":"332fd63041d2c1bcb487cc26dd0d5f7d97098a6c","hash":"532b027b8af7966b1eb0bb9164c0d5a373c2d446","contentHash":"b53c0c8de59d67c850f4791e0b216092_11.3.0"},"/Users/chimereucheya/Documents/more-recipes/server/models/users.js":{"path":"/Users/chimereucheya/Documents/more-recipes/server/models/users.js","statementMap":{"0":{"start":{"line":3,"column":0},"end":{"line":5,"column":3}},"1":{"start":{"line":7,"column":14},"end":{"line":7,"column":31}},"2":{"start":{"line":9,"column":15},"end":{"line":9,"column":46}},"3":{"start":{"line":11,"column":39},"end":{"line":11,"column":93}},"4":{"start":{"line":13,"column":0},"end":{"line":75,"column":2}},"5":{"start":{"line":14,"column":14},"end":{"line":45,"column":4}},"6":{"start":{"line":47,"column":2},"end":{"line":60,"column":4}},"7":{"start":{"line":48,"column":4},"end":{"line":50,"column":7}},"8":{"start":{"line":51,"column":4},"end":{"line":53,"column":7}},"9":{"start":{"line":54,"column":4},"end":{"line":56,"column":7}},"10":{"start":{"line":57,"column":4},"end":{"line":59,"column":7}},"11":{"start":{"line":62,"column":2},"end":{"line":66,"column":5}},"12":{"start":{"line":63,"column":4},"end":{"line":63,"column":117}},"13":{"start":{"line":64,"column":4},"end":{"line":64,"column":50}},"14":{"start":{"line":65,"column":4},"end":{"line":65,"column":56}},"15":{"start":{"line":68,"column":2},"end":{"line":72,"column":5}},"16":{"start":{"line":69,"column":4},"end":{"line":71,"column":5}},"17":{"start":{"line":70,"column":6},"end":{"line":70,"column":119}},"18":{"start":{"line":74,"column":2},"end":{"line":74,"column":15}}},"fnMap":{"0":{"name":"_interopRequireDefault","decl":{"start":{"line":11,"column":9},"end":{"line":11,"column":31}},"loc":{"start":{"line":11,"column":37},"end":{"line":11,"column":95}},"line":11},"1":{"name":"(anonymous_1)","decl":{"start":{"line":13,"column":18},"end":{"line":13,"column":19}},"loc":{"start":{"line":13,"column":50},"end":{"line":75,"column":1}},"line":13},"2":{"name":"(anonymous_2)","decl":{"start":{"line":47,"column":20},"end":{"line":47,"column":21}},"loc":{"start":{"line":47,"column":38},"end":{"line":60,"column":3}},"line":47},"3":{"name":"(anonymous_3)","decl":{"start":{"line":62,"column":21},"end":{"line":62,"column":22}},"loc":{"start":{"line":62,"column":37},"end":{"line":66,"column":3}},"line":62},"4":{"name":"(anonymous_4)","decl":{"start":{"line":68,"column":21},"end":{"line":68,"column":22}},"loc":{"start":{"line":68,"column":37},"end":{"line":72,"column":3}},"line":68}},"branchMap":{"0":{"loc":{"start":{"line":11,"column":46},"end":{"line":11,"column":92}},"type":"cond-expr","locations":[{"start":{"line":11,"column":70},"end":{"line":11,"column":73}},{"start":{"line":11,"column":76},"end":{"line":11,"column":92}}],"line":11},"1":{"loc":{"start":{"line":11,"column":46},"end":{"line":11,"column":67}},"type":"binary-expr","locations":[{"start":{"line":11,"column":46},"end":{"line":11,"column":49}},{"start":{"line":11,"column":53},"end":{"line":11,"column":67}}],"line":11},"2":{"loc":{"start":{"line":69,"column":4},"end":{"line":71,"column":5}},"type":"if","locations":[{"start":{"line":69,"column":4},"end":{"line":71,"column":5}},{"start":{"line":69,"column":4},"end":{"line":71,"column":5}}],"line":69}},"s":{"0":1,"1":1,"2":1,"3":1,"4":1,"5":1,"6":1,"7":1,"8":1,"9":1,"10":1,"11":1,"12":1,"13":1,"14":1,"15":1,"16":0,"17":0,"18":1},"f":{"0":1,"1":1,"2":1,"3":1,"4":0},"b":{"0":[0,1],"1":[1,1],"2":[0,0]},"_coverageSchema":"332fd63041d2c1bcb487cc26dd0d5f7d97098a6c","hash":"400c0ac00595f660a0f339b8af58f46202a2b73d","contentHash":"7b3c91633c794da89d58aceafbccd569_11.3.0"},"/Users/chimereucheya/Documents/more-recipes/server/models/votes.js":{"path":"/Users/chimereucheya/Documents/more-recipes/server/models/votes.js","statementMap":{"0":{"start":{"line":3,"column":0},"end":{"line":31,"column":2}},"1":{"start":{"line":4,"column":14},"end":{"line":21,"column":4}},"2":{"start":{"line":22,"column":2},"end":{"line":29,"column":4}},"3":{"start":{"line":23,"column":4},"end":{"line":25,"column":7}},"4":{"start":{"line":26,"column":4},"end":{"line":28,"column":7}},"5":{"start":{"line":30,"column":2},"end":{"line":30,"column":15}}},"fnMap":{"0":{"name":"(anonymous_0)","decl":{"start":{"line":3,"column":17},"end":{"line":3,"column":18}},"loc":{"start":{"line":3,"column":49},"end":{"line":31,"column":1}},"line":3},"1":{"name":"(anonymous_1)","decl":{"start":{"line":22,"column":20},"end":{"line":22,"column":21}},"loc":{"start":{"line":22,"column":38},"end":{"line":29,"column":3}},"line":22}},"branchMap":{},"s":{"0":1,"1":1,"2":1,"3":1,"4":1,"5":1},"f":{"0":1,"1":1},"b":{},"_coverageSchema":"332fd63041d2c1bcb487cc26dd0d5f7d97098a6c","hash":"ad9698a1c531b9629b8db27d46943f64f7fa4378","contentHash":"3fa5de17c7107bf074bfb80edbe16824_11.3.0"},"/Users/chimereucheya/Documents/more-recipes/server/routes/index.js":{"path":"/Users/chimereucheya/Documents/more-recipes/server/routes/index.js","statementMap":{"0":{"start":{"line":3,"column":0},"end":{"line":5,"column":3}},"1":{"start":{"line":7,"column":13},"end":{"line":7,"column":31}},"2":{"start":{"line":9,"column":14},"end":{"line":9,"column":44}},"3":{"start":{"line":11,"column":15},"end":{"line":11,"column":35}},"4":{"start":{"line":13,"column":16},"end":{"line":13,"column":48}},"5":{"start":{"line":15,"column":15},"end":{"line":15,"column":35}},"6":{"start":{"line":17,"column":16},"end":{"line":17,"column":48}},"7":{"start":{"line":19,"column":17},"end":{"line":19,"column":39}},"8":{"start":{"line":21,"column":18},"end":{"line":21,"column":52}},"9":{"start":{"line":23,"column":13},"end":{"line":23,"column":31}},"10":{"start":{"line":25,"column":14},"end":{"line":25,"column":44}},"11":{"start":{"line":27,"column":39},"end":{"line":27,"column":93}},"12":{"start":{"line":29,"column":13},"end":{"line":35,"column":1}},"13":{"start":{"line":30,"column":2},"end":{"line":30,"column":31}},"14":{"start":{"line":31,"column":2},"end":{"line":31,"column":33}},"15":{"start":{"line":32,"column":2},"end":{"line":32,"column":33}},"16":{"start":{"line":33,"column":2},"end":{"line":33,"column":35}},"17":{"start":{"line":34,"column":2},"end":{"line":34,"column":31}},"18":{"start":{"line":37,"column":0},"end":{"line":37,"column":25}}},"fnMap":{"0":{"name":"_interopRequireDefault","decl":{"start":{"line":27,"column":9},"end":{"line":27,"column":31}},"loc":{"start":{"line":27,"column":37},"end":{"line":27,"column":95}},"line":27},"1":{"name":"routes","decl":{"start":{"line":29,"column":22},"end":{"line":29,"column":28}},"loc":{"start":{"line":29,"column":37},"end":{"line":35,"column":1}},"line":29}},"branchMap":{"0":{"loc":{"start":{"line":27,"column":46},"end":{"line":27,"column":92}},"type":"cond-expr","locations":[{"start":{"line":27,"column":70},"end":{"line":27,"column":73}},{"start":{"line":27,"column":76},"end":{"line":27,"column":92}}],"line":27},"1":{"loc":{"start":{"line":27,"column":46},"end":{"line":27,"column":67}},"type":"binary-expr","locations":[{"start":{"line":27,"column":46},"end":{"line":27,"column":49}},{"start":{"line":27,"column":53},"end":{"line":27,"column":67}}],"line":27}},"s":{"0":1,"1":1,"2":1,"3":1,"4":1,"5":1,"6":1,"7":1,"8":1,"9":1,"10":1,"11":5,"12":1,"13":1,"14":1,"15":1,"16":1,"17":1,"18":1},"f":{"0":5,"1":1},"b":{"0":[5,0],"1":[5,5]},"_coverageSchema":"332fd63041d2c1bcb487cc26dd0d5f7d97098a6c","hash":"cf21032e1e15b8a048e5407e0cefc3c2db409c0f","contentHash":"ae150f553f6c2d05d9c1566116b81599_11.3.0"},"/Users/chimereucheya/Documents/more-recipes/server/routes/users.js":{"path":"/Users/chimereucheya/Documents/more-recipes/server/routes/users.js","statementMap":{"0":{"start":{"line":3,"column":0},"end":{"line":5,"column":3}},"1":{"start":{"line":7,"column":15},"end":{"line":7,"column":33}},"2":{"start":{"line":9,"column":16},"end":{"line":9,"column":48}},"3":{"start":{"line":11,"column":12},"end":{"line":11,"column":41}},"4":{"start":{"line":13,"column":14},"end":{"line":13,"column":53}},"5":{"start":{"line":15,"column":15},"end":{"line":15,"column":46}},"6":{"start":{"line":17,"column":23},"end":{"line":17,"column":63}},"7":{"start":{"line":19,"column":24},"end":{"line":19,"column":64}},"8":{"start":{"line":21,"column":23},"end":{"line":21,"column":63}},"9":{"start":{"line":23,"column":24},"end":{"line":23,"column":64}},"10":{"start":{"line":25,"column":39},"end":{"line":25,"column":93}},"11":{"start":{"line":27,"column":13},"end":{"line":27,"column":39}},"12":{"start":{"line":29,"column":17},"end":{"line":46,"column":1}},"13":{"start":{"line":30,"column":2},"end":{"line":30,"column":47}},"14":{"start":{"line":31,"column":2},"end":{"line":31,"column":50}},"15":{"start":{"line":32,"column":2},"end":{"line":32,"column":77}},"16":{"start":{"line":33,"column":2},"end":{"line":33,"column":77}},"17":{"start":{"line":35,"column":2},"end":{"line":45,"column":5}},"18":{"start":{"line":36,"column":25},"end":{"line":36,"column":56}},"19":{"start":{"line":37,"column":17},"end":{"line":37,"column":38}},"20":{"start":{"line":38,"column":18},"end":{"line":38,"column":40}},"21":{"start":{"line":40,"column":4},"end":{"line":44,"column":5}},"22":{"start":{"line":41,"column":6},"end":{"line":41,"column":34}},"23":{"start":{"line":43,"column":6},"end":{"line":43,"column":35}},"24":{"start":{"line":48,"column":0},"end":{"line":48,"column":29}}},"fnMap":{"0":{"name":"_interopRequireDefault","decl":{"start":{"line":25,"column":9},"end":{"line":25,"column":31}},"loc":{"start":{"line":25,"column":37},"end":{"line":25,"column":95}},"line":25},"1":{"name":"userRoutes","decl":{"start":{"line":29,"column":26},"end":{"line":29,"column":36}},"loc":{"start":{"line":29,"column":45},"end":{"line":46,"column":1}},"line":29},"2":{"name":"(anonymous_2)","decl":{"start":{"line":35,"column":19},"end":{"line":35,"column":20}},"loc":{"start":{"line":35,"column":39},"end":{"line":45,"column":3}},"line":35}},"branchMap":{"0":{"loc":{"start":{"line":25,"column":46},"end":{"line":25,"column":92}},"type":"cond-expr","locations":[{"start":{"line":25,"column":70},"end":{"line":25,"column":73}},{"start":{"line":25,"column":76},"end":{"line":25,"column":92}}],"line":25},"1":{"loc":{"start":{"line":25,"column":46},"end":{"line":25,"column":67}},"type":"binary-expr","locations":[{"start":{"line":25,"column":46},"end":{"line":25,"column":49}},{"start":{"line":25,"column":53},"end":{"line":25,"column":67}}],"line":25},"2":{"loc":{"start":{"line":40,"column":4},"end":{"line":44,"column":5}},"type":"if","locations":[{"start":{"line":40,"column":4},"end":{"line":44,"column":5}},{"start":{"line":40,"column":4},"end":{"line":44,"column":5}}],"line":40}},"s":{"0":1,"1":1,"2":1,"3":1,"4":1,"5":1,"6":1,"7":1,"8":1,"9":1,"10":4,"11":1,"12":1,"13":1,"14":1,"15":1,"16":1,"17":1,"18":0,"19":0,"20":0,"21":0,"22":0,"23":0,"24":1},"f":{"0":4,"1":1,"2":0},"b":{"0":[3,1],"1":[4,4],"2":[0,0]},"_coverageSchema":"332fd63041d2c1bcb487cc26dd0d5f7d97098a6c","hash":"89b2439ff25c3cb6f33906346872d80c608a10f8","contentHash":"cac812219b3d4e8f8107e303480805e9_11.3.0"},"/Users/chimereucheya/Documents/more-recipes/server/controller/user.js":{"path":"/Users/chimereucheya/Documents/more-recipes/server/controller/user.js","statementMap":{"0":{"start":{"line":3,"column":0},"end":{"line":5,"column":3}},"1":{"start":{"line":6,"column":0},"end":{"line":6,"column":25}},"2":{"start":{"line":8,"column":19},"end":{"line":8,"column":563}},"3":{"start":{"line":8,"column":76},"end":{"line":8,"column":347}},"4":{"start":{"line":8,"column":134},"end":{"line":8,"column":142}},"5":{"start":{"line":8,"column":144},"end":{"line":8,"column":199}},"6":{"start":{"line":8,"column":200},"end":{"line":8,"column":231}},"7":{"start":{"line":8,"column":232},"end":{"line":8,"column":286}},"8":{"start":{"line":8,"column":259},"end":{"line":8,"column":286}},"9":{"start":{"line":8,"column":287},"end":{"line":8,"column":345}},"10":{"start":{"line":8,"column":350},"end":{"line":8,"column":559}},"11":{"start":{"line":8,"column":407},"end":{"line":8,"column":475}},"12":{"start":{"line":8,"column":423},"end":{"line":8,"column":475}},"13":{"start":{"line":8,"column":476},"end":{"line":8,"column":536}},"14":{"start":{"line":8,"column":493},"end":{"line":8,"column":536}},"15":{"start":{"line":8,"column":537},"end":{"line":8,"column":556}},"16":{"start":{"line":10,"column":20},"end":{"line":10,"column":43}},"17":{"start":{"line":12,"column":21},"end":{"line":12,"column":58}},"18":{"start":{"line":14,"column":14},"end":{"line":14,"column":31}},"19":{"start":{"line":16,"column":15},"end":{"line":16,"column":46}},"20":{"start":{"line":18,"column":14},"end":{"line":18,"column":35}},"21":{"start":{"line":20,"column":15},"end":{"line":20,"column":46}},"22":{"start":{"line":22,"column":13},"end":{"line":22,"column":38}},"23":{"start":{"line":24,"column":14},"end":{"line":24,"column":44}},"24":{"start":{"line":26,"column":39},"end":{"line":26,"column":93}},"25":{"start":{"line":28,"column":50},"end":{"line":28,"column":151}},"26":{"start":{"line":28,"column":92},"end":{"line":28,"column":149}},"27":{"start":{"line":30,"column":12},"end":{"line":30,"column":34}},"28":{"start":{"line":31,"column":16},"end":{"line":31,"column":52}},"29":{"start":{"line":37,"column":11},"end":{"line":159,"column":3}},"30":{"start":{"line":39,"column":4},"end":{"line":39,"column":32}},"31":{"start":{"line":42,"column":2},"end":{"line":156,"column":6}},"32":{"start":{"line":52,"column":22},"end":{"line":52,"column":30}},"33":{"start":{"line":53,"column":18},"end":{"line":53,"column":33}},"34":{"start":{"line":54,"column":21},"end":{"line":54,"column":39}},"35":{"start":{"line":56,"column":6},"end":{"line":85,"column":9}},"36":{"start":{"line":65,"column":8},"end":{"line":69,"column":9}},"37":{"start":{"line":66,"column":10},"end":{"line":68,"column":13}},"38":{"start":{"line":71,"column":8},"end":{"line":84,"column":11}},"39":{"start":{"line":72,"column":24},"end":{"line":72,"column":46}},"40":{"start":{"line":73,"column":22},"end":{"line":73,"column":51}},"41":{"start":{"line":74,"column":10},"end":{"line":81,"column":13}},"42":{"start":{"line":83,"column":10},"end":{"line":83,"column":54}},"43":{"start":{"line":98,"column":6},"end":{"line":104,"column":9}},"44":{"start":{"line":101,"column":8},"end":{"line":101,"column":47}},"45":{"start":{"line":103,"column":8},"end":{"line":103,"column":45}},"46":{"start":{"line":117,"column":6},"end":{"line":123,"column":9}},"47":{"start":{"line":120,"column":8},"end":{"line":120,"column":47}},"48":{"start":{"line":122,"column":8},"end":{"line":122,"column":45}},"49":{"start":{"line":136,"column":18},"end":{"line":136,"column":38}},"50":{"start":{"line":138,"column":6},"end":{"line":154,"column":9}},"51":{"start":{"line":143,"column":8},"end":{"line":152,"column":9}},"52":{"start":{"line":144,"column":10},"end":{"line":150,"column":11}},"53":{"start":{"line":145,"column":24},"end":{"line":147,"column":14}},"54":{"start":{"line":149,"column":12},"end":{"line":149,"column":78}},"55":{"start":{"line":151,"column":10},"end":{"line":151,"column":79}},"56":{"start":{"line":158,"column":2},"end":{"line":158,"column":14}},"57":{"start":{"line":161,"column":0},"end":{"line":161,"column":23}}},"fnMap":{"0":{"name":"(anonymous_0)","decl":{"start":{"line":8,"column":19},"end":{"line":8,"column":20}},"loc":{"start":{"line":8,"column":31},"end":{"line":8,"column":561}},"line":8},"1":{"name":"defineProperties","decl":{"start":{"line":8,"column":42},"end":{"line":8,"column":58}},"loc":{"start":{"line":8,"column":74},"end":{"line":8,"column":349}},"line":8},"2":{"name":"(anonymous_2)","decl":{"start":{"line":8,"column":357},"end":{"line":8,"column":358}},"loc":{"start":{"line":8,"column":405},"end":{"line":8,"column":558}},"line":8},"3":{"name":"_interopRequireDefault","decl":{"start":{"line":26,"column":9},"end":{"line":26,"column":31}},"loc":{"start":{"line":26,"column":37},"end":{"line":26,"column":95}},"line":26},"4":{"name":"_classCallCheck","decl":{"start":{"line":28,"column":9},"end":{"line":28,"column":24}},"loc":{"start":{"line":28,"column":48},"end":{"line":28,"column":153}},"line":28},"5":{"name":"(anonymous_5)","decl":{"start":{"line":37,"column":26},"end":{"line":37,"column":27}},"loc":{"start":{"line":37,"column":38},"end":{"line":159,"column":1}},"line":37},"6":{"name":"User","decl":{"start":{"line":38,"column":11},"end":{"line":38,"column":15}},"loc":{"start":{"line":38,"column":18},"end":{"line":40,"column":3}},"line":38},"7":{"name":"signUp","decl":{"start":{"line":51,"column":20},"end":{"line":51,"column":26}},"loc":{"start":{"line":51,"column":37},"end":{"line":86,"column":5}},"line":51},"8":{"name":"(anonymous_8)","decl":{"start":{"line":64,"column":14},"end":{"line":64,"column":15}},"loc":{"start":{"line":64,"column":30},"end":{"line":85,"column":7}},"line":64},"9":{"name":"(anonymous_9)","decl":{"start":{"line":71,"column":36},"end":{"line":71,"column":37}},"loc":{"start":{"line":71,"column":59},"end":{"line":82,"column":9}},"line":71},"10":{"name":"(anonymous_10)","decl":{"start":{"line":82,"column":17},"end":{"line":82,"column":18}},"loc":{"start":{"line":82,"column":32},"end":{"line":84,"column":9}},"line":82},"11":{"name":"getAllUsers","decl":{"start":{"line":97,"column":20},"end":{"line":97,"column":31}},"loc":{"start":{"line":97,"column":42},"end":{"line":105,"column":5}},"line":97},"12":{"name":"(anonymous_12)","decl":{"start":{"line":100,"column":14},"end":{"line":100,"column":15}},"loc":{"start":{"line":100,"column":31},"end":{"line":102,"column":7}},"line":100},"13":{"name":"(anonymous_13)","decl":{"start":{"line":102,"column":15},"end":{"line":102,"column":16}},"loc":{"start":{"line":102,"column":30},"end":{"line":104,"column":7}},"line":102},"14":{"name":"getOneUser","decl":{"start":{"line":116,"column":20},"end":{"line":116,"column":30}},"loc":{"start":{"line":116,"column":41},"end":{"line":124,"column":5}},"line":116},"15":{"name":"(anonymous_15)","decl":{"start":{"line":119,"column":14},"end":{"line":119,"column":15}},"loc":{"start":{"line":119,"column":31},"end":{"line":121,"column":7}},"line":119},"16":{"name":"(anonymous_16)","decl":{"start":{"line":121,"column":15},"end":{"line":121,"column":16}},"loc":{"start":{"line":121,"column":30},"end":{"line":123,"column":7}},"line":121},"17":{"name":"signIn","decl":{"start":{"line":135,"column":20},"end":{"line":135,"column":26}},"loc":{"start":{"line":135,"column":37},"end":{"line":155,"column":5}},"line":135},"18":{"name":"(anonymous_18)","decl":{"start":{"line":142,"column":14},"end":{"line":142,"column":15}},"loc":{"start":{"line":142,"column":30},"end":{"line":154,"column":7}},"line":142}},"branchMap":{"0":{"loc":{"start":{"line":8,"column":168},"end":{"line":8,"column":198}},"type":"binary-expr","locations":[{"start":{"line":8,"column":168},"end":{"line":8,"column":189}},{"start":{"line":8,"column":193},"end":{"line":8,"column":198}}],"line":8},"1":{"loc":{"start":{"line":8,"column":232},"end":{"line":8,"column":286}},"type":"if","locations":[{"start":{"line":8,"column":232},"end":{"line":8,"column":286}},{"start":{"line":8,"column":232},"end":{"line":8,"column":286}}],"line":8},"2":{"loc":{"start":{"line":8,"column":407},"end":{"line":8,"column":475}},"type":"if","locations":[{"start":{"line":8,"column":407},"end":{"line":8,"column":475}},{"start":{"line":8,"column":407},"end":{"line":8,"column":475}}],"line":8},"3":{"loc":{"start":{"line":8,"column":476},"end":{"line":8,"column":536}},"type":"if","locations":[{"start":{"line":8,"column":476},"end":{"line":8,"column":536}},{"start":{"line":8,"column":476},"end":{"line":8,"column":536}}],"line":8},"4":{"loc":{"start":{"line":26,"column":46},"end":{"line":26,"column":92}},"type":"cond-expr","locations":[{"start":{"line":26,"column":70},"end":{"line":26,"column":73}},{"start":{"line":26,"column":76},"end":{"line":26,"column":92}}],"line":26},"5":{"loc":{"start":{"line":26,"column":46},"end":{"line":26,"column":67}},"type":"binary-expr","locations":[{"start":{"line":26,"column":46},"end":{"line":26,"column":49}},{"start":{"line":26,"column":53},"end":{"line":26,"column":67}}],"line":26},"6":{"loc":{"start":{"line":28,"column":50},"end":{"line":28,"column":151}},"type":"if","locations":[{"start":{"line":28,"column":50},"end":{"line":28,"column":151}},{"start":{"line":28,"column":50},"end":{"line":28,"column":151}}],"line":28},"7":{"loc":{"start":{"line":65,"column":8},"end":{"line":69,"column":9}},"type":"if","locations":[{"start":{"line":65,"column":8},"end":{"line":69,"column":9}},{"start":{"line":65,"column":8},"end":{"line":69,"column":9}}],"line":65},"8":{"loc":{"start":{"line":143,"column":8},"end":{"line":152,"column":9}},"type":"if","locations":[{"start":{"line":143,"column":8},"end":{"line":152,"column":9}},{"start":{"line":143,"column":8},"end":{"line":152,"column":9}}],"line":143},"9":{"loc":{"start":{"line":144,"column":10},"end":{"line":150,"column":11}},"type":"if","locations":[{"start":{"line":144,"column":10},"end":{"line":150,"column":11}},{"start":{"line":144,"column":10},"end":{"line":150,"column":11}}],"line":144}},"s":{"0":1,"1":1,"2":1,"3":1,"4":4,"5":4,"6":4,"7":4,"8":4,"9":4,"10":1,"11":1,"12":0,"13":1,"14":1,"15":1,"16":1,"17":1,"18":1,"19":1,"20":1,"21":1,"22":1,"23":1,"24":4,"25":0,"26":0,"27":1,"28":1,"29":1,"30":0,"31":1,"32":1,"33":1,"34":1,"35":1,"36":1,"37":0,"38":1,"39":1,"40":1,"41":1,"42":0,"43":0,"44":0,"45":0,"46":0,"47":0,"48":0,"49":3,"50":3,"51":3,"52":0,"53":0,"54":0,"55":0,"56":1,"57":1},"f":{"0":1,"1":1,"2":1,"3":4,"4":0,"5":1,"6":0,"7":1,"8":1,"9":1,"10":0,"11":0,"12":0,"13":0,"14":0,"15":0,"16":0,"17":3,"18":3},"b":{"0":[4,4],"1":[4,0],"2":[0,1],"3":[1,0],"4":[2,2],"5":[4,4],"6":[0,0],"7":[0,1],"8":[0,3],"9":[0,0]},"_coverageSchema":"332fd63041d2c1bcb487cc26dd0d5f7d97098a6c","hash":"7f470b34ccb88b088a2984714dc06ea46c7f542d","contentHash":"d516d1a734a258eab50b4f3f4973992c_11.3.0"},"/Users/chimereucheya/Documents/more-recipes/server/utils/token.js":{"path":"/Users/chimereucheya/Documents/more-recipes/server/utils/token.js","statementMap":{"0":{"start":{"line":3,"column":0},"end":{"line":5,"column":3}},"1":{"start":{"line":7,"column":20},"end":{"line":7,"column":43}},"2":{"start":{"line":9,"column":21},"end":{"line":9,"column":58}},"3":{"start":{"line":11,"column":14},"end":{"line":11,"column":31}},"4":{"start":{"line":13,"column":15},"end":{"line":13,"column":46}},"5":{"start":{"line":15,"column":39},"end":{"line":15,"column":93}},"6":{"start":{"line":17,"column":0},"end":{"line":17,"column":26}},"7":{"start":{"line":19,"column":0},"end":{"line":26,"column":2}},"8":{"start":{"line":20,"column":15},"end":{"line":20,"column":37}},"9":{"start":{"line":21,"column":11},"end":{"line":21,"column":21}},"10":{"start":{"line":22,"column":17},"end":{"line":22,"column":33}},"11":{"start":{"line":23,"column":14},"end":{"line":23,"column":27}},"12":{"start":{"line":25,"column":2},"end":{"line":25,"column":113}}},"fnMap":{"0":{"name":"_interopRequireDefault","decl":{"start":{"line":15,"column":9},"end":{"line":15,"column":31}},"loc":{"start":{"line":15,"column":37},"end":{"line":15,"column":95}},"line":15},"1":{"name":"(anonymous_1)","decl":{"start":{"line":19,"column":18},"end":{"line":19,"column":19}},"loc":{"start":{"line":19,"column":37},"end":{"line":26,"column":1}},"line":19}},"branchMap":{"0":{"loc":{"start":{"line":15,"column":46},"end":{"line":15,"column":92}},"type":"cond-expr","locations":[{"start":{"line":15,"column":70},"end":{"line":15,"column":73}},{"start":{"line":15,"column":76},"end":{"line":15,"column":92}}],"line":15},"1":{"loc":{"start":{"line":15,"column":46},"end":{"line":15,"column":67}},"type":"binary-expr","locations":[{"start":{"line":15,"column":46},"end":{"line":15,"column":49}},{"start":{"line":15,"column":53},"end":{"line":15,"column":67}}],"line":15}},"s":{"0":1,"1":1,"2":1,"3":1,"4":1,"5":2,"6":1,"7":1,"8":1,"9":1,"10":1,"11":1,"12":1},"f":{"0":2,"1":1},"b":{"0":[0,2],"1":[2,2]},"_coverageSchema":"332fd63041d2c1bcb487cc26dd0d5f7d97098a6c","hash":"08c36b7bc2306cde2cfdc41d9a0e9c1ce1f6560e","contentHash":"afeb3397a782c0966d60a9de8e2ad79d_11.3.0"},"/Users/chimereucheya/Documents/more-recipes/server/shared/validations/signup.js":{"path":"/Users/chimereucheya/Documents/more-recipes/server/shared/validations/signup.js","statementMap":{"0":{"start":{"line":3,"column":0},"end":{"line":5,"column":3}},"1":{"start":{"line":6,"column":0},"end":{"line":6,"column":32}},"2":{"start":{"line":8,"column":17},"end":{"line":8,"column":37}},"3":{"start":{"line":10,"column":18},"end":{"line":10,"column":52}},"4":{"start":{"line":12,"column":15},"end":{"line":12,"column":40}},"5":{"start":{"line":14,"column":16},"end":{"line":14,"column":48}},"6":{"start":{"line":16,"column":39},"end":{"line":16,"column":93}},"7":{"start":{"line":24,"column":15},"end":{"line":24,"column":17}},"8":{"start":{"line":26,"column":2},"end":{"line":28,"column":3}},"9":{"start":{"line":27,"column":4},"end":{"line":27,"column":47}},"10":{"start":{"line":30,"column":2},"end":{"line":32,"column":3}},"11":{"start":{"line":31,"column":4},"end":{"line":31,"column":44}},"12":{"start":{"line":34,"column":2},"end":{"line":36,"column":3}},"13":{"start":{"line":35,"column":4},"end":{"line":35,"column":44}},"14":{"start":{"line":38,"column":2},"end":{"line":40,"column":3}},"15":{"start":{"line":39,"column":4},"end":{"line":39,"column":38}},"16":{"start":{"line":42,"column":2},"end":{"line":44,"column":3}},"17":{"start":{"line":43,"column":4},"end":{"line":43,"column":47}},"18":{"start":{"line":46,"column":2},"end":{"line":48,"column":3}},"19":{"start":{"line":47,"column":4},"end":{"line":47,"column":54}},"20":{"start":{"line":49,"column":2},"end":{"line":51,"column":3}},"21":{"start":{"line":50,"column":4},"end":{"line":50,"column":52}},"22":{"start":{"line":53,"column":2},"end":{"line":56,"column":4}}},"fnMap":{"0":{"name":"_interopRequireDefault","decl":{"start":{"line":16,"column":9},"end":{"line":16,"column":31}},"loc":{"start":{"line":16,"column":37},"end":{"line":16,"column":95}},"line":16},"1":{"name":"validateInput","decl":{"start":{"line":23,"column":9},"end":{"line":23,"column":22}},"loc":{"start":{"line":23,"column":29},"end":{"line":57,"column":1}},"line":23}},"branchMap":{"0":{"loc":{"start":{"line":16,"column":46},"end":{"line":16,"column":92}},"type":"cond-expr","locations":[{"start":{"line":16,"column":70},"end":{"line":16,"column":73}},{"start":{"line":16,"column":76},"end":{"line":16,"column":92}}],"line":16},"1":{"loc":{"start":{"line":16,"column":46},"end":{"line":16,"column":67}},"type":"binary-expr","locations":[{"start":{"line":16,"column":46},"end":{"line":16,"column":49}},{"start":{"line":16,"column":53},"end":{"line":16,"column":67}}],"line":16},"2":{"loc":{"start":{"line":26,"column":2},"end":{"line":28,"column":3}},"type":"if","locations":[{"start":{"line":26,"column":2},"end":{"line":28,"column":3}},{"start":{"line":26,"column":2},"end":{"line":28,"column":3}}],"line":26},"3":{"loc":{"start":{"line":30,"column":2},"end":{"line":32,"column":3}},"type":"if","locations":[{"start":{"line":30,"column":2},"end":{"line":32,"column":3}},{"start":{"line":30,"column":2},"end":{"line":32,"column":3}}],"line":30},"4":{"loc":{"start":{"line":34,"column":2},"end":{"line":36,"column":3}},"type":"if","locations":[{"start":{"line":34,"column":2},"end":{"line":36,"column":3}},{"start":{"line":34,"column":2},"end":{"line":36,"column":3}}],"line":34},"5":{"loc":{"start":{"line":38,"column":2},"end":{"line":40,"column":3}},"type":"if","locations":[{"start":{"line":38,"column":2},"end":{"line":40,"column":3}},{"start":{"line":38,"column":2},"end":{"line":40,"column":3}}],"line":38},"6":{"loc":{"start":{"line":42,"column":2},"end":{"line":44,"column":3}},"type":"if","locations":[{"start":{"line":42,"column":2},"end":{"line":44,"column":3}},{"start":{"line":42,"column":2},"end":{"line":44,"column":3}}],"line":42},"7":{"loc":{"start":{"line":46,"column":2},"end":{"line":48,"column":3}},"type":"if","locations":[{"start":{"line":46,"column":2},"end":{"line":48,"column":3}},{"start":{"line":46,"column":2},"end":{"line":48,"column":3}}],"line":46},"8":{"loc":{"start":{"line":49,"column":2},"end":{"line":51,"column":3}},"type":"if","locations":[{"start":{"line":49,"column":2},"end":{"line":51,"column":3}},{"start":{"line":49,"column":2},"end":{"line":51,"column":3}}],"line":49}},"s":{"0":1,"1":1,"2":1,"3":1,"4":1,"5":1,"6":2,"7":0,"8":0,"9":0,"10":0,"11":0,"12":0,"13":0,"14":0,"15":0,"16":0,"17":0,"18":0,"19":0,"20":0,"21":0,"22":0},"f":{"0":2,"1":0},"b":{"0":[0,2],"1":[2,2],"2":[0,0],"3":[0,0],"4":[0,0],"5":[0,0],"6":[0,0],"7":[0,0],"8":[0,0]},"_coverageSchema":"332fd63041d2c1bcb487cc26dd0d5f7d97098a6c","hash":"847e2333ba60ef06b1d45e7cf836dd5db6c60b86","contentHash":"274f913f2e49e184fa6e0e506704bf5c_11.3.0"},"/Users/chimereucheya/Documents/more-recipes/server/middleware/signUpValidator.js":{"path":"/Users/chimereucheya/Documents/more-recipes/server/middleware/signUpValidator.js","statementMap":{"0":{"start":{"line":3,"column":0},"end":{"line":5,"column":3}},"1":{"start":{"line":7,"column":0},"end":{"line":29,"column":2}},"2":{"start":{"line":8,"column":18},"end":{"line":8,"column":26}},"3":{"start":{"line":9,"column":17},"end":{"line":9,"column":35}},"4":{"start":{"line":10,"column":14},"end":{"line":10,"column":29}},"5":{"start":{"line":11,"column":17},"end":{"line":11,"column":35}},"6":{"start":{"line":14,"column":2},"end":{"line":16,"column":3}},"7":{"start":{"line":15,"column":4},"end":{"line":15,"column":79}},"8":{"start":{"line":17,"column":2},"end":{"line":19,"column":3}},"9":{"start":{"line":18,"column":4},"end":{"line":18,"column":76}},"10":{"start":{"line":20,"column":2},"end":{"line":22,"column":3}},"11":{"start":{"line":21,"column":4},"end":{"line":21,"column":79}},"12":{"start":{"line":23,"column":2},"end":{"line":27,"column":3}},"13":{"start":{"line":24,"column":4},"end":{"line":26,"column":7}},"14":{"start":{"line":28,"column":2},"end":{"line":28,"column":9}}},"fnMap":{"0":{"name":"(anonymous_0)","decl":{"start":{"line":7,"column":18},"end":{"line":7,"column":19}},"loc":{"start":{"line":7,"column":44},"end":{"line":29,"column":1}},"line":7}},"branchMap":{"0":{"loc":{"start":{"line":14,"column":2},"end":{"line":16,"column":3}},"type":"if","locations":[{"start":{"line":14,"column":2},"end":{"line":16,"column":3}},{"start":{"line":14,"column":2},"end":{"line":16,"column":3}}],"line":14},"1":{"loc":{"start":{"line":14,"column":6},"end":{"line":14,"column":41}},"type":"binary-expr","locations":[{"start":{"line":14,"column":6},"end":{"line":14,"column":15}},{"start":{"line":14,"column":19},"end":{"line":14,"column":41}}],"line":14},"2":{"loc":{"start":{"line":17,"column":2},"end":{"line":19,"column":3}},"type":"if","locations":[{"start":{"line":17,"column":2},"end":{"line":19,"column":3}},{"start":{"line":17,"column":2},"end":{"line":19,"column":3}}],"line":17},"3":{"loc":{"start":{"line":17,"column":6},"end":{"line":17,"column":35}},"type":"binary-expr","locations":[{"start":{"line":17,"column":6},"end":{"line":17,"column":12}},{"start":{"line":17,"column":16},"end":{"line":17,"column":35}}],"line":17},"4":{"loc":{"start":{"line":20,"column":2},"end":{"line":22,"column":3}},"type":"if","locations":[{"start":{"line":20,"column":2},"end":{"line":22,"column":3}},{"start":{"line":20,"column":2},"end":{"line":22,"column":3}}],"line":20},"5":{"loc":{"start":{"line":20,"column":6},"end":{"line":20,"column":41}},"type":"binary-expr","locations":[{"start":{"line":20,"column":6},"end":{"line":20,"column":15}},{"start":{"line":20,"column":19},"end":{"line":20,"column":41}}],"line":20},"6":{"loc":{"start":{"line":23,"column":2},"end":{"line":27,"column":3}},"type":"if","locations":[{"start":{"line":23,"column":2},"end":{"line":27,"column":3}},{"start":{"line":23,"column":2},"end":{"line":27,"column":3}}],"line":23}},"s":{"0":1,"1":1,"2":5,"3":5,"4":5,"5":5,"6":5,"7":1,"8":4,"9":1,"10":3,"11":1,"12":2,"13":1,"14":1},"f":{"0":5},"b":{"0":[1,4],"1":[5,4],"2":[1,3],"3":[4,3],"4":[1,2],"5":[3,2],"6":[1,1]},"_coverageSchema":"332fd63041d2c1bcb487cc26dd0d5f7d97098a6c","hash":"5a9cb640c173967c1e044acee4545f27569c42a0","contentHash":"356f56b0e773d900c938c8b29e3a20b9_11.3.0"},"/Users/chimereucheya/Documents/more-recipes/server/middleware/signInValidator.js":{"path":"/Users/chimereucheya/Documents/more-recipes/server/middleware/signInValidator.js","statementMap":{"0":{"start":{"line":3,"column":0},"end":{"line":5,"column":3}},"1":{"start":{"line":7,"column":0},"end":{"line":25,"column":2}},"2":{"start":{"line":8,"column":18},"end":{"line":8,"column":26}},"3":{"start":{"line":9,"column":14},"end":{"line":9,"column":29}},"4":{"start":{"line":10,"column":17},"end":{"line":10,"column":35}},"5":{"start":{"line":13,"column":2},"end":{"line":15,"column":3}},"6":{"start":{"line":14,"column":4},"end":{"line":14,"column":76}},"7":{"start":{"line":16,"column":2},"end":{"line":18,"column":3}},"8":{"start":{"line":17,"column":4},"end":{"line":17,"column":79}},"9":{"start":{"line":19,"column":2},"end":{"line":23,"column":3}},"10":{"start":{"line":20,"column":4},"end":{"line":22,"column":7}},"11":{"start":{"line":24,"column":2},"end":{"line":24,"column":9}}},"fnMap":{"0":{"name":"(anonymous_0)","decl":{"start":{"line":7,"column":18},"end":{"line":7,"column":19}},"loc":{"start":{"line":7,"column":44},"end":{"line":25,"column":1}},"line":7}},"branchMap":{"0":{"loc":{"start":{"line":13,"column":2},"end":{"line":15,"column":3}},"type":"if","locations":[{"start":{"line":13,"column":2},"end":{"line":15,"column":3}},{"start":{"line":13,"column":2},"end":{"line":15,"column":3}}],"line":13},"1":{"loc":{"start":{"line":13,"column":6},"end":{"line":13,"column":35}},"type":"binary-expr","locations":[{"start":{"line":13,"column":6},"end":{"line":13,"column":12}},{"start":{"line":13,"column":16},"end":{"line":13,"column":35}}],"line":13},"2":{"loc":{"start":{"line":16,"column":2},"end":{"line":18,"column":3}},"type":"if","locations":[{"start":{"line":16,"column":2},"end":{"line":18,"column":3}},{"start":{"line":16,"column":2},"end":{"line":18,"column":3}}],"line":16},"3":{"loc":{"start":{"line":16,"column":6},"end":{"line":16,"column":41}},"type":"binary-expr","locations":[{"start":{"line":16,"column":6},"end":{"line":16,"column":15}},{"start":{"line":16,"column":19},"end":{"line":16,"column":41}}],"line":16},"4":{"loc":{"start":{"line":19,"column":2},"end":{"line":23,"column":3}},"type":"if","locations":[{"start":{"line":19,"column":2},"end":{"line":23,"column":3}},{"start":{"line":19,"column":2},"end":{"line":23,"column":3}}],"line":19}},"s":{"0":1,"1":1,"2":6,"3":6,"4":6,"5":6,"6":1,"7":5,"8":1,"9":4,"10":1,"11":3},"f":{"0":6},"b":{"0":[1,5],"1":[6,5],"2":[1,4],"3":[5,4],"4":[1,3]},"_coverageSchema":"332fd63041d2c1bcb487cc26dd0d5f7d97098a6c","hash":"68d4c222c853940352b26d28e05b180aaaeebb7f","contentHash":"b5222f4aea2e23e5aa3d8546fd6b605f_11.3.0"},"/Users/chimereucheya/Documents/more-recipes/server/routes/recipes.js":{"path":"/Users/chimereucheya/Documents/more-recipes/server/routes/recipes.js","statementMap":{"0":{"start":{"line":3,"column":0},"end":{"line":5,"column":3}},"1":{"start":{"line":7,"column":15},"end":{"line":7,"column":47}},"2":{"start":{"line":9,"column":16},"end":{"line":9,"column":48}},"3":{"start":{"line":11,"column":21},"end":{"line":11,"column":59}},"4":{"start":{"line":13,"column":22},"end":{"line":13,"column":60}},"5":{"start":{"line":15,"column":23},"end":{"line":15,"column":63}},"6":{"start":{"line":17,"column":24},"end":{"line":17,"column":64}},"7":{"start":{"line":19,"column":39},"end":{"line":19,"column":93}},"8":{"start":{"line":21,"column":19},"end":{"line":27,"column":1}},"9":{"start":{"line":22,"column":2},"end":{"line":22,"column":112}},"10":{"start":{"line":23,"column":2},"end":{"line":23,"column":49}},"11":{"start":{"line":24,"column":2},"end":{"line":24,"column":59}},"12":{"start":{"line":25,"column":2},"end":{"line":25,"column":90}},"13":{"start":{"line":26,"column":2},"end":{"line":26,"column":93}},"14":{"start":{"line":29,"column":0},"end":{"line":29,"column":31}}},"fnMap":{"0":{"name":"_interopRequireDefault","decl":{"start":{"line":19,"column":9},"end":{"line":19,"column":31}},"loc":{"start":{"line":19,"column":37},"end":{"line":19,"column":95}},"line":19},"1":{"name":"recipeRoutes","decl":{"start":{"line":21,"column":28},"end":{"line":21,"column":40}},"loc":{"start":{"line":21,"column":49},"end":{"line":27,"column":1}},"line":21}},"branchMap":{"0":{"loc":{"start":{"line":19,"column":46},"end":{"line":19,"column":92}},"type":"cond-expr","locations":[{"start":{"line":19,"column":70},"end":{"line":19,"column":73}},{"start":{"line":19,"column":76},"end":{"line":19,"column":92}}],"line":19},"1":{"loc":{"start":{"line":19,"column":46},"end":{"line":19,"column":67}},"type":"binary-expr","locations":[{"start":{"line":19,"column":46},"end":{"line":19,"column":49}},{"start":{"line":19,"column":53},"end":{"line":19,"column":67}}],"line":19}},"s":{"0":1,"1":1,"2":1,"3":1,"4":1,"5":1,"6":1,"7":3,"8":1,"9":1,"10":1,"11":1,"12":1,"13":1,"14":1},"f":{"0":3,"1":1},"b":{"0":[3,0],"1":[3,3]},"_coverageSchema":"332fd63041d2c1bcb487cc26dd0d5f7d97098a6c","hash":"3bdffed7716d56b57c9ebc99cefe13d4e8d18829","contentHash":"69452688c2eef98062f712c99afc6f0a_11.3.0"},"/Users/chimereucheya/Documents/more-recipes/server/controller/recipes.js":{"path":"/Users/chimereucheya/Documents/more-recipes/server/controller/recipes.js","statementMap":{"0":{"start":{"line":3,"column":0},"end":{"line":5,"column":3}},"1":{"start":{"line":7,"column":19},"end":{"line":7,"column":563}},"2":{"start":{"line":7,"column":76},"end":{"line":7,"column":347}},"3":{"start":{"line":7,"column":134},"end":{"line":7,"column":142}},"4":{"start":{"line":7,"column":144},"end":{"line":7,"column":199}},"5":{"start":{"line":7,"column":200},"end":{"line":7,"column":231}},"6":{"start":{"line":7,"column":232},"end":{"line":7,"column":286}},"7":{"start":{"line":7,"column":259},"end":{"line":7,"column":286}},"8":{"start":{"line":7,"column":287},"end":{"line":7,"column":345}},"9":{"start":{"line":7,"column":350},"end":{"line":7,"column":559}},"10":{"start":{"line":7,"column":407},"end":{"line":7,"column":475}},"11":{"start":{"line":7,"column":423},"end":{"line":7,"column":475}},"12":{"start":{"line":7,"column":476},"end":{"line":7,"column":536}},"13":{"start":{"line":7,"column":493},"end":{"line":7,"column":536}},"14":{"start":{"line":7,"column":537},"end":{"line":7,"column":556}},"15":{"start":{"line":9,"column":14},"end":{"line":9,"column":34}},"16":{"start":{"line":11,"column":15},"end":{"line":11,"column":46}},"17":{"start":{"line":13,"column":39},"end":{"line":13,"column":93}},"18":{"start":{"line":15,"column":50},"end":{"line":15,"column":151}},"19":{"start":{"line":15,"column":92},"end":{"line":15,"column":149}},"20":{"start":{"line":17,"column":14},"end":{"line":17,"column":46}},"21":{"start":{"line":18,"column":14},"end":{"line":18,"column":46}},"22":{"start":{"line":19,"column":12},"end":{"line":19,"column":40}},"23":{"start":{"line":25,"column":13},"end":{"line":204,"column":3}},"24":{"start":{"line":27,"column":4},"end":{"line":27,"column":34}},"25":{"start":{"line":30,"column":2},"end":{"line":201,"column":6}},"26":{"start":{"line":40,"column":22},"end":{"line":40,"column":30}},"27":{"start":{"line":41,"column":23},"end":{"line":41,"column":43}},"28":{"start":{"line":42,"column":24},"end":{"line":42,"column":45}},"29":{"start":{"line":43,"column":24},"end":{"line":43,"column":45}},"30":{"start":{"line":46,"column":6},"end":{"line":55,"column":7}},"31":{"start":{"line":47,"column":8},"end":{"line":54,"column":11}},"32":{"start":{"line":53,"column":10},"end":{"line":53,"column":46}},"33":{"start":{"line":56,"column":6},"end":{"line":58,"column":9}},"34":{"start":{"line":71,"column":18},"end":{"line":71,"column":20}},"35":{"start":{"line":72,"column":6},"end":{"line":82,"column":7}},"36":{"start":{"line":73,"column":8},"end":{"line":77,"column":10}},"37":{"start":{"line":79,"column":8},"end":{"line":81,"column":10}},"38":{"start":{"line":83,"column":6},"end":{"line":94,"column":9}},"39":{"start":{"line":84,"column":8},"end":{"line":88,"column":9}},"40":{"start":{"line":85,"column":10},"end":{"line":87,"column":13}},"41":{"start":{"line":90,"column":8},"end":{"line":92,"column":9}},"42":{"start":{"line":91,"column":10},"end":{"line":91,"column":47}},"43":{"start":{"line":93,"column":8},"end":{"line":93,"column":69}},"44":{"start":{"line":107,"column":18},"end":{"line":107,"column":20}},"45":{"start":{"line":108,"column":6},"end":{"line":117,"column":7}},"46":{"start":{"line":109,"column":8},"end":{"line":112,"column":10}},"47":{"start":{"line":114,"column":8},"end":{"line":116,"column":10}},"48":{"start":{"line":118,"column":6},"end":{"line":129,"column":9}},"49":{"start":{"line":119,"column":8},"end":{"line":123,"column":9}},"50":{"start":{"line":120,"column":10},"end":{"line":122,"column":13}},"51":{"start":{"line":125,"column":8},"end":{"line":127,"column":9}},"52":{"start":{"line":126,"column":10},"end":{"line":126,"column":52}},"53":{"start":{"line":128,"column":8},"end":{"line":128,"column":69}},"54":{"start":{"line":142,"column":15},"end":{"line":142,"column":31}},"55":{"start":{"line":143,"column":23},"end":{"line":143,"column":31}},"56":{"start":{"line":144,"column":23},"end":{"line":144,"column":44}},"57":{"start":{"line":145,"column":24},"end":{"line":145,"column":46}},"58":{"start":{"line":146,"column":24},"end":{"line":146,"column":46}},"59":{"start":{"line":147,"column":20},"end":{"line":147,"column":38}},"60":{"start":{"line":148,"column":22},"end":{"line":148,"column":42}},"61":{"start":{"line":151,"column":6},"end":{"line":170,"column":9}},"62":{"start":{"line":156,"column":8},"end":{"line":168,"column":9}},"63":{"start":{"line":157,"column":10},"end":{"line":167,"column":13}},"64":{"start":{"line":164,"column":12},"end":{"line":164,"column":55}},"65":{"start":{"line":166,"column":12},"end":{"line":166,"column":58}},"66":{"start":{"line":169,"column":8},"end":{"line":169,"column":75}},"67":{"start":{"line":183,"column":15},"end":{"line":183,"column":31}},"68":{"start":{"line":185,"column":6},"end":{"line":199,"column":9}},"69":{"start":{"line":190,"column":8},"end":{"line":196,"column":9}},"70":{"start":{"line":191,"column":10},"end":{"line":193,"column":13}},"71":{"start":{"line":192,"column":12},"end":{"line":192,"column":72}},"72":{"start":{"line":195,"column":10},"end":{"line":195,"column":70}},"73":{"start":{"line":198,"column":8},"end":{"line":198,"column":54}},"74":{"start":{"line":203,"column":2},"end":{"line":203,"column":16}},"75":{"start":{"line":206,"column":0},"end":{"line":206,"column":25}}},"fnMap":{"0":{"name":"(anonymous_0)","decl":{"start":{"line":7,"column":19},"end":{"line":7,"column":20}},"loc":{"start":{"line":7,"column":31},"end":{"line":7,"column":561}},"line":7},"1":{"name":"defineProperties","decl":{"start":{"line":7,"column":42},"end":{"line":7,"column":58}},"loc":{"start":{"line":7,"column":74},"end":{"line":7,"column":349}},"line":7},"2":{"name":"(anonymous_2)","decl":{"start":{"line":7,"column":357},"end":{"line":7,"column":358}},"loc":{"start":{"line":7,"column":405},"end":{"line":7,"column":558}},"line":7},"3":{"name":"_interopRequireDefault","decl":{"start":{"line":13,"column":9},"end":{"line":13,"column":31}},"loc":{"start":{"line":13,"column":37},"end":{"line":13,"column":95}},"line":13},"4":{"name":"_classCallCheck","decl":{"start":{"line":15,"column":9},"end":{"line":15,"column":24}},"loc":{"start":{"line":15,"column":48},"end":{"line":15,"column":153}},"line":15},"5":{"name":"(anonymous_5)","decl":{"start":{"line":25,"column":13},"end":{"line":25,"column":14}},"loc":{"start":{"line":25,"column":25},"end":{"line":204,"column":1}},"line":25},"6":{"name":"Recipe","decl":{"start":{"line":26,"column":11},"end":{"line":26,"column":17}},"loc":{"start":{"line":26,"column":20},"end":{"line":28,"column":3}},"line":26},"7":{"name":"add","decl":{"start":{"line":39,"column":20},"end":{"line":39,"column":23}},"loc":{"start":{"line":39,"column":34},"end":{"line":59,"column":5}},"line":39},"8":{"name":"(anonymous_8)","decl":{"start":{"line":52,"column":16},"end":{"line":52,"column":17}},"loc":{"start":{"line":52,"column":34},"end":{"line":54,"column":9}},"line":52},"9":{"name":"get","decl":{"start":{"line":70,"column":20},"end":{"line":70,"column":23}},"loc":{"start":{"line":70,"column":34},"end":{"line":95,"column":5}},"line":70},"10":{"name":"(anonymous_10)","decl":{"start":{"line":83,"column":34},"end":{"line":83,"column":35}},"loc":{"start":{"line":83,"column":58},"end":{"line":94,"column":7}},"line":83},"11":{"name":"getMine","decl":{"start":{"line":106,"column":20},"end":{"line":106,"column":27}},"loc":{"start":{"line":106,"column":38},"end":{"line":130,"column":5}},"line":106},"12":{"name":"(anonymous_12)","decl":{"start":{"line":118,"column":34},"end":{"line":118,"column":35}},"loc":{"start":{"line":118,"column":58},"end":{"line":129,"column":7}},"line":118},"13":{"name":"update","decl":{"start":{"line":141,"column":20},"end":{"line":141,"column":26}},"loc":{"start":{"line":141,"column":37},"end":{"line":171,"column":5}},"line":141},"14":{"name":"(anonymous_14)","decl":{"start":{"line":155,"column":14},"end":{"line":155,"column":15}},"loc":{"start":{"line":155,"column":32},"end":{"line":170,"column":7}},"line":155},"15":{"name":"(anonymous_15)","decl":{"start":{"line":163,"column":18},"end":{"line":163,"column":19}},"loc":{"start":{"line":163,"column":43},"end":{"line":165,"column":11}},"line":163},"16":{"name":"(anonymous_16)","decl":{"start":{"line":165,"column":19},"end":{"line":165,"column":20}},"loc":{"start":{"line":165,"column":36},"end":{"line":167,"column":11}},"line":165},"17":{"name":"_delete","decl":{"start":{"line":182,"column":20},"end":{"line":182,"column":27}},"loc":{"start":{"line":182,"column":38},"end":{"line":200,"column":5}},"line":182},"18":{"name":"(anonymous_18)","decl":{"start":{"line":189,"column":14},"end":{"line":189,"column":15}},"loc":{"start":{"line":189,"column":32},"end":{"line":197,"column":7}},"line":189},"19":{"name":"(anonymous_19)","decl":{"start":{"line":191,"column":32},"end":{"line":191,"column":33}},"loc":{"start":{"line":191,"column":44},"end":{"line":193,"column":11}},"line":191},"20":{"name":"(anonymous_20)","decl":{"start":{"line":197,"column":15},"end":{"line":197,"column":16}},"loc":{"start":{"line":197,"column":32},"end":{"line":199,"column":7}},"line":197}},"branchMap":{"0":{"loc":{"start":{"line":7,"column":168},"end":{"line":7,"column":198}},"type":"binary-expr","locations":[{"start":{"line":7,"column":168},"end":{"line":7,"column":189}},{"start":{"line":7,"column":193},"end":{"line":7,"column":198}}],"line":7},"1":{"loc":{"start":{"line":7,"column":232},"end":{"line":7,"column":286}},"type":"if","locations":[{"start":{"line":7,"column":232},"end":{"line":7,"column":286}},{"start":{"line":7,"column":232},"end":{"line":7,"column":286}}],"line":7},"2":{"loc":{"start":{"line":7,"column":407},"end":{"line":7,"column":475}},"type":"if","locations":[{"start":{"line":7,"column":407},"end":{"line":7,"column":475}},{"start":{"line":7,"column":407},"end":{"line":7,"column":475}}],"line":7},"3":{"loc":{"start":{"line":7,"column":476},"end":{"line":7,"column":536}},"type":"if","locations":[{"start":{"line":7,"column":476},"end":{"line":7,"column":536}},{"start":{"line":7,"column":476},"end":{"line":7,"column":536}}],"line":7},"4":{"loc":{"start":{"line":13,"column":46},"end":{"line":13,"column":92}},"type":"cond-expr","locations":[{"start":{"line":13,"column":70},"end":{"line":13,"column":73}},{"start":{"line":13,"column":76},"end":{"line":13,"column":92}}],"line":13},"5":{"loc":{"start":{"line":13,"column":46},"end":{"line":13,"column":67}},"type":"binary-expr","locations":[{"start":{"line":13,"column":46},"end":{"line":13,"column":49}},{"start":{"line":13,"column":53},"end":{"line":13,"column":67}}],"line":13},"6":{"loc":{"start":{"line":15,"column":50},"end":{"line":15,"column":151}},"type":"if","locations":[{"start":{"line":15,"column":50},"end":{"line":15,"column":151}},{"start":{"line":15,"column":50},"end":{"line":15,"column":151}}],"line":15},"7":{"loc":{"start":{"line":46,"column":6},"end":{"line":55,"column":7}},"type":"if","locations":[{"start":{"line":46,"column":6},"end":{"line":55,"column":7}},{"start":{"line":46,"column":6},"end":{"line":55,"column":7}}],"line":46},"8":{"loc":{"start":{"line":46,"column":10},"end":{"line":46,"column":115}},"type":"binary-expr","locations":[{"start":{"line":46,"column":10},"end":{"line":46,"column":20}},{"start":{"line":46,"column":24},"end":{"line":46,"column":35}},{"start":{"line":46,"column":39},"end":{"line":46,"column":50}},{"start":{"line":46,"column":54},"end":{"line":46,"column":71}},{"start":{"line":46,"column":75},"end":{"line":46,"column":93}},{"start":{"line":46,"column":97},"end":{"line":46,"column":115}}],"line":46},"9":{"loc":{"start":{"line":72,"column":6},"end":{"line":82,"column":7}},"type":"if","locations":[{"start":{"line":72,"column":6},"end":{"line":82,"column":7}},{"start":{"line":72,"column":6},"end":{"line":82,"column":7}}],"line":72},"10":{"loc":{"start":{"line":72,"column":10},"end":{"line":72,"column":67}},"type":"binary-expr","locations":[{"start":{"line":72,"column":10},"end":{"line":72,"column":38}},{"start":{"line":72,"column":42},"end":{"line":72,"column":67}}],"line":72},"11":{"loc":{"start":{"line":84,"column":8},"end":{"line":88,"column":9}},"type":"if","locations":[{"start":{"line":84,"column":8},"end":{"line":88,"column":9}},{"start":{"line":84,"column":8},"end":{"line":88,"column":9}}],"line":84},"12":{"loc":{"start":{"line":90,"column":8},"end":{"line":92,"column":9}},"type":"if","locations":[{"start":{"line":90,"column":8},"end":{"line":92,"column":9}},{"start":{"line":90,"column":8},"end":{"line":92,"column":9}}],"line":90},"13":{"loc":{"start":{"line":108,"column":6},"end":{"line":117,"column":7}},"type":"if","locations":[{"start":{"line":108,"column":6},"end":{"line":117,"column":7}},{"start":{"line":108,"column":6},"end":{"line":117,"column":7}}],"line":108},"14":{"loc":{"start":{"line":108,"column":10},"end":{"line":108,"column":69}},"type":"binary-expr","locations":[{"start":{"line":108,"column":10},"end":{"line":108,"column":40}},{"start":{"line":108,"column":44},"end":{"line":108,"column":69}}],"line":108},"15":{"loc":{"start":{"line":119,"column":8},"end":{"line":123,"column":9}},"type":"if","locations":[{"start":{"line":119,"column":8},"end":{"line":123,"column":9}},{"start":{"line":119,"column":8},"end":{"line":123,"column":9}}],"line":119},"16":{"loc":{"start":{"line":125,"column":8},"end":{"line":127,"column":9}},"type":"if","locations":[{"start":{"line":125,"column":8},"end":{"line":127,"column":9}},{"start":{"line":125,"column":8},"end":{"line":127,"column":9}}],"line":125},"17":{"loc":{"start":{"line":156,"column":8},"end":{"line":168,"column":9}},"type":"if","locations":[{"start":{"line":156,"column":8},"end":{"line":168,"column":9}},{"start":{"line":156,"column":8},"end":{"line":168,"column":9}}],"line":156},"18":{"loc":{"start":{"line":158,"column":24},"end":{"line":158,"column":55}},"type":"binary-expr","locations":[{"start":{"line":158,"column":24},"end":{"line":158,"column":34}},{"start":{"line":158,"column":38},"end":{"line":158,"column":55}}],"line":158},"19":{"loc":{"start":{"line":159,"column":25},"end":{"line":159,"column":58}},"type":"binary-expr","locations":[{"start":{"line":159,"column":25},"end":{"line":159,"column":36}},{"start":{"line":159,"column":40},"end":{"line":159,"column":58}}],"line":159},"20":{"loc":{"start":{"line":160,"column":25},"end":{"line":160,"column":58}},"type":"binary-expr","locations":[{"start":{"line":160,"column":25},"end":{"line":160,"column":36}},{"start":{"line":160,"column":40},"end":{"line":160,"column":58}}],"line":160},"21":{"loc":{"start":{"line":161,"column":21},"end":{"line":161,"column":50}},"type":"binary-expr","locations":[{"start":{"line":161,"column":21},"end":{"line":161,"column":45}},{"start":{"line":161,"column":49},"end":{"line":161,"column":50}}],"line":161},"22":{"loc":{"start":{"line":162,"column":23},"end":{"line":162,"column":56}},"type":"binary-expr","locations":[{"start":{"line":162,"column":23},"end":{"line":162,"column":51}},{"start":{"line":162,"column":55},"end":{"line":162,"column":56}}],"line":162},"23":{"loc":{"start":{"line":190,"column":8},"end":{"line":196,"column":9}},"type":"if","locations":[{"start":{"line":190,"column":8},"end":{"line":196,"column":9}},{"start":{"line":190,"column":8},"end":{"line":196,"column":9}}],"line":190}},"s":{"0":1,"1":1,"2":1,"3":5,"4":5,"5":5,"6":5,"7":5,"8":5,"9":1,"10":1,"11":0,"12":1,"13"
[...]
column":7}},"28":{"start":{"line":42,"column":8},"end":{"line":64,"column":11}},"29":{"start":{"line":48,"column":10},"end":{"line":52,"column":11}},"30":{"start":{"line":49,"column":12},"end":{"line":51,"column":15}},"31":{"start":{"line":54,"column":10},"end":{"line":61,"column":13}},"32":{"start":{"line":58,"column":12},"end":{"line":58,"column":53}},"33":{"start":{"line":60,"column":12},"end":{"line":60,"column":47}},"34":{"start":{"line":63,"column":10},"end":{"line":63,"column":45}},"35":{"start":{"line":66,"column":6},"end":{"line":68,"column":9}},"36":{"start":{"line":80,"column":6},"end":{"line":84,"column":9}},"37":{"start":{"line":81,"column":8},"end":{"line":81,"column":55}},"38":{"start":{"line":83,"column":8},"end":{"line":83,"column":43}},"39":{"start":{"line":88,"column":2},"end":{"line":88,"column":18}},"40":{"start":{"line":91,"column":0},"end":{"line":91,"column":27}}},"fnMap":{"0":{"name":"(anonymous_0)","decl":{"start":{"line":7,"column":19},"end":{"line":7,"column":20}},"loc":{"start":{"line":7,"column":31},"end":{"line":7,"column":561}},"line":7},"1":{"name":"defineProperties","decl":{"start":{"line":7,"column":42},"end":{"line":7,"column":58}},"loc":{"start":{"line":7,"column":74},"end":{"line":7,"column":349}},"line":7},"2":{"name":"(anonymous_2)","decl":{"start":{"line":7,"column":357},"end":{"line":7,"column":358}},"loc":{"start":{"line":7,"column":405},"end":{"line":7,"column":558}},"line":7},"3":{"name":"_interopRequireDefault","decl":{"start":{"line":13,"column":9},"end":{"line":13,"column":31}},"loc":{"start":{"line":13,"column":37},"end":{"line":13,"column":95}},"line":13},"4":{"name":"_classCallCheck","decl":{"start":{"line":15,"column":9},"end":{"line":15,"column":24}},"loc":{"start":{"line":15,"column":48},"end":{"line":15,"column":153}},"line":15},"5":{"name":"(anonymous_5)","decl":{"start":{"line":22,"column":15},"end":{"line":22,"column":16}},"loc":{"start":{"line":22,"column":27},"end":{"line":89,"column":1}},"line":22},"6":{"name":"Favorite","decl":{"start":{"line":23,"column":11},"end":{"line":23,"column":19}},"loc":{"start":{"line":23,"column":22},"end":{"line":25,"column":3}},"line":23},"7":{"name":"makeFavorite","decl":{"start":{"line":36,"column":20},"end":{"line":36,"column":32}},"loc":{"start":{"line":36,"column":43},"end":{"line":69,"column":5}},"line":36},"8":{"name":"(anonymous_8)","decl":{"start":{"line":47,"column":16},"end":{"line":47,"column":17}},"loc":{"start":{"line":47,"column":37},"end":{"line":62,"column":9}},"line":47},"9":{"name":"(anonymous_9)","decl":{"start":{"line":57,"column":18},"end":{"line":57,"column":19}},"loc":{"start":{"line":57,"column":41},"end":{"line":59,"column":11}},"line":57},"10":{"name":"(anonymous_10)","decl":{"start":{"line":59,"column":19},"end":{"line":59,"column":20}},"loc":{"start":{"line":59,"column":34},"end":{"line":61,"column":11}},"line":59},"11":{"name":"(anonymous_11)","decl":{"start":{"line":62,"column":17},"end":{"line":62,"column":18}},"loc":{"start":{"line":62,"column":32},"end":{"line":64,"column":9}},"line":62},"12":{"name":"getFavorites","decl":{"start":{"line":79,"column":20},"end":{"line":79,"column":32}},"loc":{"start":{"line":79,"column":43},"end":{"line":85,"column":5}},"line":79},"13":{"name":"(anonymous_13)","decl":{"start":{"line":80,"column":34},"end":{"line":80,"column":35}},"loc":{"start":{"line":80,"column":55},"end":{"line":82,"column":7}},"line":80},"14":{"name":"(anonymous_14)","decl":{"start":{"line":82,"column":15},"end":{"line":82,"column":16}},"loc":{"start":{"line":82,"column":30},"end":{"line":84,"column":7}},"line":82}},"branchMap":{"0":{"loc":{"start":{"line":7,"column":168},"end":{"line":7,"column":198}},"type":"binary-expr","locations":[{"start":{"line":7,"column":168},"end":{"line":7,"column":189}},{"start":{"line":7,"column":193},"end":{"line":7,"column":198}}],"line":7},"1":{"loc":{"start":{"line":7,"column":232},"end":{"line":7,"column":286}},"type":"if","locations":[{"start":{"line":7,"column":232},"end":{"line":7,"column":286}},{"start":{"line":7,"column":232},"end":{"line":7,"column":286}}],"line":7},"2":{"loc":{"start":{"line":7,"column":407},"end":{"line":7,"column":475}},"type":"if","locations":[{"start":{"line":7,"column":407},"end":{"line":7,"column":475}},{"start":{"line":7,"column":407},"end":{"line":7,"column":475}}],"line":7},"3":{"loc":{"start":{"line":7,"column":476},"end":{"line":7,"column":536}},"type":"if","locations":[{"start":{"line":7,"column":476},"end":{"line":7,"column":536}},{"start":{"line":7,"column":476},"end":{"line":7,"column":536}}],"line":7},"4":{"loc":{"start":{"line":13,"column":46},"end":{"line":13,"column":92}},"type":"cond-expr","locations":[{"start":{"line":13,"column":70},"end":{"line":13,"column":73}},{"start":{"line":13,"column":76},"end":{"line":13,"column":92}}],"line":13},"5":{"loc":{"start":{"line":13,"column":46},"end":{"line":13,"column":67}},"type":"binary-expr","locations":[{"start":{"line":13,"column":46},"end":{"line":13,"column":49}},{"start":{"line":13,"column":53},"end":{"line":13,"column":67}}],"line":13},"6":{"loc":{"start":{"line":15,"column":50},"end":{"line":15,"column":151}},"type":"if","locations":[{"start":{"line":15,"column":50},"end":{"line":15,"column":151}},{"start":{"line":15,"column":50},"end":{"line":15,"column":151}}],"line":15},"7":{"loc":{"start":{"line":41,"column":6},"end":{"line":65,"column":7}},"type":"if","locations":[{"start":{"line":41,"column":6},"end":{"line":65,"column":7}},{"start":{"line":41,"column":6},"end":{"line":65,"column":7}}],"line":41},"8":{"loc":{"start":{"line":41,"column":10},"end":{"line":41,"column":64}},"type":"binary-expr","locations":[{"start":{"line":41,"column":10},"end":{"line":41,"column":18}},{"start":{"line":41,"column":22},"end":{"line":41,"column":28}},{"start":{"line":41,"column":32},"end":{"line":41,"column":47}},{"start":{"line":41,"column":51},"end":{"line":41,"column":64}}],"line":41},"9":{"loc":{"start":{"line":48,"column":10},"end":{"line":52,"column":11}},"type":"if","locations":[{"start":{"line":48,"column":10},"end":{"line":52,"column":11}},{"start":{"line":48,"column":10},"end":{"line":52,"column":11}}],"line":48}},"s":{"0":1,"1":1,"2":1,"3":2,"4":2,"5":2,"6":2,"7":2,"8":2,"9":1,"10":1,"11":0,"12":1,"13":1,"14":1,"15":1,"16":1,"17":1,"18":0,"19":0,"20":1,"21":1,"22":0,"23":1,"24":0,"25":0,"26":0,"27":0,"28":0,"29":0,"30":0,"31":0,"32":0,"33":0,"34":0,"35":0,"36":0,"37":0,"38":0,"39":1,"40":1},"f":{"0":1,"1":1,"2":1,"3":1,"4":0,"5":1,"6":0,"7":0,"8":0,"9":0,"10":0,"11":0,"12":0,"13":0,"14":0},"b":{"0":[2,2],"1":[2,0],"2":[0,1],"3":[1,0],"4":[1,0],"5":[1,1],"6":[0,0],"7":[0,0],"8":[0,0,0,0],"9":[0,0]},"_coverageSchema":"332fd63041d2c1bcb487cc26dd0d5f7d97098a6c","hash":"92ef7f26b5a17ecbaadf5eb53771cd63370ca9fb","contentHash":"bc2954fed4618feb794008e7375993b8_11.3.0"},"/Users/chimereucheya/Documents/more-recipes/server/routes/votes.js":{"path":"/Users/chimereucheya/Documents/more-recipes/server/routes/votes.js","statementMap":{"0":{"start":{"line":3,"column":0},"end":{"line":5,"column":3}},"1":{"start":{"line":7,"column":13},"end":{"line":7,"column":43}},"2":{"start":{"line":9,"column":14},"end":{"line":9,"column":44}},"3":{"start":{"line":11,"column":39},"end":{"line":11,"column":93}},"4":{"start":{"line":13,"column":17},"end":{"line":16,"column":1}},"5":{"start":{"line":14,"column":2},"end":{"line":14,"column":49}},"6":{"start":{"line":15,"column":2},"end":{"line":15,"column":80}},"7":{"start":{"line":18,"column":0},"end":{"line":18,"column":29}}},"fnMap":{"0":{"name":"_interopRequireDefault","decl":{"start":{"line":11,"column":9},"end":{"line":11,"column":31}},"loc":{"start":{"line":11,"column":37},"end":{"line":11,"column":95}},"line":11},"1":{"name":"voteRoutes","decl":{"start":{"line":13,"column":26},"end":{"line":13,"column":36}},"loc":{"start":{"line":13,"column":45},"end":{"line":16,"column":1}},"line":13}},"branchMap":{"0":{"loc":{"start":{"line":11,"column":46},"end":{"line":11,"column":92}},"type":"cond-expr","locations":[{"start":{"line":11,"column":70},"end":{"line":11,"column":73}},{"start":{"line":11,"column":76},"end":{"line":11,"column":92}}],"line":11},"1":{"loc":{"start":{"line":11,"column":46},"end":{"line":11,"column":67}},"type":"binary-expr","locations":[{"start":{"line":11,"column":46},"end":{"line":11,"column":49}},{"start":{"line":11,"column":53},"end":{"line":11,"column":67}}],"line":11}},"s":{"0":1,"1":1,"2":1,"3":1,"4":1,"5":1,"6":1,"7":1},"f":{"0":1,"1":1},"b":{"0":[1,0],"1":[1,1]},"_coverageSchema":"332fd63041d2c1bcb487cc26dd0d5f7d97098a6c","hash":"2034adfdbd38b9ab3811c6c63939a39953906802","contentHash":"36510abba94cec4be102f5265ef87efa_11.3.0"},"/Users/chimereucheya/Documents/more-recipes/server/controller/votes.js":{"path":"/Users/chimereucheya/Documents/more-recipes/server/controller/votes.js","statementMap":{"0":{"start":{"line":3,"column":0},"end":{"line":5,"column":3}},"1":{"start":{"line":7,"column":19},"end":{"line":7,"column":563}},"2":{"start":{"line":7,"column":76},"end":{"line":7,"column":347}},"3":{"start":{"line":7,"column":134},"end":{"line":7,"column":142}},"4":{"start":{"line":7,"column":144},"end":{"line":7,"column":199}},"5":{"start":{"line":7,"column":200},"end":{"line":7,"column":231}},"6":{"start":{"line":7,"column":232},"end":{"line":7,"column":286}},"7":{"start":{"line":7,"column":259},"end":{"line":7,"column":286}},"8":{"start":{"line":7,"column":287},"end":{"line":7,"column":345}},"9":{"start":{"line":7,"column":350},"end":{"line":7,"column":559}},"10":{"start":{"line":7,"column":407},"end":{"line":7,"column":475}},"11":{"start":{"line":7,"column":423},"end":{"line":7,"column":475}},"12":{"start":{"line":7,"column":476},"end":{"line":7,"column":536}},"13":{"start":{"line":7,"column":493},"end":{"line":7,"column":536}},"14":{"start":{"line":7,"column":537},"end":{"line":7,"column":556}},"15":{"start":{"line":9,"column":17},"end":{"line":9,"column":37}},"16":{"start":{"line":11,"column":18},"end":{"line":11,"column":52}},"17":{"start":{"line":13,"column":14},"end":{"line":13,"column":34}},"18":{"start":{"line":15,"column":15},"end":{"line":15,"column":46}},"19":{"start":{"line":17,"column":39},"end":{"line":17,"column":93}},"20":{"start":{"line":19,"column":50},"end":{"line":19,"column":151}},"21":{"start":{"line":19,"column":92},"end":{"line":19,"column":149}},"22":{"start":{"line":21,"column":12},"end":{"line":21,"column":40}},"23":{"start":{"line":22,"column":14},"end":{"line":22,"column":46}},"24":{"start":{"line":28,"column":11},"end":{"line":117,"column":3}},"25":{"start":{"line":30,"column":4},"end":{"line":30,"column":32}},"26":{"start":{"line":33,"column":2},"end":{"line":114,"column":6}},"27":{"start":{"line":43,"column":22},"end":{"line":43,"column":30}},"28":{"start":{"line":44,"column":19},"end":{"line":44,"column":35}},"29":{"start":{"line":45,"column":21},"end":{"line":45,"column":39}},"30":{"start":{"line":46,"column":20},"end":{"line":46,"column":37}},"31":{"start":{"line":47,"column":22},"end":{"line":47,"column":41}},"32":{"start":{"line":49,"column":6},"end":{"line":89,"column":7}},"33":{"start":{"line":50,"column":8},"end":{"line":88,"column":11}},"34":{"start":{"line":56,"column":10},"end":{"line":60,"column":11}},"35":{"start":{"line":57,"column":12},"end":{"line":59,"column":15}},"36":{"start":{"line":62,"column":10},"end":{"line":85,"column":13}},"37":{"start":{"line":68,"column":12},"end":{"line":82,"column":15}},"38":{"start":{"line":71,"column":14},"end":{"line":79,"column":15}},"39":{"start":{"line":72,"column":16},"end":{"line":72,"column":44}},"40":{"start":{"line":73,"column":21},"end":{"line":79,"column":15}},"41":{"start":{"line":74,"column":16},"end":{"line":74,"column":44}},"42":{"start":{"line":76,"column":16},"end":{"line":78,"column":19}},"43":{"start":{"line":81,"column":14},"end":{"line":81,"column":51}},"44":{"start":{"line":84,"column":12},"end":{"line":84,"column":47}},"45":{"start":{"line":87,"column":10},"end":{"line":87,"column":45}},"46":{"start":{"line":90,"column":6},"end":{"line":92,"column":9}},"47":{"start":{"line":105,"column":6},"end":{"line":112,"column":9}},"48":{"start":{"line":109,"column":8},"end":{"line":109,"column":63}},"49":{"start":{"line":111,"column":8},"end":{"line":111,"column":45}},"50":{"start":{"line":116,"column":2},"end":{"line":116,"column":14}},"51":{"start":{"line":119,"column":0},"end":{"line":119,"column":23}}},"fnMap":{"0":{"name":"(anonymous_0)","decl":{"start":{"line":7,"column":19},"end":{"line":7,"column":20}},"loc":{"start":{"line":7,"column":31},"end":{"line":7,"column":561}},"line":7},"1":{"name":"defineProperties","decl":{"start":{"line":7,"column":42},"end":{"line":7,"column":58}},"loc":{"start":{"line":7,"column":74},"end":{"line":7,"column":349}},"line":7},"2":{"name":"(anonymous_2)","decl":{"start":{"line":7,"column":357},"end":{"line":7,"column":358}},"loc":{"start":{"line":7,"column":405},"end":{"line":7,"column":558}},"line":7},"3":{"name":"_interopRequireDefault","decl":{"start":{"line":17,"column":9},"end":{"line":17,"column":31}},"loc":{"start":{"line":17,"column":37},"end":{"line":17,"column":95}},"line":17},"4":{"name":"_classCallCheck","decl":{"start":{"line":19,"column":9},"end":{"line":19,"column":24}},"loc":{"start":{"line":19,"column":48},"end":{"line":19,"column":153}},"line":19},"5":{"name":"(anonymous_5)","decl":{"start":{"line":28,"column":11},"end":{"line":28,"column":12}},"loc":{"start":{"line":28,"column":23},"end":{"line":117,"column":1}},"line":28},"6":{"name":"Vote","decl":{"start":{"line":29,"column":11},"end":{"line":29,"column":15}},"loc":{"start":{"line":29,"column":18},"end":{"line":31,"column":3}},"line":29},"7":{"name":"upVotes","decl":{"start":{"line":42,"column":20},"end":{"line":42,"column":27}},"loc":{"start":{"line":42,"column":38},"end":{"line":93,"column":5}},"line":42},"8":{"name":"(anonymous_8)","decl":{"start":{"line":55,"column":16},"end":{"line":55,"column":17}},"loc":{"start":{"line":55,"column":41},"end":{"line":86,"column":9}},"line":55},"9":{"name":"(anonymous_9)","decl":{"start":{"line":67,"column":18},"end":{"line":67,"column":19}},"loc":{"start":{"line":67,"column":44},"end":{"line":83,"column":11}},"line":67},"10":{"name":"(anonymous_10)","decl":{"start":{"line":70,"column":20},"end":{"line":70,"column":21}},"loc":{"start":{"line":70,"column":38},"end":{"line":82,"column":13}},"line":70},"11":{"name":"(anonymous_11)","decl":{"start":{"line":83,"column":19},"end":{"line":83,"column":20}},"loc":{"start":{"line":83,"column":34},"end":{"line":85,"column":11}},"line":83},"12":{"name":"(anonymous_12)","decl":{"start":{"line":86,"column":17},"end":{"line":86,"column":18}},"loc":{"start":{"line":86,"column":32},"end":{"line":88,"column":9}},"line":86},"13":{"name":"getAllUpvoted","decl":{"start":{"line":104,"column":20},"end":{"line":104,"column":33}},"loc":{"start":{"line":104,"column":44},"end":{"line":113,"column":5}},"line":104},"14":{"name":"(anonymous_14)","decl":{"start":{"line":108,"column":14},"end":{"line":108,"column":15}},"loc":{"start":{"line":108,"column":39},"end":{"line":110,"column":7}},"line":108},"15":{"name":"(anonymous_15)","decl":{"start":{"line":110,"column":15},"end":{"line":110,"column":16}},"loc":{"start":{"line":110,"column":30},"end":{"line":112,"column":7}},"line":110}},"branchMap":{"0":{"loc":{"start":{"line":7,"column":168},"end":{"line":7,"column":198}},"type":"binary-expr","locations":[{"start":{"line":7,"column":168},"end":{"line":7,"column":189}},{"start":{"line":7,"column":193},"end":{"line":7,"column":198}}],"line":7},"1":{"loc":{"start":{"line":7,"column":232},"end":{"line":7,"column":286}},"type":"if","locations":[{"start":{"line":7,"column":232},"end":{"line":7,"column":286}},{"start":{"line":7,"column":232},"end":{"line":7,"column":286}}],"line":7},"2":{"loc":{"start":{"line":7,"column":407},"end":{"line":7,"column":475}},"type":"if","locations":[{"start":{"line":7,"column":407},"end":{"line":7,"column":475}},{"start":{"line":7,"column":407},"end":{"line":7,"column":475}}],"line":7},"3":{"loc":{"start":{"line":7,"column":476},"end":{"line":7,"column":536}},"type":"if","locations":[{"start":{"line":7,"column":476},"end":{"line":7,"column":536}},{"start":{"line":7,"column":476},"end":{"line":7,"column":536}}],"line":7},"4":{"loc":{"start":{"line":17,"column":46},"end":{"line":17,"column":92}},"type":"cond-expr","locations":[{"start":{"line":17,"column":70},"end":{"line":17,"column":73}},{"start":{"line":17,"column":76},"end":{"line":17,"column":92}}],"line":17},"5":{"loc":{"start":{"line":17,"column":46},"end":{"line":17,"column":67}},"type":"binary-expr","locations":[{"start":{"line":17,"column":46},"end":{"line":17,"column":49}},{"start":{"line":17,"column":53},"end":{"line":17,"column":67}}],"line":17},"6":{"loc":{"start":{"line":19,"column":50},"end":{"line":19,"column":151}},"type":"if","locations":[{"start":{"line":19,"column":50},"end":{"line":19,"column":151}},{"start":{"line":19,"column":50},"end":{"line":19,"column":151}}],"line":19},"7":{"loc":{"start":{"line":49,"column":6},"end":{"line":89,"column":7}},"type":"if","locations":[{"start":{"line":49,"column":6},"end":{"line":89,"column":7}},{"start":{"line":49,"column":6},"end":{"line":89,"column":7}}],"line":49},"8":{"loc":{"start":{"line":49,"column":10},"end":{"line":49,"column":126}},"type":"binary-expr","locations":[{"start":{"line":49,"column":10},"end":{"line":49,"column":16}},{"start":{"line":49,"column":20},"end":{"line":49,"column":28}},{"start":{"line":49,"column":32},"end":{"line":49,"column":39}},{"start":{"line":49,"column":43},"end":{"line":49,"column":52}},{"start":{"line":49,"column":56},"end":{"line":49,"column":69}},{"start":{"line":49,"column":73},"end":{"line":49,"column":88}},{"start":{"line":49,"column":92},"end":{"line":49,"column":106}},{"start":{"line":49,"column":110},"end":{"line":49,"column":126}}],"line":49},"9":{"loc":{"start":{"line":56,"column":10},"end":{"line":60,"column":11}},"type":"if","locations":[{"start":{"line":56,"column":10},"end":{"line":60,"column":11}},{"start":{"line":56,"column":10},"end":{"line":60,"column":11}}],"line":56},"10":{"loc":{"start":{"line":71,"column":14},"end":{"line":79,"column":15}},"type":"if","locations":[{"start":{"line":71,"column":14},"end":{"line":79,"column":15}},{"start":{"line":71,"column":14},"end":{"line":79,"column":15}}],"line":71},"11":{"loc":{"start":{"line":73,"column":21},"end":{"line":79,"column":15}},"type":"if","locations":[{"start":{"line":73,"column":21},"end":{"line":79,"column":15}},{"start":{"line":73,"column":21},"end":{"line":79,"column":15}}],"line":73}},"s":{"0":1,"1":1,"2":1,"3":2,"4":2,"5":2,"6":2,"7":2,"8":2,"9":1,"10":1,"11":0,"12":1,"13":1,"14":1,"15":1,"16":1,"17":1,"18":1,"19":2,"20":0,"21":0,"22":1,"23":1,"24":1,"25":0,"26":1,"27":0,"28":0,"29":0,"30":0,"31":0,"32":0,"33":0,"34":0,"35":0,"36":0,"37":0,"38":0,"39":0,"40":0,"41":0,"42":0,"43":0,"44":0,"45":0,"46":0,"47":0,"48":0,"49":0,"50":1,"51":1},"f":{"0":1,"1":1,"2":1,"3":2,"4":0,"5":1,"6":0,"7":0,"8":0,"9":0,"10":0,"11":0,"12":0,"13":0,"14":0,"15":0},"b":{"0":[2,2],"1":[2,0],"2":[0,1],"3":[1,0],"4":[1,1],"5":[2,2],"6":[0,0],"7":[0,0],"8":[0,0,0,0,0,0,0,0],"9":[0,0],"10":[0,0],"11":[0,0]},"_coverageSchema":"332fd63041d2c1bcb487cc26dd0d5f7d97098a6c","hash":"0c774fc1cd3c942d3775f4f859217044bcbb00b7","contentHash":"943c1067a66305e67313d110496ff7ef_11.3.0"},"/Users/chimereucheya/Documents/more-recipes/webpack.config.dev.js":{"path":"/Users/chimereucheya/Documents/more-recipes/webpack.config.dev.js","statementMap":{"0":{"start":{"line":3,"column":11},"end":{"line":3,"column":26}},"1":{"start":{"line":4,"column":14},"end":{"line":4,"column":32}},"2":{"start":{"line":6,"column":0},"end":{"line":54,"column":2}}},"fnMap":{},"branchMap":{},"s":{"0":1,"1":1,"2":1},"f":{},"b":{},"_coverageSchema":"332fd63041d2c1bcb487cc26dd0d5f7d97098a6c","hash":"dd33e17ef59df6f69b74adab7bf4d19d2fe61b3a","contentHash":"68de80696c8c3ad693122ab13ac309fe_11.3.0"}}