TN:
SF:/Users/chimereucheya/Documents/more-recipes/webpack.config.dev.js
FNF:0
FNH:0
DA:1,1
DA:2,1
DA:3,1
DA:5,1
LF:4
LH:4
BRF:0
BRH:0
end_of_record
TN:
SF:/Users/chimereucheya/Documents/more-recipes/server/app.js
FN:49,(anonymous_1)
FN:55,(anonymous_2)
FN:56,(anonymous_3)
FN:63,(anonymous_4)
FNF:4
FNH:2
FNDA:0,(anonymous_1)
FNDA:1,(anonymous_2)
FNDA:1,(anonymous_3)
FNDA:0,(anonymous_4)
DA:1,1
DA:2,1
DA:3,1
DA:4,1
DA:5,1
DA:6,1
DA:7,1
DA:8,1
DA:10,1
DA:12,1
DA:13,1
DA:15,1
DA:17,1
DA:18,1
DA:19,1
DA:21,1
DA:22,1
DA:23,1
DA:25,1
DA:26,1
DA:29,1
DA:30,1
DA:31,1
DA:32,1
DA:37,1
DA:40,1
DA:41,1
DA:43,1
DA:45,1
DA:47,1
DA:49,1
DA:50,0
DA:53,1
DA:56,1
DA:57,1
DA:58,1
DA:61,1
DA:64,0
LF:38
LH:36
BRDA:19,0,0,1
BRDA:19,0,1,1
BRDA:25,1,0,1
BRDA:25,1,1,0
BRDA:29,2,0,1
BRDA:29,2,1,0
BRDA:29,3,0,1
BRDA:29,3,1,1
BRDA:57,4,0,1
BRDA:57,4,1,0
BRF:10
BRH:7
end_of_record
TN:
SF:/Users/chimereucheya/Documents/more-recipes/server/config/config.js
FN:18,(anonymous_0)
FNF:1
FNH:0
FNDA:0,(anonymous_0)
DA:1,1
DA:3,1
DA:4,1
DA:5,1
DA:6,1
DA:7,1
DA:8,0
DA:9,0
DA:10,0
DA:11,0
DA:14,1
DA:15,1
DA:18,0
DA:24,1
LF:14
LH:9
BRDA:3,0,0,1
BRDA:3,0,1,0
BRDA:6,1,0,1
BRDA:6,1,1,0
BRDA:8,2,0,0
BRDA:8,2,1,0
BRDA:10,3,0,0
BRDA:10,3,1,0
BRDA:14,4,0,1
BRDA:14,4,1,0
BRDA:18,5,0,0
BRDA:18,5,1,1
BRF:12
BRH:4
end_of_record
TN:
SF:/Users/chimereucheya/Documents/more-recipes/server/controller /Favorites.js
FN:27,(anonymous_8)
FN:34,(anonymous_9)
FN:42,(anonymous_10)
FN:50,(anonymous_11)
FN:79,(anonymous_13)
FN:82,(anonymous_14)
FN:89,(anonymous_15)
FN:97,(anonymous_16)
FN:137,(anonymous_18)
FN:148,(anonymous_19)
FNF:10
FNH:7
FNDA:5,(anonymous_8)
FNDA:2,(anonymous_9)
FNDA:1,(anonymous_10)
FNDA:0,(anonymous_11)
FNDA:3,(anonymous_13)
FNDA:2,(anonymous_14)
FNDA:1,(anonymous_15)
FNDA:0,(anonymous_16)
FNDA:2,(anonymous_18)
FNDA:0,(anonymous_19)
DA:1,1
DA:4,1
DA:5,1
DA:21,5
DA:22,5
DA:23,5
DA:27,5
DA:28,5
DA:29,2
DA:35,2
DA:36,1
DA:41,1
DA:43,1
DA:44,1
DA:51,0
DA:58,3
DA:77,3
DA:78,3
DA:79,3
DA:80,3
DA:81,2
DA:83,2
DA:84,1
DA:90,1
DA:91,1
DA:98,0
DA:104,1
DA:110,1
DA:130,2
DA:132,2
DA:138,2
DA:139,1
DA:144,1
DA:145,1
DA:148,0
LF:35
LH:32
BRDA:28,0,0,2
BRDA:28,0,1,3
BRDA:35,1,0,1
BRDA:35,1,1,1
BRDA:43,2,0,1
BRDA:43,2,1,0
BRDA:80,3,0,2
BRDA:80,3,1,1
BRDA:83,4,0,1
BRDA:83,4,1,1
BRDA:90,5,0,1
BRDA:90,5,1,0
BRDA:138,6,0,1
BRDA:138,6,1,1
BRDA:144,7,0,1
BRDA:144,7,1,0
BRF:16
BRH:13
end_of_record
TN:
SF:/Users/chimereucheya/Documents/more-recipes/server/controller /Recipes.js
FN:41,(anonymous_8)
FN:45,(anonymous_9)
FN:66,(anonymous_11)
FN:82,(anonymous_12)
FN:90,(anonymous_13)
FN:95,(anonymous_14)
FN:105,(anonymous_15)
FN:139,(anonymous_17)
FN:160,(anonymous_18)
FN:198,(anonymous_20)
FN:219,(anonymous_21)
FN:243,(anonymous_23)
FN:253,(anonymous_24)
FN:259,(anonymous_25)
FN:283,(anonymous_27)
FN:287,(anonymous_28)
FN:292,(anonymous_29)
FN:327,(anonymous_31)
FN:339,(anonymous_32)
FNF:19
FNH:11
FNDA:2,(anonymous_8)
FNDA:0,(anonymous_9)
FNDA:3,(anonymous_11)
FNDA:1,(anonymous_12)
FNDA:1,(anonymous_13)
FNDA:0,(anonymous_14)
FNDA:0,(anonymous_15)
FNDA:2,(anonymous_17)
FNDA:0,(anonymous_18)
FNDA:3,(anonymous_20)
FNDA:0,(anonymous_21)
FNDA:1,(anonymous_23)
FNDA:1,(anonymous_24)
FNDA:0,(anonymous_25)
FNDA:2,(anonymous_27)
FNDA:1,(anonymous_28)
FNDA:0,(anonymous_29)
FNDA:1,(anonymous_31)
FNDA:0,(anonymous_32)
DA:1,1
DA:2,1
DA:3,1
DA:10,1
DA:24,30
DA:25,10
DA:26,10
DA:27,8
DA:31,2
DA:32,2
DA:41,2
DA:45,0
DA:58,3
DA:59,3
DA:67,3
DA:68,1
DA:73,2
DA:74,2
DA:75,1
DA:82,1
DA:91,1
DA:96,0
DA:99,1
DA:106,0
DA:118,6
DA:119,2
DA:120,2
DA:121,2
DA:122,2
DA:123,2
DA:124,1
DA:130,1
DA:137,2
DA:140,2
DA:141,0
DA:145,2
DA:146,2
DA:147,2
DA:152,2
DA:153,2
DA:158,0
DA:160,0
DA:171,9
DA:172,3
DA:173,3
DA:174,3
DA:175,3
DA:176,3
DA:178,3
DA:179,1
DA:185,2
DA:192,3
DA:199,3
DA:200,1
DA:204,2
DA:205,2
DA:206,2
DA:211,2
DA:212,2
DA:217,0
DA:219,0
DA:230,5
DA:231,1
DA:234,1
DA:236,1
DA:244,1
DA:245,1
DA:254,1
DA:259,0
DA:261,0
DA:275,2
DA:276,2
DA:284,2
DA:285,1
DA:287,1
DA:289,1
DA:292,0
DA:304,4
DA:305,2
DA:306,2
DA:307,2
DA:308,1
DA:313,1
DA:328,1
DA:329,1
DA:335,0
DA:340,0
LF:87
LH:74
BRDA:26,0,0,8
BRDA:26,0,1,2
BRDA:67,1,0,1
BRDA:67,1,1,2
BRDA:67,2,0,3
BRDA:67,2,1,2
BRDA:73,3,0,2
BRDA:73,3,1,0
BRDA:74,4,0,1
BRDA:74,4,1,1
BRDA:120,5,0,2
BRDA:120,5,1,2
BRDA:121,6,0,2
BRDA:121,6,1,2
BRDA:122,7,0,2
BRDA:122,7,1,2
BRDA:123,8,0,1
BRDA:123,8,1,1
BRDA:123,9,0,2
BRDA:123,9,1,1
BRDA:140,10,0,0
BRDA:140,10,1,2
BRDA:145,11,0,2
BRDA:145,11,1,2
BRDA:146,12,0,2
BRDA:146,12,1,2
BRDA:152,13,0,2
BRDA:152,13,1,0
BRDA:173,14,0,3
BRDA:173,14,1,3
BRDA:174,15,0,3
BRDA:174,15,1,3
BRDA:175,16,0,3
BRDA:175,16,1,3
BRDA:178,17,0,1
BRDA:178,17,1,2
BRDA:178,18,0,3
BRDA:178,18,1,1
BRDA:199,19,0,1
BRDA:199,19,1,2
BRDA:204,20,0,2
BRDA:204,20,1,2
BRDA:205,21,0,2
BRDA:205,21,1,2
BRDA:211,22,0,2
BRDA:211,22,1,0
BRDA:244,23,0,1
BRDA:244,23,1,0
BRDA:247,24,0,1
BRDA:247,24,1,0
BRDA:248,25,0,1
BRDA:248,25,1,0
BRDA:249,26,0,1
BRDA:249,26,1,0
BRDA:250,27,0,1
BRDA:250,27,1,0
BRDA:284,28,0,1
BRDA:284,28,1,1
BRDA:306,29,0,2
BRDA:306,29,1,0
BRDA:307,30,0,1
BRDA:307,30,1,1
BRDA:328,31,0,1
BRDA:328,31,1,0
BRF:64
BRH:53
end_of_record
TN:
SF:/Users/chimereucheya/Documents/more-recipes/server/controller /Reviews.js
FN:25,(anonymous_8)
FN:35,(anonymous_9)
FN:47,(anonymous_10)
FN:62,(anonymous_11)
FNF:4
FNH:3
FNDA:3,(anonymous_8)
FNDA:2,(anonymous_9)
FNDA:1,(anonymous_10)
FNDA:0,(anonymous_11)
DA:1,1
DA:19,3
DA:20,3
DA:21,3
DA:23,3
DA:26,3
DA:27,2
DA:36,2
DA:37,1
DA:41,1
DA:48,1
DA:56,1
DA:63,0
LF:13
LH:12
BRDA:26,0,0,2
BRDA:26,0,1,1
BRDA:36,1,0,1
BRDA:36,1,1,1
BRF:4
BRH:4
end_of_record
TN:
SF:/Users/chimereucheya/Documents/more-recipes/server/controller /User.js
FN:31,(anonymous_8)
FN:44,(anonymous_9)
FN:60,(anonymous_11)
FN:68,(anonymous_12)
FN:86,(anonymous_14)
FN:94,(anonymous_15)
FN:114,(anonymous_17)
FN:138,(anonymous_18)
FN:153,(anonymous_20)
FN:167,(anonymous_21)
FN:194,(anonymous_22)
FNF:11
FNH:6
FNDA:2,(anonymous_8)
FNDA:0,(anonymous_9)
FNDA:2,(anonymous_11)
FNDA:0,(anonymous_12)
FNDA:1,(anonymous_14)
FNDA:0,(anonymous_15)
FNDA:8,(anonymous_17)
FNDA:0,(anonymous_18)
FNDA:1,(anonymous_20)
FNDA:1,(anonymous_21)
FNDA:0,(anonymous_22)
DA:1,1
DA:2,1
DA:3,1
DA:4,1
DA:5,1
DA:8,1
DA:9,1
DA:23,20
DA:24,10
DA:26,10
DA:27,8
DA:30,2
DA:32,2
DA:33,2
DA:34,2
DA:44,0
DA:56,2
DA:61,2
DA:62,1
DA:66,1
DA:69,0
DA:82,1
DA:87,1
DA:88,0
DA:92,1
DA:95,0
DA:107,16
DA:108,8
DA:109,8
DA:115,8
DA:116,7
DA:117,6
DA:127,6
DA:132,1
DA:136,1
DA:139,0
DA:152,1
DA:154,3
DA:159,1
DA:161,1
DA:162,1
DA:168,1
DA:169,1
DA:173,1
DA:174,1
DA:187,0
DA:194,0
LF:47
LH:40
BRDA:26,0,0,8
BRDA:26,0,1,2
BRDA:61,1,0,1
BRDA:61,1,1,1
BRDA:87,2,0,0
BRDA:87,2,1,1
BRDA:115,3,0,7
BRDA:115,3,1,1
BRDA:116,4,0,6
BRDA:116,4,1,1
BRDA:154,5,0,1
BRDA:154,5,1,0
BRDA:161,6,0,1
BRDA:161,6,1,0
BRDA:161,7,0,1
BRDA:161,7,1,0
BRDA:161,7,2,0
BRDA:168,8,0,1
BRDA:168,8,1,0
BRF:19
BRH:13
end_of_record
TN:
SF:/Users/chimereucheya/Documents/more-recipes/server/controller /Votes.js
FN:36,(anonymous_8)
FN:41,(anonymous_9)
FN:42,(anonymous_10)
FN:53,(anonymous_11)
FN:55,(anonymous_12)
FN:67,(anonymous_13)
FN:71,(anonymous_14)
FN:74,(anonymous_15)
FN:82,(anonymous_16)
FN:114,(anonymous_18)
FN:119,(anonymous_19)
FN:120,(anonymous_20)
FN:132,(anonymous_21)
FN:134,(anonymous_22)
FN:146,(anonymous_23)
FN:150,(anonymous_24)
FN:153,(anonymous_25)
FN:161,(anonymous_26)
FN:176,(anonymous_28)
FN:179,(anonymous_29)
FNF:20
FNH:17
FNDA:3,(anonymous_8)
FNDA:1,(anonymous_9)
FNDA:1,(anonymous_10)
FNDA:1,(anonymous_11)
FNDA:1,(anonymous_12)
FNDA:1,(anonymous_13)
FNDA:1,(anonymous_14)
FNDA:1,(anonymous_15)
FNDA:1,(anonymous_16)
FNDA:3,(anonymous_18)
FNDA:1,(anonymous_19)
FNDA:1,(anonymous_20)
FNDA:1,(anonymous_21)
FNDA:1,(anonymous_22)
FNDA:1,(anonymous_23)
FNDA:1,(anonymous_24)
FNDA:1,(anonymous_25)
FNDA:0,(anonymous_26)
FNDA:0,(anonymous_28)
FNDA:0,(anonymous_29)
DA:1,1
DA:2,1
DA:22,4
DA:23,4
DA:24,4
DA:25,0
DA:30,4
DA:37,3
DA:38,1
DA:39,1
DA:42,1
DA:43,1
DA:49,2
DA:50,1
DA:51,1
DA:54,1
DA:55,1
DA:56,1
DA:63,1
DA:64,1
DA:65,1
DA:68,1
DA:69,1
DA:72,1
DA:74,1
DA:83,1
DA:99,3
DA:100,3
DA:102,3
DA:103,0
DA:108,3
DA:115,3
DA:116,1
DA:117,1
DA:120,1
DA:121,1
DA:127,2
DA:128,1
DA:129,1
DA:133,1
DA:134,1
DA:135,1
DA:142,1
DA:143,1
DA:144,1
DA:147,1
DA:148,1
DA:151,1
DA:153,1
DA:161,0
DA:172,0
DA:177,0
DA:180,0
LF:53
LH:47
BRDA:24,0,0,0
BRDA:24,0,1,4
BRDA:24,1,0,4
BRDA:24,1,1,0
BRDA:37,2,0,1
BRDA:37,2,1,2
BRDA:49,3,0,1
BRDA:49,3,1,1
BRDA:49,4,0,2
BRDA:49,4,1,2
BRDA:54,5,0,1
BRDA:54,5,1,0
BRDA:63,6,0,1
BRDA:63,6,1,0
BRDA:63,7,0,1
BRDA:63,7,1,1
BRDA:102,8,0,0
BRDA:102,8,1,3
BRDA:102,9,0,3
BRDA:102,9,1,0
BRDA:115,10,0,1
BRDA:115,10,1,2
BRDA:127,11,0,1
BRDA:127,11,1,1
BRDA:127,12,0,2
BRDA:127,12,1,2
BRDA:133,13,0,1
BRDA:133,13,1,0
BRDA:142,14,0,1
BRDA:142,14,1,0
BRDA:142,15,0,1
BRDA:142,15,1,1
BRF:32
BRH:24
end_of_record
TN:
SF:/Users/chimereucheya/Documents/more-recipes/server/middleware/authorization.js
FN:7,authorize
FN:22,(anonymous_2)
FNF:2
FNH:2
FNDA:40,authorize
FNDA:40,(anonymous_2)
DA:2,1
DA:3,1
DA:5,1
DA:18,40
DA:20,40
DA:22,40
DA:23,40
DA:24,0
DA:28,40
DA:29,40
DA:34,0
LF:11
LH:9
BRDA:18,0,0,40
BRDA:18,0,1,0
BRDA:20,1,0,40
BRDA:20,1,1,0
BRDA:23,2,0,0
BRDA:23,2,1,40
BRF:6
BRH:3
end_of_record
TN:
SF:/Users/chimereucheya/Documents/more-recipes/server/middleware/checkUserExists.js
FN:15,checkUserExists
FN:29,(anonymous_2)
FN:37,(anonymous_3)
FNF:3
FNH:2
FNDA:10,checkUserExists
FNDA:10,(anonymous_2)
FNDA:0,(anonymous_3)
DA:2,1
DA:4,1
DA:15,20
DA:16,10
DA:17,10
DA:30,10
DA:31,0
DA:35,10
DA:38,0
LF:9
LH:7
BRDA:30,0,0,0
BRDA:30,0,1,10
BRF:2
BRH:1
end_of_record
TN:
SF:/Users/chimereucheya/Documents/more-recipes/server/models/favorites.js
FN:1,(anonymous_0)
FN:23,(anonymous_1)
FNF:2
FNH:2
FNDA:1,(anonymous_0)
FNDA:1,(anonymous_1)
DA:1,1
DA:2,1
DA:23,1
DA:24,1
DA:28,1
DA:32,1
LF:6
LH:6
BRF:0
BRH:0
end_of_record
TN:
SF:/Users/chimereucheya/Documents/more-recipes/server/models/index.js
FN:13,(anonymous_2)
FN:14,(anonymous_3)
FN:19,(anonymous_4)
FNF:3
FNH:3
FNDA:6,(anonymous_2)
FNDA:5,(anonymous_3)
FNDA:5,(anonymous_4)
DA:1,1
DA:2,1
DA:3,1
DA:4,1
DA:6,1
DA:8,1
DA:9,1
DA:11,1
DA:13,6
DA:15,5
DA:16,5
DA:19,1
DA:20,5
DA:21,5
DA:24,1
DA:25,1
LF:16
LH:16
BRDA:13,0,0,6
BRDA:13,0,1,6
BRDA:21,1,0,5
BRDA:21,1,1,0
BRF:4
BRH:3
end_of_record
TN:
SF:/Users/chimereucheya/Documents/more-recipes/server/models/recipes.js
FN:1,(anonymous_0)
FN:47,(anonymous_1)
FNF:2
FNH:2
FNDA:1,(anonymous_0)
FNDA:1,(anonymous_1)
DA:1,1
DA:2,1
DA:47,1
DA:48,1
DA:51,1
DA:54,1
DA:57,1
DA:61,1
LF:8
LH:8
BRF:0
BRH:0
end_of_record
TN:
SF:/Users/chimereucheya/Documents/more-recipes/server/models/reviews.js
FN:1,(anonymous_0)
FN:27,(anonymous_1)
FNF:2
FNH:2
FNDA:1,(anonymous_0)
FNDA:1,(anonymous_1)
DA:1,1
DA:2,1
DA:27,1
DA:28,1
DA:32,1
DA:38,1
LF:6
LH:6
BRF:0
BRH:0
end_of_record
TN:
SF:/Users/chimereucheya/Documents/more-recipes/server/models/users.js
FN:47,(anonymous_2)
FN:62,(anonymous_3)
FN:72,(anonymous_4)
FNF:3
FNH:3
FNDA:1,(anonymous_2)
FNDA:2,(anonymous_3)
FNDA:1,(anonymous_4)
DA:1,1
DA:4,1
DA:47,1
DA:48,1
DA:51,1
DA:54,1
DA:57,1
DA:62,1
DA:63,2
DA:67,2
DA:68,2
DA:69,2
DA:72,1
DA:73,1
DA:74,0
DA:81,1
LF:16
LH:15
BRDA:73,0,0,0
BRDA:73,0,1,1
BRF:2
BRH:1
end_of_record
TN:
SF:/Users/chimereucheya/Documents/more-recipes/server/models/votes.js
FN:1,(anonymous_0)
FN:25,(anonymous_1)
FNF:2
FNH:2
FNDA:1,(anonymous_0)
FNDA:1,(anonymous_1)
DA:1,1
DA:2,1
DA:25,1
DA:26,1
DA:29,1
DA:33,1
LF:6
LH:6
BRF:0
BRH:0
end_of_record
TN:
SF:/Users/chimereucheya/Documents/more-recipes/server/routes/favoriteRoutes.js
FN:11,favoriteRoutes
FNF:1
FNH:1
FNDA:1,favoriteRoutes
DA:1,1
DA:2,1
DA:11,1
DA:12,1
DA:13,1
DA:18,1
LF:6
LH:6
BRF:0
BRH:0
end_of_record
TN:
SF:/Users/chimereucheya/Documents/more-recipes/server/routes/index.js
FN:15,routes
FNF:1
FNH:1
FNDA:1,routes
DA:2,1
DA:3,1
DA:4,1
DA:5,1
DA:6,1
DA:15,1
DA:16,1
DA:17,1
DA:18,1
DA:19,1
DA:20,1
LF:11
LH:11
BRF:0
BRH:0
end_of_record
TN:
SF:/Users/chimereucheya/Documents/more-recipes/server/routes/recipeRoutes.js
FN:11,recipeRoutes
FNF:1
FNH:1
FNDA:1,recipeRoutes
DA:1,1
DA:2,1
DA:11,1
DA:12,1
DA:13,1
DA:14,1
DA:15,1
DA:16,1
DA:17,1
DA:18,1
LF:10
LH:10
BRF:0
BRH:0
end_of_record
TN:
SF:/Users/chimereucheya/Documents/more-recipes/server/routes/reviewRoutes.js
FN:11,reviewRoutes
FNF:1
FNH:1
FNDA:1,reviewRoutes
DA:1,1
DA:2,1
DA:11,1
DA:12,1
LF:4
LH:4
BRF:0
BRH:0
end_of_record
TN:
SF:/Users/chimereucheya/Documents/more-recipes/server/routes/usersRoutes.js
FN:15,userRoutes
FNF:1
FNH:1
FNDA:1,userRoutes
DA:1,1
DA:2,1
DA:3,1
DA:6,1
DA:15,1
DA:16,1
DA:17,1
DA:18,1
DA:19,1
DA:24,1
LF:10
LH:10
BRF:0
BRH:0
end_of_record
TN:
SF:/Users/chimereucheya/Documents/more-recipes/server/routes/voteRoutes.js
FN:11,voteRoutes
FNF:1
FNH:1
FNDA:1,voteRoutes
DA:1,1
DA:2,1
DA:11,1
DA:12,1
DA:13,1
DA:14,1
LF:6
LH:6
BRF:0
BRH:0
end_of_record
TN:
SF:/Users/chimereucheya/Documents/more-recipes/server/tests/index.spec.js
FNF:0
FNH:0
DA:1,1
DA:2,1
DA:3,1
DA:4,1
DA:5,1
LF:5
LH:5
BRF:0
BRH:0
end_of_record
TN:
SF:/Users/chimereucheya/Documents/more-recipes/server/tests/api/favorite.spec.js
FN:11,(anonymous_1)
FN:12,(anonymous_2)
FN:16,(anonymous_3)
FN:25,(anonymous_4)
FN:33,(anonymous_5)
FN:42,(anonymous_6)
FN:50,(anonymous_7)
FN:59,(anonymous_8)
FN:64,(anonymous_9)
FN:72,(anonymous_10)
FN:80,(anonymous_11)
FN:87,(anonymous_12)
FN:92,(anonymous_13)
FN:100,(anonymous_14)
FN:105,(anonymous_15)
FN:113,(anonymous_16)
FN:117,(anonymous_17)
FN:125,(anonymous_18)
FN:129,(anonymous_19)
FN:138,(anonymous_20)
FN:142,(anonymous_21)
FN:150,(anonymous_22)
FN:155,(anonymous_23)
FNF:23
FNH:23
FNDA:1,(anonymous_1)
FNDA:1,(anonymous_2)
FNDA:1,(anonymous_3)
FNDA:1,(anonymous_4)
FNDA:1,(anonymous_5)
FNDA:1,(anonymous_6)
FNDA:1,(anonymous_7)
FNDA:1,(anonymous_8)
FNDA:1,(anonymous_9)
FNDA:1,(anonymous_10)
FNDA:1,(anonymous_11)
FNDA:1,(anonymous_12)
FNDA:1,(anonymous_13)
FNDA:1,(anonymous_14)
FNDA:1,(anonymous_15)
FNDA:1,(anonymous_16)
FNDA:1,(anonymous_17)
FNDA:1,(anonymous_18)
FNDA:1,(anonymous_19)
FNDA:1,(anonymous_20)
FNDA:1,(anonymous_21)
FNDA:1,(anonymous_22)
FNDA:1,(anonymous_23)
DA:1,1
DA:2,1
DA:3,1
DA:4,1
DA:5,1
DA:7,1
DA:9,1
DA:11,1
DA:12,1
DA:13,1
DA:17,1
DA:18,0
DA:20,1
DA:21,1
DA:25,1
DA:26,1
DA:34,1
DA:35,1
DA:36,1
DA:40,1
DA:43,1
DA:51,1
DA:52,1
DA:54,1
DA:59,1
DA:60,1
DA:65,1
DA:66,1
DA:68,1
DA:72,1
DA:73,1
DA:81,1
DA:82,1
DA:83,1
DA:87,1
DA:88,1
DA:93,1
DA:94,1
DA:96,1
DA:100,1
DA:101,1
DA:106,1
DA:107,1
DA:108,1
DA:109,1
DA:113,1
DA:114,1
DA:118,1
DA:119,1
DA:120,1
DA:124,1
DA:126,1
DA:130,1
DA:131,1
DA:133,1
DA:137,1
DA:139,1
DA:143,1
DA:144,1
DA:146,1
DA:150,1
DA:151,1
DA:156,1
DA:157,1
DA:159,1
LF:65
LH:64
BRDA:17,0,0,0
BRDA:17,0,1,1
BRF:2
BRH:1
end_of_record
TN:
SF:/Users/chimereucheya/Documents/more-recipes/server/tests/api/recipes.spec.js
FN:21,(anonymous_1)
FN:22,(anonymous_2)
FN:26,(anonymous_3)
FN:36,(anonymous_4)
FN:45,(anonymous_5)
FN:50,(anonymous_6)
FN:59,(anonymous_7)
FN:63,(anonymous_8)
FN:73,(anonymous_9)
FN:77,(anonymous_10)
FN:87,(anonymous_11)
FN:91,(anonymous_12)
FN:100,(anonymous_13)
FN:104,(anonymous_14)
FN:113,(anonymous_15)
FN:117,(anonymous_16)
FN:126,(anonymous_17)
FN:130,(anonymous_18)
FN:139,(anonymous_19)
FN:143,(anonymous_20)
FN:151,(anonymous_21)
FN:155,(anonymous_22)
FN:165,(anonymous_23)
FN:169,(anonymous_24)
FN:178,(anonymous_25)
FN:181,(anonymous_26)
FN:191,(anonymous_27)
FN:194,(anonymous_28)
FN:203,(anonymous_29)
FN:206,(anonymous_30)
FN:213,(anonymous_31)
FN:216,(anonymous_32)
FN:225,(anonymous_33)
FN:230,(anonymous_34)
FN:238,(anonymous_35)
FN:241,(anonymous_36)
FN:250,(anonymous_37)
FN:255,(anonymous_38)
FN:263,(anonymous_39)
FN:266,(anonymous_40)
FN:274,(anonymous_41)
FN:284,(anonymous_42)
FN:291,(anonymous_43)
FN:294,(anonymous_44)
FN:302,(anonymous_45)
FN:305,(anonymous_46)
FN:312,(anonymous_47)
FN:317,(anonymous_48)
FN:327,(anonymous_49)
FN:332,(anonymous_50)
FNF:50
FNH:50
FNDA:1,(anonymous_1)
FNDA:1,(anonymous_2)
FNDA:1,(anonymous_3)
FNDA:1,(anonymous_4)
FNDA:1,(anonymous_5)
FNDA:1,(anonymous_6)
FNDA:1,(anonymous_7)
FNDA:1,(anonymous_8)
FNDA:1,(anonymous_9)
FNDA:1,(anonymous_10)
FNDA:1,(anonymous_11)
FNDA:1,(anonymous_12)
FNDA:1,(anonymous_13)
FNDA:1,(anonymous_14)
FNDA:1,(anonymous_15)
FNDA:1,(anonymous_16)
FNDA:1,(anonymous_17)
FNDA:1,(anonymous_18)
FNDA:1,(anonymous_19)
FNDA:1,(anonymous_20)
FNDA:1,(anonymous_21)
FNDA:1,(anonymous_22)
FNDA:1,(anonymous_23)
FNDA:1,(anonymous_24)
FNDA:1,(anonymous_25)
FNDA:1,(anonymous_26)
FNDA:1,(anonymous_27)
FNDA:1,(anonymous_28)
FNDA:1,(anonymous_29)
FNDA:1,(anonymous_30)
FNDA:1,(anonymous_31)
FNDA:1,(anonymous_32)
FNDA:1,(anonymous_33)
FNDA:1,(anonymous_34)
FNDA:1,(anonymous_35)
FNDA:1,(anonymous_36)
FNDA:1,(anonymous_37)
FNDA:1,(anonymous_38)
FNDA:1,(anonymous_39)
FNDA:1,(anonymous_40)
FNDA:1,(anonymous_41)
FNDA:1,(anonymous_42)
FNDA:1,(anonymous_43)
FNDA:1,(anonymous_44)
FNDA:1,(anonymous_45)
FNDA:1,(anonymous_46)
FNDA:1,(anonymous_47)
FNDA:1,(anonymous_48)
FNDA:1,(anonymous_49)
FNDA:1,(anonymous_50)
DA:1,1
DA:2,1
DA:3,1
DA:4,1
DA:5,1
DA:11,1
DA:12,1
DA:15,1
DA:17,1
DA:18,1
DA:19,1
DA:21,1
DA:22,1
DA:23,1
DA:27,1
DA:28,0
DA:30,1
DA:33,1
DA:37,1
DA:38,0
DA:40,1
DA:41,1
DA:45,1
DA:46,1
DA:51,1
DA:52,1
DA:54,1
DA:58,1
DA:60,1
DA:64,1
DA:65,1
DA:67,1
DA:72,1
DA:74,1
DA:78,1
DA:79,1
DA:81,1
DA:86,1
DA:88,1
DA:92,1
DA:93,1
DA:95,1
DA:100,1
DA:101,1
DA:105,1
DA:106,1
DA:108,1
DA:112,1
DA:114,1
DA:118,1
DA:119,1
DA:121,1
DA:126,1
DA:127,1
DA:131,1
DA:132,1
DA:134,1
DA:138,1
DA:140,1
DA:144,1
DA:145,1
DA:147,1
DA:151,1
DA:152,1
DA:156,1
DA:157,1
DA:159,1
DA:160,1
DA:161,1
DA:165,1
DA:166,1
DA:170,1
DA:171,1
DA:173,1
DA:174,1
DA:178,1
DA:179,1
DA:182,1
DA:183,1
DA:185,1
DA:186,1
DA:190,1
DA:192,1
DA:195,1
DA:196,1
DA:198,1
DA:202,1
DA:204,1
DA:207,1
DA:208,1
DA:209,1
DA:213,1
DA:214,1
DA:217,1
DA:218,1
DA:219,1
DA:220,1
DA:224,1
DA:226,1
DA:231,1
DA:232,1
DA:233,1
DA:234,1
DA:238,1
DA:239,1
DA:242,1
DA:243,1
DA:244,1
DA:245,1
DA:249,1
DA:251,1
DA:256,1
DA:257,1
DA:258,1
DA:262,1
DA:264,1
DA:267,1
DA:268,1
DA:270,1
DA:274,1
DA:275,1
DA:285,1
DA:286,1
DA:287,1
DA:291,1
DA:292,1
DA:295,1
DA:296,1
DA:297,1
DA:301,1
DA:303,1
DA:306,1
DA:307,1
DA:308,1
DA:312,1
DA:313,1
DA:318,1
DA:319,1
DA:320,1
DA:322,1
DA:326,1
DA:328,1
DA:333,1
DA:334,1
DA:335,1
LF:145
LH:143
BRDA:27,0,0,0
BRDA:27,0,1,1
BRDA:37,1,0,0
BRDA:37,1,1,1
BRF:4
BRH:2
end_of_record
TN:
SF:/Users/chimereucheya/Documents/more-recipes/server/tests/api/reviews.spec.js
FN:11,(anonymous_1)
FN:12,(anonymous_2)
FN:16,(anonymous_3)
FN:25,(anonymous_4)
FN:33,(anonymous_5)
FN:41,(anonymous_6)
FN:49,(anonymous_7)
FN:58,(anonymous_8)
FN:66,(anonymous_9)
FNF:9
FNH:9
FNDA:1,(anonymous_1)
FNDA:1,(anonymous_2)
FNDA:1,(anonymous_3)
FNDA:1,(anonymous_4)
FNDA:1,(anonymous_5)
FNDA:1,(anonymous_6)
FNDA:1,(anonymous_7)
FNDA:1,(anonymous_8)
FNDA:1,(anonymous_9)
DA:1,1
DA:2,1
DA:3,1
DA:4,1
DA:5,1
DA:7,1
DA:9,1
DA:11,1
DA:12,1
DA:13,1
DA:17,1
DA:18,0
DA:20,1
DA:21,1
DA:25,1
DA:26,1
DA:34,1
DA:35,1
DA:36,1
DA:40,1
DA:42,1
DA:50,1
DA:51,1
DA:53,1
DA:57,1
DA:59,1
DA:67,1
DA:68,1
DA:69,1
LF:29
LH:28
BRDA:17,0,0,0
BRDA:17,0,1,1
BRF:2
BRH:1
end_of_record
TN:
SF:/Users/chimereucheya/Documents/more-recipes/server/tests/api/users.spec.js
FN:16,(anonymous_1)
FN:17,(anonymous_2)
FN:20,(anonymous_3)
FN:27,(anonymous_4)
FN:31,(anonymous_5)
FN:40,(anonymous_6)
FN:44,(anonymous_7)
FN:52,(anonymous_8)
FN:56,(anonymous_9)
FN:64,(anonymous_10)
FN:68,(anonymous_11)
FN:76,(anonymous_12)
FN:80,(anonymous_13)
FN:87,(anonymous_14)
FN:91,(anonymous_15)
FN:98,(anonymous_16)
FN:102,(anonymous_17)
FN:111,(anonymous_18)
FN:115,(anonymous_19)
FN:124,(anonymous_20)
FN:128,(anonymous_21)
FN:137,(anonymous_22)
FN:141,(anonymous_23)
FN:152,(anonymous_24)
FN:156,(anonymous_25)
FN:167,(anonymous_26)
FN:171,(anonymous_27)
FN:180,(anonymous_28)
FN:184,(anonymous_29)
FN:192,(anonymous_30)
FN:195,(anonymous_31)
FN:202,(anonymous_32)
FN:205,(anonymous_33)
FN:218,(anonymous_34)
FN:226,(anonymous_35)
FNF:35
FNH:35
FNDA:1,(anonymous_1)
FNDA:1,(anonymous_2)
FNDA:1,(anonymous_3)
FNDA:1,(anonymous_4)
FNDA:1,(anonymous_5)
FNDA:1,(anonymous_6)
FNDA:1,(anonymous_7)
FNDA:1,(anonymous_8)
FNDA:1,(anonymous_9)
FNDA:1,(anonymous_10)
FNDA:1,(anonymous_11)
FNDA:1,(anonymous_12)
FNDA:1,(anonymous_13)
FNDA:1,(anonymous_14)
FNDA:1,(anonymous_15)
FNDA:1,(anonymous_16)
FNDA:1,(anonymous_17)
FNDA:1,(anonymous_18)
FNDA:1,(anonymous_19)
FNDA:1,(anonymous_20)
FNDA:1,(anonymous_21)
FNDA:1,(anonymous_22)
FNDA:1,(anonymous_23)
FNDA:1,(anonymous_24)
FNDA:1,(anonymous_25)
FNDA:1,(anonymous_26)
FNDA:1,(anonymous_27)
FNDA:1,(anonymous_28)
FNDA:1,(anonymous_29)
FNDA:1,(anonymous_30)
FNDA:1,(anonymous_31)
FNDA:1,(anonymous_32)
FNDA:1,(anonymous_33)
FNDA:1,(anonymous_34)
FNDA:1,(anonymous_35)
DA:1,1
DA:2,1
DA:3,1
DA:4,1
DA:9,1
DA:12,1
DA:14,1
DA:16,1
DA:17,1
DA:18,1
DA:21,1
DA:22,1
DA:23,1
DA:27,1
DA:28,1
DA:32,1
DA:33,1
DA:34,1
DA:39,1
DA:41,1
DA:45,1
DA:46,1
DA:48,1
DA:52,1
DA:53,1
DA:57,1
DA:58,1
DA:59,1
DA:63,1
DA:65,1
DA:69,1
DA:70,1
DA:72,1
DA:76,1
DA:77,1
DA:81,1
DA:82,1
DA:83,1
DA:87,1
DA:88,1
DA:92,1
DA:93,1
DA:94,1
DA:98,1
DA:99,1
DA:103,1
DA:104,1
DA:105,1
DA:109,1
DA:112,1
DA:116,1
DA:117,1
DA:119,1
DA:124,1
DA:125,1
DA:129,1
DA:130,1
DA:131,1
DA:133,1
DA:137,1
DA:138,1
DA:142,1
DA:143,1
DA:144,1
DA:146,1
DA:150,1
DA:153,1
DA:157,1
DA:158,1
DA:160,1
DA:165,1
DA:168,1
DA:172,1
DA:173,1
DA:175,1
DA:180,1
DA:181,1
DA:185,1
DA:186,1
DA:187,1
DA:188,1
DA:192,1
DA:193,1
DA:196,1
DA:197,1
DA:198,1
DA:202,1
DA:203,1
DA:206,1
DA:207,1
DA:213,1
DA:214,1
DA:218,1
DA:219,1
DA:227,1
DA:232,1
DA:233,1
DA:234,1
DA:235,1
LF:99
LH:99
BRF:0
BRH:0
end_of_record
TN:
SF:/Users/chimereucheya/Documents/more-recipes/server/tests/api/votes.spec.js
FN:11,(anonymous_1)
FN:12,(anonymous_2)
FN:16,(anonymous_3)
FN:26,(anonymous_4)
FN:34,(anonymous_5)
FN:41,(anonymous_6)
FN:49,(anonymous_7)
FN:56,(anonymous_8)
FN:63,(anonymous_9)
FN:70,(anonymous_10)
FN:78,(anonymous_11)
FN:84,(anonymous_12)
FN:92,(anonymous_13)
FN:98,(anonymous_14)
FN:106,(anonymous_15)
FN:112,(anonymous_16)
FN:120,(anonymous_17)
FNF:17
FNH:17
FNDA:1,(anonymous_1)
FNDA:1,(anonymous_2)
FNDA:1,(anonymous_3)
FNDA:1,(anonymous_4)
FNDA:1,(anonymous_5)
FNDA:1,(anonymous_6)
FNDA:1,(anonymous_7)
FNDA:1,(anonymous_8)
FNDA:1,(anonymous_9)
FNDA:1,(anonymous_10)
FNDA:1,(anonymous_11)
FNDA:1,(anonymous_12)
FNDA:1,(anonymous_13)
FNDA:1,(anonymous_14)
FNDA:1,(anonymous_15)
FNDA:1,(anonymous_16)
FNDA:1,(anonymous_17)
DA:1,1
DA:2,1
DA:3,1
DA:4,1
DA:5,1
DA:7,1
DA:9,1
DA:11,1
DA:12,1
DA:13,1
DA:17,1
DA:18,0
DA:20,1
DA:21,1
DA:26,1
DA:27,1
DA:35,1
DA:36,1
DA:37,1
DA:41,1
DA:42,1
DA:50,1
DA:51,1
DA:52,1
DA:56,1
DA:57,1
DA:64,1
DA:65,1
DA:66,1
DA:70,1
DA:71,1
DA:79,1
DA:80,1
DA:81,1
DA:84,1
DA:85,1
DA:93,1
DA:94,1
DA:95,1
DA:98,1
DA:99,1
DA:107,1
DA:108,1
DA:109,1
DA:112,1
DA:113,1
DA:121,1
DA:122,1
DA:123,1
LF:49
LH:48
BRDA:17,0,0,0
BRDA:17,0,1,1
BRF:2
BRH:1
end_of_record
TN:
SF:/Users/chimereucheya/Documents/more-recipes/server/tests/helpers/recipeHelper.js
FNF:0
FNH:0
DA:1,1
DA:8,1
DA:15,1
DA:22,1
DA:29,1
DA:36,1
DA:43,1
DA:50,1
DA:57,1
DA:65,1
DA:73,1
DA:81,1
LF:12
LH:12
BRF:0
BRH:0
end_of_record
TN:
SF:/Users/chimereucheya/Documents/more-recipes/server/tests/helpers/userHelper.js
FNF:0
FNH:0
DA:2,1
DA:8,1
DA:14,1
DA:21,1
DA:27,1
DA:33,1
DA:39,1
DA:46,1
DA:53,1
DA:60,1
DA:67,1
DA:72,1
DA:77,1
DA:81,1
LF:14
LH:14
BRF:0
BRH:0
end_of_record
TN:
SF:/Users/chimereucheya/Documents/more-recipes/server/utils/pagination.js
FN:10,pagination
FN:31,paginates
FNF:2
FNH:2
FNDA:4,pagination
FNDA:1,paginates
DA:10,1
DA:11,4
DA:12,4
DA:13,4
DA:14,4
DA:15,4
DA:16,4
DA:17,4
DA:19,4
DA:31,1
DA:32,1
DA:33,1
DA:34,1
DA:35,1
LF:14
LH:14
BRDA:12,0,0,4
BRDA:12,0,1,0
BRDA:13,1,0,0
BRDA:13,1,1,4
BRDA:34,2,0,0
BRDA:34,2,1,1
BRF:6
BRH:3
end_of_record
TN:
SF:/Users/chimereucheya/Documents/more-recipes/server/utils/token.js
FNF:0
FNH:0
DA:1,1
DA:2,1
DA:4,1
DA:14,3
DA:17,12
DA:19,3
LF:6
LH:6
BRF:0
BRH:0
end_of_record
TN:
SF:/Users/chimereucheya/Documents/more-recipes/server/validations/validateInput.js
FN:10,validateInput
FN:54,signInValidator
FN:60,(anonymous_3)
FNF:3
FNH:2
FNDA:10,validateInput
FNDA:8,signInValidator
FNDA:0,(anonymous_3)
DA:1,1
DA:10,1
DA:13,40
DA:14,10
DA:15,10
DA:17,10
DA:18,1
DA:19,9
DA:20,1
DA:23,10
DA:24,1
DA:25,9
DA:26,1
DA:29,10
DA:30,1
DA:31,9
DA:32,1
DA:35,10
DA:36,1
DA:37,9
DA:38,1
DA:41,10
DA:54,1
DA:55,8
DA:56,8
DA:58,8
DA:59,8
DA:60,0
DA:61,0
DA:65,8
LF:30
LH:28
BRDA:17,0,0,1
BRDA:17,0,1,9
BRDA:19,1,0,1
BRDA:19,1,1,8
BRDA:23,2,0,1
BRDA:23,2,1,9
BRDA:25,3,0,1
BRDA:25,3,1,8
BRDA:29,4,0,1
BRDA:29,4,1,9
BRDA:31,5,0,1
BRDA:31,5,1,8
BRDA:35,6,0,1
BRDA:35,6,1,9
BRDA:37,7,0,1
BRDA:37,7,1,8
BRDA:59,8,0,0
BRDA:59,8,1,8
BRF:18
BRH:17
end_of_record
TN:
SF:/Users/chimereucheya/Documents/more-recipes/server/validations/validateRecipe.js
FN:10,validateRecipe
FNF:1
FNH:1
FNDA:10,validateRecipe
DA:1,1
DA:10,1
DA:13,40
DA:14,10
DA:15,10
DA:16,1
DA:17,9
DA:18,1
DA:21,10
DA:22,1
DA:23,9
DA:24,1
DA:27,10
DA:28,1
DA:29,9
DA:30,1
DA:33,10
DA:34,1
DA:35,9
DA:36,1
DA:39,10
LF:21
LH:21
BRDA:15,0,0,1
BRDA:15,0,1,9
BRDA:17,1,0,1
BRDA:17,1,1,8
BRDA:21,2,0,1
BRDA:21,2,1,9
BRDA:23,3,0,1
BRDA:23,3,1,8
BRDA:27,4,0,1
BRDA:27,4,1,9
BRDA:29,5,0,1
BRDA:29,5,1,8
BRDA:33,6,0,1
BRDA:33,6,1,9
BRDA:35,7,0,1
BRDA:35,7,1,8
BRF:16
BRH:16
end_of_record
