TN:
SF:/Users/chimereucheya/Documents/more-recipes/server/app.js
FN:49,(anonymous_1)
FN:55,(anonymous_2)
FN:56,(anonymous_3)
FN:63,(anonymous_4)
FNF:4
FNH:3
FNDA:1,(anonymous_1)
FNDA:1,(anonymous_2)
FNDA:1,(anonymous_3)
FNDA:0,(anonymous_4)
DA:1,1
DA:2,1
DA:3,1
DA:4,1
DA:5,1
DA:6,1
DA:7,1
DA:8,1
DA:10,1
DA:12,1
DA:13,1
DA:15,1
DA:17,1
DA:18,1
DA:19,1
DA:21,1
DA:22,1
DA:23,1
DA:25,1
DA:26,1
DA:29,1
DA:30,0
DA:31,0
DA:32,0
DA:37,0
DA:40,1
DA:41,1
DA:43,1
DA:45,1
DA:47,1
DA:49,1
DA:50,1
DA:53,1
DA:56,1
DA:57,1
DA:58,1
DA:61,1
DA:64,0
LF:38
LH:33
BRDA:19,0,0,1
BRDA:19,0,1,1
BRDA:25,1,0,1
BRDA:25,1,1,0
BRDA:29,2,0,0
BRDA:29,2,1,1
BRDA:57,3,0,1
BRDA:57,3,1,0
BRF:8
BRH:5
end_of_record
TN:
SF:/Users/chimereucheya/Documents/more-recipes/server/config/config.js
FN:18,(anonymous_0)
FNF:1
FNH:0
FNDA:0,(anonymous_0)
DA:1,1
DA:3,1
DA:4,1
DA:5,1
DA:6,1
DA:7,1
DA:8,0
DA:9,0
DA:10,0
DA:11,0
DA:14,1
DA:15,1
DA:18,0
DA:24,1
LF:14
LH:9
BRDA:3,0,0,1
BRDA:3,0,1,0
BRDA:6,1,0,1
BRDA:6,1,1,0
BRDA:8,2,0,0
BRDA:8,2,1,0
BRDA:10,3,0,0
BRDA:10,3,1,0
BRDA:14,4,0,1
BRDA:14,4,1,0
BRDA:18,5,0,0
BRDA:18,5,1,1
BRF:12
BRH:4
end_of_record
TN:
SF:/Users/chimereucheya/Documents/more-recipes/server/controller/favorites.js
FN:28,(anonymous_8)
FN:35,(anonymous_9)
FN:43,(anonymous_10)
FN:51,(anonymous_11)
FN:78,(anonymous_13)
FN:80,(anonymous_14)
FN:87,(anonymous_15)
FN:95,(anonymous_16)
FN:135,(anonymous_18)
FN:146,(anonymous_19)
FNF:10
FNH:7
FNDA:5,(anonymous_8)
FNDA:2,(anonymous_9)
FNDA:1,(anonymous_10)
FNDA:0,(anonymous_11)
FNDA:3,(anonymous_13)
FNDA:2,(anonymous_14)
FNDA:1,(anonymous_15)
FNDA:0,(anonymous_16)
FNDA:2,(anonymous_18)
FNDA:0,(anonymous_19)
DA:2,1
DA:5,1
DA:6,1
DA:22,5
DA:23,5
DA:24,5
DA:28,5
DA:29,5
DA:30,2
DA:36,2
DA:37,1
DA:42,1
DA:44,1
DA:45,1
DA:52,0
DA:59,3
DA:76,3
DA:77,3
DA:78,3
DA:79,3
DA:80,2
DA:81,2
DA:82,1
DA:88,1
DA:89,1
DA:96,0
DA:102,1
DA:108,1
DA:128,2
DA:130,2
DA:136,2
DA:137,1
DA:142,1
DA:143,1
DA:146,0
LF:35
LH:32
BRDA:29,0,0,2
BRDA:29,0,1,3
BRDA:36,1,0,1
BRDA:36,1,1,1
BRDA:44,2,0,1
BRDA:44,2,1,0
BRDA:79,3,0,2
BRDA:79,3,1,1
BRDA:81,4,0,1
BRDA:81,4,1,1
BRDA:88,5,0,1
BRDA:88,5,1,0
BRDA:136,6,0,1
BRDA:136,6,1,1
BRDA:142,7,0,1
BRDA:142,7,1,0
BRF:16
BRH:13
end_of_record
TN:
SF:/Users/chimereucheya/Documents/more-recipes/server/controller/recipes.js
FN:46,(anonymous_8)
FN:50,(anonymous_9)
FN:68,(anonymous_11)
FN:84,(anonymous_12)
FN:92,(anonymous_13)
FN:97,(anonymous_14)
FN:107,(anonymous_15)
FN:141,(anonymous_17)
FN:162,(anonymous_18)
FN:200,(anonymous_20)
FN:221,(anonymous_21)
FN:246,(anonymous_23)
FN:256,(anonymous_24)
FN:262,(anonymous_25)
FN:287,(anonymous_27)
FN:291,(anonymous_28)
FN:296,(anonymous_29)
FN:332,(anonymous_31)
FN:344,(anonymous_32)
FNF:19
FNH:11
FNDA:2,(anonymous_8)
FNDA:0,(anonymous_9)
FNDA:3,(anonymous_11)
FNDA:1,(anonymous_12)
FNDA:1,(anonymous_13)
FNDA:0,(anonymous_14)
FNDA:0,(anonymous_15)
FNDA:2,(anonymous_17)
FNDA:0,(anonymous_18)
FNDA:3,(anonymous_20)
FNDA:0,(anonymous_21)
FNDA:1,(anonymous_23)
FNDA:1,(anonymous_24)
FNDA:0,(anonymous_25)
FNDA:2,(anonymous_27)
FNDA:1,(anonymous_28)
FNDA:0,(anonymous_29)
FNDA:1,(anonymous_31)
FNDA:0,(anonymous_32)
DA:2,1
DA:3,1
DA:4,1
DA:14,1
DA:28,30
DA:29,10
DA:31,10
DA:32,8
DA:36,2
DA:37,2
DA:46,2
DA:50,0
DA:60,3
DA:61,3
DA:69,3
DA:70,1
DA:75,2
DA:76,2
DA:77,1
DA:84,1
DA:93,1
DA:98,0
DA:101,1
DA:108,0
DA:120,6
DA:121,2
DA:122,2
DA:123,2
DA:124,2
DA:125,2
DA:126,1
DA:132,1
DA:139,2
DA:142,2
DA:143,0
DA:147,2
DA:148,2
DA:149,2
DA:154,2
DA:155,2
DA:160,0
DA:162,0
DA:173,9
DA:174,3
DA:175,3
DA:176,3
DA:177,3
DA:178,3
DA:180,3
DA:181,1
DA:187,2
DA:194,3
DA:201,3
DA:202,1
DA:206,2
DA:207,2
DA:208,2
DA:213,2
DA:214,2
DA:219,0
DA:221,0
DA:232,5
DA:233,1
DA:236,1
DA:238,1
DA:247,1
DA:248,1
DA:257,1
DA:262,0
DA:264,0
DA:278,2
DA:279,2
DA:288,2
DA:289,1
DA:291,1
DA:293,1
DA:296,0
DA:308,4
DA:309,2
DA:310,2
DA:312,2
DA:313,1
DA:318,1
DA:333,1
DA:334,1
DA:340,0
DA:345,0
LF:87
LH:74
BRDA:31,0,0,8
BRDA:31,0,1,2
BRDA:69,1,0,1
BRDA:69,1,1,2
BRDA:69,2,0,3
BRDA:69,2,1,2
BRDA:75,3,0,2
BRDA:75,3,1,0
BRDA:76,4,0,1
BRDA:76,4,1,1
BRDA:122,5,0,2
BRDA:122,5,1,2
BRDA:123,6,0,2
BRDA:123,6,1,2
BRDA:124,7,0,2
BRDA:124,7,1,2
BRDA:125,8,0,1
BRDA:125,8,1,1
BRDA:125,9,0,2
BRDA:125,9,1,1
BRDA:142,10,0,0
BRDA:142,10,1,2
BRDA:147,11,0,2
BRDA:147,11,1,2
BRDA:148,12,0,2
BRDA:148,12,1,2
BRDA:154,13,0,2
BRDA:154,13,1,0
BRDA:175,14,0,3
BRDA:175,14,1,3
BRDA:176,15,0,3
BRDA:176,15,1,3
BRDA:177,16,0,3
BRDA:177,16,1,3
BRDA:180,17,0,1
BRDA:180,17,1,2
BRDA:180,18,0,3
BRDA:180,18,1,1
BRDA:201,19,0,1
BRDA:201,19,1,2
BRDA:206,20,0,2
BRDA:206,20,1,2
BRDA:207,21,0,2
BRDA:207,21,1,2
BRDA:213,22,0,2
BRDA:213,22,1,0
BRDA:247,23,0,1
BRDA:247,23,1,0
BRDA:250,24,0,1
BRDA:250,24,1,0
BRDA:251,25,0,1
BRDA:251,25,1,0
BRDA:252,26,0,1
BRDA:252,26,1,0
BRDA:253,27,0,1
BRDA:253,27,1,0
BRDA:288,28,0,1
BRDA:288,28,1,1
BRDA:310,29,0,2
BRDA:310,29,1,0
BRDA:312,30,0,1
BRDA:312,30,1,1
BRDA:333,31,0,1
BRDA:333,31,1,0
BRF:64
BRH:53
end_of_record
TN:
SF:/Users/chimereucheya/Documents/more-recipes/server/controller/reviews.js
FN:26,(anonymous_8)
FN:36,(anonymous_9)
FN:48,(anonymous_10)
FN:63,(anonymous_11)
FN:87,(anonymous_13)
FN:96,(anonymous_14)
FNF:6
FNH:4
FNDA:3,(anonymous_8)
FNDA:2,(anonymous_9)
FNDA:1,(anonymous_10)
FNDA:0,(anonymous_11)
FNDA:2,(anonymous_13)
FNDA:0,(anonymous_14)
DA:2,1
DA:20,3
DA:21,3
DA:22,3
DA:24,3
DA:27,3
DA:28,2
DA:37,2
DA:38,1
DA:42,1
DA:49,1
DA:57,1
DA:64,0
DA:77,2
DA:88,2
DA:89,1
DA:93,1
DA:96,0
LF:18
LH:16
BRDA:27,0,0,2
BRDA:27,0,1,1
BRDA:37,1,0,1
BRDA:37,1,1,1
BRDA:88,2,0,1
BRDA:88,2,1,1
BRF:6
BRH:6
end_of_record
TN:
SF:/Users/chimereucheya/Documents/more-recipes/server/controller/user.js
FN:32,(anonymous_8)
FN:45,(anonymous_9)
FN:61,(anonymous_11)
FN:69,(anonymous_12)
FN:87,(anonymous_14)
FN:90,(anonymous_15)
FN:110,(anonymous_17)
FN:132,(anonymous_18)
FN:146,(anonymous_20)
FN:160,(anonymous_21)
FN:187,(anonymous_22)
FNF:11
FNH:6
FNDA:2,(anonymous_8)
FNDA:0,(anonymous_9)
FNDA:2,(anonymous_11)
FNDA:0,(anonymous_12)
FNDA:1,(anonymous_14)
FNDA:0,(anonymous_15)
FNDA:8,(anonymous_17)
FNDA:0,(anonymous_18)
FNDA:1,(anonymous_20)
FNDA:1,(anonymous_21)
FNDA:0,(anonymous_22)
DA:2,1
DA:3,1
DA:4,1
DA:5,1
DA:6,1
DA:9,1
DA:10,1
DA:24,20
DA:25,10
DA:27,10
DA:28,8
DA:31,2
DA:33,2
DA:34,2
DA:35,2
DA:45,0
DA:57,2
DA:62,2
DA:63,1
DA:67,1
DA:70,0
DA:83,1
DA:88,1
DA:91,0
DA:103,16
DA:104,8
DA:105,8
DA:111,8
DA:112,7
DA:113,6
DA:123,6
DA:128,1
DA:130,1
DA:133,0
DA:145,1
DA:147,3
DA:152,1
DA:154,1
DA:155,1
DA:161,1
DA:162,1
DA:166,1
DA:167,1
DA:180,0
DA:187,0
LF:45
LH:39
BRDA:27,0,0,8
BRDA:27,0,1,2
BRDA:62,1,0,1
BRDA:62,1,1,1
BRDA:111,2,0,7
BRDA:111,2,1,1
BRDA:112,3,0,6
BRDA:112,3,1,1
BRDA:147,4,0,1
BRDA:147,4,1,0
BRDA:154,5,0,1
BRDA:154,5,1,0
BRDA:154,6,0,1
BRDA:154,6,1,0
BRDA:154,6,2,0
BRDA:161,7,0,1
BRDA:161,7,1,0
BRF:17
BRH:12
end_of_record
TN:
SF:/Users/chimereucheya/Documents/more-recipes/server/controller/votes.js
FN:37,(anonymous_8)
FN:42,(anonymous_9)
FN:43,(anonymous_10)
FN:54,(anonymous_11)
FN:56,(anonymous_12)
FN:68,(anonymous_13)
FN:72,(anonymous_14)
FN:75,(anonymous_15)
FN:83,(anonymous_16)
FN:114,(anonymous_18)
FN:119,(anonymous_19)
FN:120,(anonymous_20)
FN:132,(anonymous_21)
FN:134,(anonymous_22)
FN:146,(anonymous_23)
FN:150,(anonymous_24)
FN:153,(anonymous_25)
FN:161,(anonymous_26)
FN:176,(anonymous_28)
FN:179,(anonymous_29)
FNF:20
FNH:17
FNDA:3,(anonymous_8)
FNDA:1,(anonymous_9)
FNDA:1,(anonymous_10)
FNDA:1,(anonymous_11)
FNDA:1,(anonymous_12)
FNDA:1,(anonymous_13)
FNDA:1,(anonymous_14)
FNDA:1,(anonymous_15)
FNDA:1,(anonymous_16)
FNDA:3,(anonymous_18)
FNDA:1,(anonymous_19)
FNDA:1,(anonymous_20)
FNDA:1,(anonymous_21)
FNDA:1,(anonymous_22)
FNDA:1,(anonymous_23)
FNDA:1,(anonymous_24)
FNDA:1,(anonymous_25)
FNDA:0,(anonymous_26)
FNDA:0,(anonymous_28)
FNDA:0,(anonymous_29)
DA:2,1
DA:3,1
DA:23,4
DA:24,4
DA:25,4
DA:26,0
DA:31,4
DA:38,3
DA:39,1
DA:40,1
DA:43,1
DA:44,1
DA:50,2
DA:51,1
DA:52,1
DA:55,1
DA:56,1
DA:57,1
DA:64,1
DA:65,1
DA:66,1
DA:69,1
DA:70,1
DA:73,1
DA:75,1
DA:84,1
DA:99,3
DA:100,3
DA:102,3
DA:103,0
DA:108,3
DA:115,3
DA:116,1
DA:117,1
DA:120,1
DA:121,1
DA:127,2
DA:128,1
DA:129,1
DA:133,1
DA:134,1
DA:135,1
DA:142,1
DA:143,1
DA:144,1
DA:147,1
DA:148,1
DA:151,1
DA:153,1
DA:161,0
DA:172,0
DA:177,0
DA:180,0
LF:53
LH:47
BRDA:25,0,0,0
BRDA:25,0,1,4
BRDA:25,1,0,4
BRDA:25,1,1,0
BRDA:38,2,0,1
BRDA:38,2,1,2
BRDA:50,3,0,1
BRDA:50,3,1,1
BRDA:50,4,0,2
BRDA:50,4,1,2
BRDA:55,5,0,1
BRDA:55,5,1,0
BRDA:64,6,0,1
BRDA:64,6,1,0
BRDA:64,7,0,1
BRDA:64,7,1,1
BRDA:102,8,0,0
BRDA:102,8,1,3
BRDA:102,9,0,3
BRDA:102,9,1,0
BRDA:115,10,0,1
BRDA:115,10,1,2
BRDA:127,11,0,1
BRDA:127,11,1,1
BRDA:127,12,0,2
BRDA:127,12,1,2
BRDA:133,13,0,1
BRDA:133,13,1,0
BRDA:142,14,0,1
BRDA:142,14,1,0
BRDA:142,15,0,1
BRDA:142,15,1,1
BRF:32
BRH:24
end_of_record
TN:
SF:/Users/chimereucheya/Documents/more-recipes/server/middleware/authorization.js
FN:7,authorize
FN:13,(anonymous_2)
FNF:2
FNH:2
FNDA:42,authorize
FNDA:42,(anonymous_2)
DA:2,1
DA:3,1
DA:5,1
DA:9,42
DA:11,42
DA:13,42
DA:14,42
DA:15,0
DA:19,42
DA:20,42
DA:25,0
LF:11
LH:9
BRDA:9,0,0,42
BRDA:9,0,1,0
BRDA:11,1,0,42
BRDA:11,1,1,0
BRDA:14,2,0,0
BRDA:14,2,1,42
BRF:6
BRH:3
end_of_record
TN:
SF:/Users/chimereucheya/Documents/more-recipes/server/middleware/checkUserExists.js
FN:15,checkUserExists
FN:29,(anonymous_2)
FN:37,(anonymous_3)
FNF:3
FNH:2
FNDA:10,checkUserExists
FNDA:10,(anonymous_2)
FNDA:0,(anonymous_3)
DA:2,1
DA:4,1
DA:15,20
DA:16,10
DA:17,10
DA:30,10
DA:31,0
DA:35,10
DA:38,0
LF:9
LH:7
BRDA:30,0,0,0
BRDA:30,0,1,10
BRF:2
BRH:1
end_of_record
TN:
SF:/Users/chimereucheya/Documents/more-recipes/server/models/favorites.js
FN:1,(anonymous_0)
FN:23,(anonymous_1)
FNF:2
FNH:2
FNDA:1,(anonymous_0)
FNDA:1,(anonymous_1)
DA:1,1
DA:2,1
DA:23,1
DA:24,1
DA:28,1
DA:32,1
LF:6
LH:6
BRF:0
BRH:0
end_of_record
TN:
SF:/Users/chimereucheya/Documents/more-recipes/server/models/index.js
FN:13,(anonymous_2)
FN:14,(anonymous_3)
FN:19,(anonymous_4)
FNF:3
FNH:3
FNDA:6,(anonymous_2)
FNDA:5,(anonymous_3)
FNDA:5,(anonymous_4)
DA:1,1
DA:2,1
DA:3,1
DA:4,1
DA:6,1
DA:8,1
DA:9,1
DA:11,1
DA:13,6
DA:15,5
DA:16,5
DA:19,1
DA:20,5
DA:21,5
DA:24,1
DA:25,1
LF:16
LH:16
BRDA:13,0,0,6
BRDA:13,0,1,6
BRDA:21,1,0,5
BRDA:21,1,1,0
BRF:4
BRH:3
end_of_record
TN:
SF:/Users/chimereucheya/Documents/more-recipes/server/models/recipes.js
FN:1,(anonymous_0)
FN:47,(anonymous_1)
FNF:2
FNH:2
FNDA:1,(anonymous_0)
FNDA:1,(anonymous_1)
DA:1,1
DA:2,1
DA:47,1
DA:48,1
DA:51,1
DA:54,1
DA:57,1
DA:61,1
LF:8
LH:8
BRF:0
BRH:0
end_of_record
TN:
SF:/Users/chimereucheya/Documents/more-recipes/server/models/reviews.js
FN:1,(anonymous_0)
FN:27,(anonymous_1)
FNF:2
FNH:2
FNDA:1,(anonymous_0)
FNDA:1,(anonymous_1)
DA:1,1
DA:2,1
DA:27,1
DA:28,1
DA:32,1
DA:38,1
LF:6
LH:6
BRF:0
BRH:0
end_of_record
TN:
SF:/Users/chimereucheya/Documents/more-recipes/server/models/users.js
FN:47,(anonymous_2)
FN:62,(anonymous_3)
FN:72,(anonymous_4)
FNF:3
FNH:3
FNDA:1,(anonymous_2)
FNDA:2,(anonymous_3)
FNDA:1,(anonymous_4)
DA:1,1
DA:4,1
DA:47,1
DA:48,1
DA:51,1
DA:54,1
DA:57,1
DA:62,1
DA:63,2
DA:67,2
DA:68,2
DA:69,2
DA:72,1
DA:73,1
DA:74,0
DA:81,1
LF:16
LH:15
BRDA:73,0,0,0
BRDA:73,0,1,1
BRF:2
BRH:1
end_of_record
TN:
SF:/Users/chimereucheya/Documents/more-recipes/server/models/votes.js
FN:1,(anonymous_0)
FN:25,(anonymous_1)
FNF:2
FNH:2
FNDA:1,(anonymous_0)
FNDA:1,(anonymous_1)
DA:1,1
DA:2,1
DA:25,1
DA:26,1
DA:29,1
DA:33,1
LF:6
LH:6
BRF:0
BRH:0
end_of_record
TN:
SF:/Users/chimereucheya/Documents/more-recipes/server/routes/favorites.js
FN:11,favoriteRoutes
FNF:1
FNH:1
FNDA:1,favoriteRoutes
DA:1,1
DA:2,1
DA:11,1
DA:12,1
DA:13,1
DA:18,1
LF:6
LH:6
BRF:0
BRH:0
end_of_record
TN:
SF:/Users/chimereucheya/Documents/more-recipes/server/routes/index.js
FN:15,routes
FNF:1
FNH:1
FNDA:1,routes
DA:2,1
DA:3,1
DA:4,1
DA:5,1
DA:6,1
DA:15,1
DA:16,1
DA:17,1
DA:18,1
DA:19,1
DA:20,1
LF:11
LH:11
BRF:0
BRH:0
end_of_record
TN:
SF:/Users/chimereucheya/Documents/more-recipes/server/routes/recipes.js
FN:11,recipeRoutes
FNF:1
FNH:1
FNDA:1,recipeRoutes
DA:1,1
DA:2,1
DA:11,1
DA:12,1
DA:13,1
DA:14,1
DA:15,1
DA:16,1
DA:17,1
DA:18,1
LF:10
LH:10
BRF:0
BRH:0
end_of_record
TN:
SF:/Users/chimereucheya/Documents/more-recipes/server/routes/reviews.js
FN:11,reviewRoutes
FNF:1
FNH:1
FNDA:1,reviewRoutes
DA:1,1
DA:2,1
DA:11,1
DA:12,1
DA:13,1
LF:5
LH:5
BRF:0
BRH:0
end_of_record
TN:
SF:/Users/chimereucheya/Documents/more-recipes/server/routes/users.js
FN:15,userRoutes
FNF:1
FNH:1
FNDA:1,userRoutes
DA:1,1
DA:2,1
DA:3,1
DA:6,1
DA:15,1
DA:16,1
DA:17,1
DA:18,1
DA:19,1
DA:24,1
LF:10
LH:10
BRF:0
BRH:0
end_of_record
TN:
SF:/Users/chimereucheya/Documents/more-recipes/server/routes/votes.js
FN:11,voteRoutes
FNF:1
FNH:1
FNDA:1,voteRoutes
DA:1,1
DA:2,1
DA:11,1
DA:12,1
DA:13,1
DA:14,1
LF:6
LH:6
BRF:0
BRH:0
end_of_record
TN:
SF:/Users/chimereucheya/Documents/more-recipes/server/tests/index.spec.js
FNF:0
FNH:0
DA:1,1
DA:2,1
DA:3,1
DA:4,1
DA:5,1
LF:5
LH:5
BRF:0
BRH:0
end_of_record
TN:
SF:/Users/chimereucheya/Documents/more-recipes/server/tests/api/favorite.spec.js
FN:11,(anonymous_1)
FN:12,(anonymous_2)
FN:16,(anonymous_3)
FN:24,(anonymous_4)
FN:32,(anonymous_5)
FN:39,(anonymous_6)
FN:47,(anonymous_7)
FN:54,(anonymous_8)
FN:59,(anonymous_9)
FN:66,(anonymous_10)
FN:74,(anonymous_11)
FN:81,(anonymous_12)
FN:86,(anonymous_13)
FN:93,(anonymous_14)
FN:98,(anonymous_15)
FN:104,(anonymous_16)
FN:109,(anonymous_17)
FN:115,(anonymous_18)
FN:119,(anonymous_19)
FN:127,(anonymous_20)
FN:131,(anonymous_21)
FN:138,(anonymous_22)
FN:142,(anonymous_23)
FN:149,(anonymous_24)
FN:154,(anonymous_25)
FNF:25
FNH:25
FNDA:1,(anonymous_1)
FNDA:1,(anonymous_2)
FNDA:1,(anonymous_3)
FNDA:1,(anonymous_4)
FNDA:1,(anonymous_5)
FNDA:1,(anonymous_6)
FNDA:1,(anonymous_7)
FNDA:1,(anonymous_8)
FNDA:1,(anonymous_9)
FNDA:1,(anonymous_10)
FNDA:1,(anonymous_11)
FNDA:1,(anonymous_12)
FNDA:1,(anonymous_13)
FNDA:1,(anonymous_14)
FNDA:1,(anonymous_15)
FNDA:1,(anonymous_16)
FNDA:1,(anonymous_17)
FNDA:1,(anonymous_18)
FNDA:1,(anonymous_19)
FNDA:1,(anonymous_20)
FNDA:1,(anonymous_21)
FNDA:1,(anonymous_22)
FNDA:1,(anonymous_23)
FNDA:1,(anonymous_24)
FNDA:1,(anonymous_25)
DA:1,1
DA:2,1
DA:3,1
DA:4,1
DA:5,1
DA:7,1
DA:9,1
DA:11,1
DA:12,1
DA:13,1
DA:17,1
DA:18,1
DA:19,1
DA:20,1
DA:24,1
DA:25,1
DA:33,1
DA:34,1
DA:35,1
DA:39,1
DA:40,1
DA:48,1
DA:49,1
DA:50,1
DA:54,1
DA:55,1
DA:60,1
DA:61,1
DA:62,1
DA:66,1
DA:67,1
DA:75,1
DA:76,1
DA:77,1
DA:81,1
DA:82,1
DA:87,1
DA:88,1
DA:89,1
DA:93,1
DA:94,1
DA:99,1
DA:100,1
DA:104,1
DA:105,1
DA:110,1
DA:111,1
DA:115,1
DA:116,1
DA:120,1
DA:121,1
DA:122,1
DA:126,1
DA:128,1
DA:132,1
DA:133,1
DA:134,1
DA:138,1
DA:139,1
DA:143,1
DA:144,1
DA:145,1
DA:149,1
DA:150,1
DA:155,1
DA:156,1
DA:157,1
DA:158,1
LF:68
LH:68
BRF:0
BRH:0
end_of_record
TN:
SF:/Users/chimereucheya/Documents/more-recipes/server/tests/api/recipes.spec.js
FN:20,(anonymous_1)
FN:21,(anonymous_2)
FN:25,(anonymous_3)
FN:34,(anonymous_4)
FN:42,(anonymous_5)
FN:47,(anonymous_6)
FN:54,(anonymous_7)
FN:58,(anonymous_8)
FN:66,(anonymous_9)
FN:70,(anonymous_10)
FN:78,(anonymous_11)
FN:82,(anonymous_12)
FN:90,(anonymous_13)
FN:94,(anonymous_14)
FN:101,(anonymous_15)
FN:105,(anonymous_16)
FN:113,(anonymous_17)
FN:117,(anonymous_18)
FN:124,(anonymous_19)
FN:128,(anonymous_20)
FN:136,(anonymous_21)
FN:140,(anonymous_22)
FN:148,(anonymous_23)
FN:152,(anonymous_24)
FN:160,(anonymous_25)
FN:163,(anonymous_26)
FN:171,(anonymous_27)
FN:174,(anonymous_28)
FN:182,(anonymous_29)
FN:185,(anonymous_30)
FN:191,(anonymous_31)
FN:194,(anonymous_32)
FN:201,(anonymous_33)
FN:206,(anonymous_34)
FN:212,(anonymous_35)
FN:215,(anonymous_36)
FN:222,(anonymous_37)
FN:227,(anonymous_38)
FN:233,(anonymous_39)
FN:236,(anonymous_40)
FN:244,(anonymous_41)
FN:254,(anonymous_42)
FN:261,(anonymous_43)
FN:264,(anonymous_44)
FN:271,(anonymous_45)
FN:274,(anonymous_46)
FN:281,(anonymous_47)
FN:286,(anonymous_48)
FN:292,(anonymous_49)
FN:297,(anonymous_50)
FNF:50
FNH:50
FNDA:1,(anonymous_1)
FNDA:1,(anonymous_2)
FNDA:1,(anonymous_3)
FNDA:1,(anonymous_4)
FNDA:1,(anonymous_5)
FNDA:1,(anonymous_6)
FNDA:1,(anonymous_7)
FNDA:1,(anonymous_8)
FNDA:1,(anonymous_9)
FNDA:1,(anonymous_10)
FNDA:1,(anonymous_11)
FNDA:1,(anonymous_12)
FNDA:1,(anonymous_13)
FNDA:1,(anonymous_14)
FNDA:1,(anonymous_15)
FNDA:1,(anonymous_16)
FNDA:1,(anonymous_17)
FNDA:1,(anonymous_18)
FNDA:1,(anonymous_19)
FNDA:1,(anonymous_20)
FNDA:1,(anonymous_21)
FNDA:1,(anonymous_22)
FNDA:1,(anonymous_23)
FNDA:1,(anonymous_24)
FNDA:1,(anonymous_25)
FNDA:1,(anonymous_26)
FNDA:1,(anonymous_27)
FNDA:1,(anonymous_28)
FNDA:1,(anonymous_29)
FNDA:1,(anonymous_30)
FNDA:1,(anonymous_31)
FNDA:1,(anonymous_32)
FNDA:1,(anonymous_33)
FNDA:1,(anonymous_34)
FNDA:1,(anonymous_35)
FNDA:1,(anonymous_36)
FNDA:1,(anonymous_37)
FNDA:1,(anonymous_38)
FNDA:1,(anonymous_39)
FNDA:1,(anonymous_40)
FNDA:1,(anonymous_41)
FNDA:1,(anonymous_42)
FNDA:1,(anonymous_43)
FNDA:1,(anonymous_44)
FNDA:1,(anonymous_45)
FNDA:1,(anonymous_46)
FNDA:1,(anonymous_47)
FNDA:1,(anonymous_48)
FNDA:1,(anonymous_49)
FNDA:1,(anonymous_50)
DA:1,1
DA:2,1
DA:3,1
DA:4,1
DA:5,1
DA:11,1
DA:14,1
DA:16,1
DA:17,1
DA:18,1
DA:20,1
DA:21,1
DA:22,1
DA:26,1
DA:27,1
DA:28,1
DA:31,1
DA:35,1
DA:36,1
DA:37,1
DA:38,1
DA:42,1
DA:43,1
DA:48,1
DA:49,1
DA:50,1
DA:54,1
DA:55,1
DA:59,1
DA:60,1
DA:61,1
DA:66,1
DA:67,1
DA:71,1
DA:72,1
DA:73,1
DA:78,1
DA:79,1
DA:83,1
DA:84,1
DA:85,1
DA:90,1
DA:91,1
DA:95,1
DA:96,1
DA:97,1
DA:101,1
DA:102,1
DA:106,1
DA:107,1
DA:108,1
DA:113,1
DA:114,1
DA:118,1
DA:119,1
DA:120,1
DA:124,1
DA:125,1
DA:129,1
DA:130,1
DA:132,1
DA:136,1
DA:137,1
DA:141,1
DA:142,1
DA:144,1
DA:148,1
DA:149,1
DA:153,1
DA:154,1
DA:156,1
DA:160,1
DA:161,1
DA:164,1
DA:165,1
DA:167,1
DA:171,1
DA:172,1
DA:175,1
DA:176,1
DA:178,1
DA:182,1
DA:183,1
DA:186,1
DA:187,1
DA:191,1
DA:192,1
DA:195,1
DA:196,1
DA:200,1
DA:202,1
DA:207,1
DA:208,1
DA:212,1
DA:213,1
DA:216,1
DA:217,1
DA:221,1
DA:223,1
DA:228,1
DA:229,1
DA:233,1
DA:234,1
DA:237,1
DA:238,1
DA:240,1
DA:244,1
DA:245,1
DA:255,1
DA:256,1
DA:257,1
DA:261,1
DA:262,1
DA:265,1
DA:266,1
DA:267,1
DA:271,1
DA:272,1
DA:275,1
DA:276,1
DA:277,1
DA:281,1
DA:282,1
DA:287,1
DA:288,1
DA:292,1
DA:293,1
DA:298,1
DA:299,1
DA:300,1
LF:130
LH:130
BRF:0
BRH:0
end_of_record
TN:
SF:/Users/chimereucheya/Documents/more-recipes/server/tests/api/reviews.spec.js
FN:11,(anonymous_1)
FN:12,(anonymous_2)
FN:16,(anonymous_3)
FN:24,(anonymous_4)
FN:32,(anonymous_5)
FN:39,(anonymous_6)
FN:47,(anonymous_7)
FN:54,(anonymous_8)
FN:62,(anonymous_9)
FN:69,(anonymous_10)
FN:74,(anonymous_11)
FN:81,(anonymous_12)
FN:86,(anonymous_13)
FNF:13
FNH:13
FNDA:1,(anonymous_1)
FNDA:1,(anonymous_2)
FNDA:1,(anonymous_3)
FNDA:1,(anonymous_4)
FNDA:1,(anonymous_5)
FNDA:1,(anonymous_6)
FNDA:1,(anonymous_7)
FNDA:1,(anonymous_8)
FNDA:1,(anonymous_9)
FNDA:1,(anonymous_10)
FNDA:1,(anonymous_11)
FNDA:1,(anonymous_12)
FNDA:1,(anonymous_13)
DA:1,1
DA:2,1
DA:3,1
DA:4,1
DA:5,1
DA:7,1
DA:9,1
DA:11,1
DA:12,1
DA:13,1
DA:17,1
DA:18,1
DA:19,1
DA:20,1
DA:24,1
DA:25,1
DA:33,1
DA:34,1
DA:35,1
DA:39,1
DA:40,1
DA:48,1
DA:49,1
DA:50,1
DA:54,1
DA:55,1
DA:63,1
DA:64,1
DA:65,1
DA:69,1
DA:70,1
DA:75,1
DA:76,1
DA:77,1
DA:81,1
DA:82,1
DA:87,1
DA:88,1
LF:38
LH:38
BRF:0
BRH:0
end_of_record
TN:
SF:/Users/chimereucheya/Documents/more-recipes/server/tests/api/users.spec.js
FN:16,(anonymous_1)
FN:17,(anonymous_2)
FN:20,(anonymous_3)
FN:27,(anonymous_4)
FN:31,(anonymous_5)
FN:39,(anonymous_6)
FN:43,(anonymous_7)
FN:50,(anonymous_8)
FN:54,(anonymous_9)
FN:61,(anonymous_10)
FN:65,(anonymous_11)
FN:72,(anonymous_12)
FN:76,(anonymous_13)
FN:83,(anonymous_14)
FN:87,(anonymous_15)
FN:94,(anonymous_16)
FN:98,(anonymous_17)
FN:107,(anonymous_18)
FN:111,(anonymous_19)
FN:120,(anonymous_20)
FN:124,(anonymous_21)
FN:133,(anonymous_22)
FN:137,(anonymous_23)
FN:148,(anonymous_24)
FN:152,(anonymous_25)
FN:163,(anonymous_26)
FN:167,(anonymous_27)
FN:176,(anonymous_28)
FN:180,(anonymous_29)
FN:188,(anonymous_30)
FN:191,(anonymous_31)
FN:198,(anonymous_32)
FN:201,(anonymous_33)
FN:214,(anonymous_34)
FN:222,(anonymous_35)
FNF:35
FNH:35
FNDA:1,(anonymous_1)
FNDA:1,(anonymous_2)
FNDA:1,(anonymous_3)
FNDA:1,(anonymous_4)
FNDA:1,(anonymous_5)
FNDA:1,(anonymous_6)
FNDA:1,(anonymous_7)
FNDA:1,(anonymous_8)
FNDA:1,(anonymous_9)
FNDA:1,(anonymous_10)
FNDA:1,(anonymous_11)
FNDA:1,(anonymous_12)
FNDA:1,(anonymous_13)
FNDA:1,(anonymous_14)
FNDA:1,(anonymous_15)
FNDA:1,(anonymous_16)
FNDA:1,(anonymous_17)
FNDA:1,(anonymous_18)
FNDA:1,(anonymous_19)
FNDA:1,(anonymous_20)
FNDA:1,(anonymous_21)
FNDA:1,(anonymous_22)
FNDA:1,(anonymous_23)
FNDA:1,(anonymous_24)
FNDA:1,(anonymous_25)
FNDA:1,(anonymous_26)
FNDA:1,(anonymous_27)
FNDA:1,(anonymous_28)
FNDA:1,(anonymous_29)
FNDA:1,(anonymous_30)
FNDA:1,(anonymous_31)
FNDA:1,(anonymous_32)
FNDA:1,(anonymous_33)
FNDA:1,(anonymous_34)
FNDA:1,(anonymous_35)
DA:1,1
DA:2,1
DA:3,1
DA:4,1
DA:9,1
DA:12,1
DA:14,1
DA:16,1
DA:17,1
DA:18,1
DA:21,1
DA:22,1
DA:23,1
DA:27,1
DA:28,1
DA:32,1
DA:33,1
DA:34,1
DA:39,1
DA:40,1
DA:44,1
DA:45,1
DA:46,1
DA:50,1
DA:51,1
DA:55,1
DA:56,1
DA:57,1
DA:61,1
DA:62,1
DA:66,1
DA:67,1
DA:68,1
DA:72,1
DA:73,1
DA:77,1
DA:78,1
DA:79,1
DA:83,1
DA:84,1
DA:88,1
DA:89,1
DA:90,1
DA:94,1
DA:95,1
DA:99,1
DA:100,1
DA:101,1
DA:105,1
DA:108,1
DA:112,1
DA:113,1
DA:115,1
DA:120,1
DA:121,1
DA:125,1
DA:126,1
DA:127,1
DA:129,1
DA:133,1
DA:134,1
DA:138,1
DA:139,1
DA:140,1
DA:142,1
DA:146,1
DA:149,1
DA:153,1
DA:154,1
DA:156,1
DA:161,1
DA:164,1
DA:168,1
DA:169,1
DA:171,1
DA:176,1
DA:177,1
DA:181,1
DA:182,1
DA:183,1
DA:184,1
DA:188,1
DA:189,1
DA:192,1
DA:193,1
DA:194,1
DA:198,1
DA:199,1
DA:202,1
DA:203,1
DA:209,1
DA:210,1
DA:214,1
DA:215,1
DA:223,1
DA:229,1
DA:230,1
DA:231,1
DA:232,1
LF:99
LH:99
BRF:0
BRH:0
end_of_record
TN:
SF:/Users/chimereucheya/Documents/more-recipes/server/tests/api/votes.spec.js
FN:11,(anonymous_1)
FN:12,(anonymous_2)
FN:16,(anonymous_3)
FN:25,(anonymous_4)
FN:33,(anonymous_5)
FN:40,(anonymous_6)
FN:48,(anonymous_7)
FN:55,(anonymous_8)
FN:62,(anonymous_9)
FN:69,(anonymous_10)
FN:77,(anonymous_11)
FN:83,(anonymous_12)
FN:91,(anonymous_13)
FN:97,(anonymous_14)
FN:105,(anonymous_15)
FN:111,(anonymous_16)
FN:119,(anonymous_17)
FNF:17
FNH:17
FNDA:1,(anonymous_1)
FNDA:1,(anonymous_2)
FNDA:1,(anonymous_3)
FNDA:1,(anonymous_4)
FNDA:1,(anonymous_5)
FNDA:1,(anonymous_6)
FNDA:1,(anonymous_7)
FNDA:1,(anonymous_8)
FNDA:1,(anonymous_9)
FNDA:1,(anonymous_10)
FNDA:1,(anonymous_11)
FNDA:1,(anonymous_12)
FNDA:1,(anonymous_13)
FNDA:1,(anonymous_14)
FNDA:1,(anonymous_15)
FNDA:1,(anonymous_16)
FNDA:1,(anonymous_17)
DA:1,1
DA:2,1
DA:3,1
DA:4,1
DA:5,1
DA:7,1
DA:9,1
DA:11,1
DA:12,1
DA:13,1
DA:17,1
DA:18,1
DA:19,1
DA:20,1
DA:25,1
DA:26,1
DA:34,1
DA:35,1
DA:36,1
DA:40,1
DA:41,1
DA:49,1
DA:50,1
DA:51,1
DA:55,1
DA:56,1
DA:63,1
DA:64,1
DA:65,1
DA:69,1
DA:70,1
DA:78,1
DA:79,1
DA:80,1
DA:83,1
DA:84,1
DA:92,1
DA:93,1
DA:94,1
DA:97,1
DA:98,1
DA:106,1
DA:107,1
DA:108,1
DA:111,1
DA:112,1
DA:120,1
DA:121,1
DA:122,1
LF:49
LH:49
BRF:0
BRH:0
end_of_record
TN:
SF:/Users/chimereucheya/Documents/more-recipes/server/tests/helpers/recipeHelper.js
FNF:0
FNH:0
DA:1,1
DA:8,1
DA:15,1
DA:22,1
DA:29,1
DA:36,1
DA:43,1
DA:50,1
DA:57,1
DA:65,1
DA:73,1
DA:81,1
LF:12
LH:12
BRF:0
BRH:0
end_of_record
TN:
SF:/Users/chimereucheya/Documents/more-recipes/server/tests/helpers/userHelper.js
FNF:0
FNH:0
DA:2,1
DA:8,1
DA:14,1
DA:21,1
DA:27,1
DA:33,1
DA:39,1
DA:46,1
DA:53,1
DA:60,1
DA:67,1
DA:72,1
DA:77,1
DA:81,1
LF:14
LH:14
BRF:0
BRH:0
end_of_record
TN:
SF:/Users/chimereucheya/Documents/more-recipes/server/utils/pagination.js
FN:10,pagination
FN:27,paginates
FNF:2
FNH:2
FNDA:4,pagination
FNDA:1,paginates
DA:10,1
DA:16,4
DA:17,4
DA:18,4
DA:19,4
DA:20,4
DA:21,4
DA:22,4
DA:24,4
DA:27,1
DA:28,1
DA:29,1
DA:30,1
DA:31,1
LF:14
LH:14
BRDA:17,0,0,4
BRDA:17,0,1,0
BRDA:18,1,0,0
BRDA:18,1,1,4
BRDA:30,2,0,0
BRDA:30,2,1,1
BRF:6
BRH:3
end_of_record
TN:
SF:/Users/chimereucheya/Documents/more-recipes/server/utils/token.js
FNF:0
FNH:0
DA:1,1
DA:2,1
DA:4,1
DA:7,3
DA:10,12
DA:12,3
LF:6
LH:6
BRF:0
BRH:0
end_of_record
TN:
SF:/Users/chimereucheya/Documents/more-recipes/server/validations/validateInput.js
FN:4,validateInput
FN:48,signInValidator
FN:54,(anonymous_3)
FNF:3
FNH:2
FNDA:10,validateInput
FNDA:8,signInValidator
FNDA:0,(anonymous_3)
DA:1,1
DA:2,1
DA:4,1
DA:7,40
DA:8,10
DA:9,10
DA:11,10
DA:12,1
DA:13,9
DA:14,1
DA:17,10
DA:18,1
DA:19,9
DA:20,1
DA:23,10
DA:24,1
DA:25,9
DA:26,1
DA:29,10
DA:30,1
DA:31,9
DA:32,1
DA:35,10
DA:48,1
DA:49,8
DA:50,8
DA:52,8
DA:53,8
DA:54,0
DA:55,0
DA:59,8
LF:31
LH:29
BRDA:11,0,0,1
BRDA:11,0,1,9
BRDA:13,1,0,1
BRDA:13,1,1,8
BRDA:17,2,0,1
BRDA:17,2,1,9
BRDA:19,3,0,1
BRDA:19,3,1,8
BRDA:23,4,0,1
BRDA:23,4,1,9
BRDA:25,5,0,1
BRDA:25,5,1,8
BRDA:29,6,0,1
BRDA:29,6,1,9
BRDA:31,7,0,1
BRDA:31,7,1,8
BRDA:53,8,0,0
BRDA:53,8,1,8
BRF:18
BRH:17
end_of_record
TN:
SF:/Users/chimereucheya/Documents/more-recipes/server/validations/validateRecipe.js
FN:10,validateRecipe
FNF:1
FNH:1
FNDA:10,validateRecipe
DA:1,1
DA:10,1
DA:13,40
DA:14,10
DA:15,10
DA:16,1
DA:17,9
DA:18,1
DA:21,10
DA:22,1
DA:23,9
DA:24,1
DA:27,10
DA:28,1
DA:29,9
DA:30,1
DA:33,10
DA:34,1
DA:35,9
DA:36,1
DA:39,10
LF:21
LH:21
BRDA:15,0,0,1
BRDA:15,0,1,9
BRDA:17,1,0,1
BRDA:17,1,1,8
BRDA:21,2,0,1
BRDA:21,2,1,9
BRDA:23,3,0,1
BRDA:23,3,1,8
BRDA:27,4,0,1
BRDA:27,4,1,9
BRDA:29,5,0,1
BRDA:29,5,1,8
BRDA:33,6,0,1
BRDA:33,6,1,9
BRDA:35,7,0,1
BRDA:35,7,1,8
BRF:16
BRH:16
end_of_record
